<?xml version="1.0" encoding="UTF-8"?>
<coverage generated="1739976139210" clover="3.2.0">
  <project timestamp="1739976139210" name="All files">
    <metrics statements="2479" coveredstatements="260" conditionals="892" coveredconditionals="29" methods="311" coveredmethods="23" elements="3682" coveredelements="312" complexity="0" loc="2479" ncloc="2479" packages="4" files="16" classes="16"/>
    <package name="dlmm">
      <metrics statements="1335" coveredstatements="58" conditionals="523" coveredconditionals="6" methods="149" coveredmethods="5"/>
      <file name="error.ts" path="/workdir/dlmm-sdk/ts-client/src/dlmm/error.ts">
        <metrics statements="26" coveredstatements="5" conditionals="4" coveredconditionals="0" methods="3" coveredmethods="0"/>
        <line num="1" count="5" type="stmt"/>
        <line num="2" count="5" type="stmt"/>
        <line num="3" count="5" type="stmt"/>
        <line num="8" count="5" type="stmt"/>
        <line num="14" count="0" type="stmt"/>
        <line num="15" count="0" type="stmt"/>
        <line num="16" count="0" type="stmt"/>
        <line num="18" count="0" type="cond" truecount="0" falsecount="2"/>
        <line num="19" count="0" type="stmt"/>
        <line num="23" count="0" type="cond" truecount="0" falsecount="1"/>
        <line num="26" count="0" type="stmt"/>
        <line num="27" count="0" type="stmt"/>
        <line num="28" count="0" type="stmt"/>
        <line num="31" count="0" type="stmt"/>
        <line num="33" count="0" type="cond" truecount="0" falsecount="1"/>
        <line num="34" count="0" type="stmt"/>
        <line num="35" count="0" type="stmt"/>
        <line num="36" count="0" type="stmt"/>
        <line num="40" count="0" type="stmt"/>
        <line num="42" count="0" type="stmt"/>
        <line num="43" count="0" type="stmt"/>
        <line num="44" count="0" type="stmt"/>
        <line num="51" count="5" type="stmt"/>
        <line num="56" count="0" type="stmt"/>
        <line num="57" count="0" type="stmt"/>
        <line num="58" count="0" type="stmt"/>
      </file>
      <file name="idl.ts" path="/workdir/dlmm-sdk/ts-client/src/dlmm/idl.ts">
        <metrics statements="1" coveredstatements="1" conditionals="0" coveredconditionals="0" methods="0" coveredmethods="0"/>
        <line num="5382" count="6" type="stmt"/>
      </file>
      <file name="index.ts" path="/workdir/dlmm-sdk/ts-client/src/dlmm/index.ts">
        <metrics statements="1308" coveredstatements="52" conditionals="519" coveredconditionals="6" methods="146" coveredmethods="5"/>
        <line num="1" count="5" type="stmt"/>
        <line num="2" count="5" type="stmt"/>
        <line num="3" count="5" type="stmt"/>
        <line num="12" count="5" type="stmt"/>
        <line num="24" count="5" type="stmt"/>
        <line num="25" count="5" type="stmt"/>
        <line num="40" count="5" type="stmt"/>
        <line num="41" count="5" type="stmt"/>
        <line num="77" count="5" type="stmt"/>
        <line num="90" count="5" type="stmt"/>
        <line num="91" count="5" type="stmt"/>
        <line num="140" count="5" type="stmt"/>
        <line num="147" count="5" type="stmt"/>
        <line num="149" count="23" type="stmt"/>
        <line num="150" count="23" type="stmt"/>
        <line num="151" count="23" type="stmt"/>
        <line num="152" count="23" type="stmt"/>
        <line num="153" count="23" type="stmt"/>
        <line num="154" count="23" type="stmt"/>
        <line num="155" count="23" type="stmt"/>
        <line num="156" count="23" type="stmt"/>
        <line num="175" count="1" type="stmt"/>
        <line num="180" count="1" type="stmt"/>
        <line num="186" count="1" type="stmt"/>
        <line num="197" count="0" type="cond" truecount="0" falsecount="2"/>
        <line num="199" count="0" type="stmt"/>
        <line num="204" count="0" type="stmt"/>
        <line num="210" count="0" type="stmt"/>
        <line num="211" count="0" type="stmt"/>
        <line num="218" count="0" type="stmt"/>
        <line num="219" count="0" type="cond" truecount="0" falsecount="1"/>
        <line num="221" count="0" type="stmt"/>
        <line num="228" count="0" type="stmt"/>
        <line num="229" count="0" type="cond" truecount="0" falsecount="3"/>
        <line num="230" count="0" type="stmt"/>
        <line num="233" count="0" type="stmt"/>
        <line num="235" count="0" type="stmt"/>
        <line num="253" count="23" type="cond" truecount="2" falsecount="0"/>
        <line num="255" count="23" type="stmt"/>
        <line num="260" count="23" type="stmt"/>
        <line num="266" count="23" type="stmt"/>
        <line num="270" count="23" type="stmt"/>
        <line num="276" count="23" type="stmt"/>
        <line num="280" count="23" type="stmt"/>
        <line num="281" count="23" type="cond" truecount="0" falsecount="1"/>
        <line num="282" count="0" type="stmt"/>
        <line num="283" count="23" type="stmt"/>
        <line num="287" count="23" type="stmt"/>
        <line num="288" count="23" type="stmt"/>
        <line num="289" count="23" type="cond" truecount="0" falsecount="1"/>
        <line num="290" count="0" type="stmt"/>
        <line num="296" count="23" type="stmt"/>
        <line num="297" count="23" type="cond" truecount="0" falsecount="1"/>
        <line num="298" count="23" type="stmt"/>
        <line num="300" count="23" type="stmt"/>
        <line num="310" count="23" type="cond" truecount="0" falsecount="1"/>
        <line num="311" count="0" type="stmt"/>
        <line num="317" count="23" type="stmt"/>
        <line num="318" count="23" type="stmt"/>
        <line num="319" count="23" type="stmt"/>
        <line num="322" count="23" type="stmt"/>
        <line num="325" count="23" type="stmt"/>
        <line num="331" count="23" type="stmt"/>
        <line num="337" count="23" type="stmt"/>
        <line num="363" count="0" type="cond" truecount="0" falsecount="2"/>
        <line num="365" count="0" type="stmt"/>
        <line num="370" count="0" type="stmt"/>
        <line num="376" count="0" type="stmt"/>
        <line num="377" count="0" type="stmt"/>
        <line num="379" count="0" type="stmt"/>
        <line num="385" count="0" type="stmt"/>
        <line num="390" count="0" type="stmt"/>
        <line num="391" count="0" type="stmt"/>
        <line num="392" count="0" type="cond" truecount="0" falsecount="1"/>
        <line num="393" count="0" type="stmt"/>
        <line num="395" count="0" type="stmt"/>
        <line num="396" count="0" type="stmt"/>
        <line num="397" count="0" type="stmt"/>
        <line num="398" count="0" type="stmt"/>
        <line num="399" count="0" type="cond" truecount="0" falsecount="1"/>
        <line num="400" count="0" type="stmt"/>
        <line num="401" count="0" type="stmt"/>
        <line num="405" count="0" type="stmt"/>
        <line num="408" count="0" type="stmt"/>
        <line num="412" count="0" type="stmt"/>
        <line num="413" count="0" type="stmt"/>
        <line num="414" count="0" type="stmt"/>
        <line num="415" count="0" type="stmt"/>
        <line num="416" count="0" type="cond" truecount="0" falsecount="1"/>
        <line num="417" count="0" type="stmt"/>
        <line num="421" count="0" type="stmt"/>
        <line num="428" count="0" type="stmt"/>
        <line num="429" count="0" type="stmt"/>
        <line num="432" count="0" type="stmt"/>
        <line num="433" count="0" type="stmt"/>
        <line num="437" count="0" type="stmt"/>
        <line num="442" count="0" type="stmt"/>
        <line num="444" count="0" type="stmt"/>
        <line num="445" count="0" type="cond" truecount="0" falsecount="1"/>
        <line num="446" count="0" type="stmt"/>
        <line num="448" count="0" type="stmt"/>
        <line num="451" count="0" type="stmt"/>
        <line num="454" count="0" type="stmt"/>
        <line num="455" count="0" type="cond" truecount="0" falsecount="1"/>
        <line num="456" count="0" type="stmt"/>
        <line num="462" count="0" type="stmt"/>
        <line num="464" count="0" type="stmt"/>
        <line num="466" count="0" type="stmt"/>
        <line num="468" count="0" type="stmt"/>
        <line num="472" count="0" type="cond" truecount="0" falsecount="3"/>
        <line num="473" count="0" type="stmt"/>
        <line num="477" count="0" type="stmt"/>
        <line num="478" count="0" type="stmt"/>
        <line num="479" count="0" type="stmt"/>
        <line num="482" count="0" type="stmt"/>
        <line num="485" count="0" type="stmt"/>
        <line num="491" count="0" type="stmt"/>
        <line num="497" count="0" type="stmt"/>
        <line num="510" count="0" type="stmt"/>
        <line num="514" count="0" type="stmt"/>
        <line num="519" count="0" type="stmt"/>
        <line num="525" count="0" type="stmt"/>
        <line num="526" count="0" type="stmt"/>
        <line num="545" count="0" type="cond" truecount="0" falsecount="2"/>
        <line num="547" count="0" type="stmt"/>
        <line num="552" count="0" type="stmt"/>
        <line num="558" count="0" type="stmt"/>
        <line num="567" count="0" type="stmt"/>
        <line num="568" count="0" type="stmt"/>
        <line num="569" count="0" type="stmt"/>
        <line num="570" count="0" type="stmt"/>
        <line num="571" count="0" type="stmt"/>
        <line num="573" count="0" type="stmt"/>
        <line num="578" count="0" type="stmt"/>
        <line num="583" count="0" type="stmt"/>
        <line num="584" count="0" type="stmt"/>
        <line num="585" count="0" type="stmt"/>
        <line num="587" count="0" type="stmt"/>
        <line num="588" count="0" type="stmt"/>
        <line num="590" count="0" type="stmt"/>
        <line num="591" count="0" type="stmt"/>
        <line num="595" count="0" type="stmt"/>
        <line num="601" count="0" type="stmt"/>
        <line num="603" count="0" type="stmt"/>
        <line num="604" count="0" type="stmt"/>
        <line num="609" count="0" type="stmt"/>
        <line num="612" count="0" type="stmt"/>
        <line num="613" count="0" type="cond" truecount="0" falsecount="1"/>
        <line num="614" count="0" type="stmt"/>
        <line num="618" count="0" type="stmt"/>
        <line num="622" count="0" type="stmt"/>
        <line num="623" count="0" type="stmt"/>
        <line num="625" count="0" type="stmt"/>
        <line num="630" count="0" type="stmt"/>
        <line num="633" count="0" type="stmt"/>
        <line num="634" count="0" type="cond" truecount="0" falsecount="1"/>
        <line num="635" count="0" type="stmt"/>
        <line num="636" count="0" type="stmt"/>
        <line num="640" count="0" type="stmt"/>
        <line num="643" count="0" type="stmt"/>
        <line num="644" count="0" type="stmt"/>
        <line num="652" count="0" type="stmt"/>
        <line num="657" count="0" type="stmt"/>
        <line num="661" count="0" type="stmt"/>
        <line num="665" count="0" type="stmt"/>
        <line num="666" count="0" type="stmt"/>
        <line num="668" count="0" type="stmt"/>
        <line num="670" count="0" type="stmt"/>
        <line num="671" count="0" type="cond" truecount="0" falsecount="3"/>
        <line num="672" count="0" type="stmt"/>
        <line num="675" count="0" type="stmt"/>
        <line num="676" count="0" type="stmt"/>
        <line num="678" count="0" type="stmt"/>
        <line num="684" count="0" type="stmt"/>
        <line num="686" count="0" type="stmt"/>
        <line num="687" count="0" type="cond" truecount="0" falsecount="3"/>
        <line num="688" count="0" type="stmt"/>
        <line num="691" count="0" type="stmt"/>
        <line num="692" count="0" type="stmt"/>
        <line num="693" count="0" type="stmt"/>
        <line num="699" count="0" type="stmt"/>
        <line num="715" count="0" type="stmt"/>
        <line num="716" count="0" type="stmt"/>
        <line num="717" count="0" type="stmt"/>
        <line num="719" count="0" type="stmt"/>
        <line num="720" count="0" type="stmt"/>
        <line num="721" count="0" type="stmt"/>
        <line num="723" count="0" type="stmt"/>
        <line num="728" count="0" type="stmt"/>
        <line num="733" count="0" type="stmt"/>
        <line num="736" count="0" type="stmt"/>
        <line num="740" count="0" type="stmt"/>
        <line num="741" count="0" type="stmt"/>
        <line num="746" count="0" type="cond" truecount="0" falsecount="2"/>
        <line num="748" count="0" type="cond" truecount="0" falsecount="2"/>
        <line num="749" count="0" type="stmt"/>
        <line num="755" count="0" type="stmt"/>
        <line num="761" count="0" type="cond" truecount="0" falsecount="4"/>
        <line num="788" count="0" type="cond" truecount="0" falsecount="1"/>
        <line num="789" count="0" type="stmt"/>
        <line num="806" count="0" type="stmt"/>
        <line num="814" count="1" type="stmt"/>
        <line num="824" count="4" type="stmt"/>
        <line num="825" count="4" type="stmt"/>
        <line num="828" count="4" type="cond" truecount="1" falsecount="1"/>
        <line num="845" count="0" type="stmt"/>
        <line num="850" count="0" type="stmt"/>
        <line num="856" count="0" type="stmt"/>
        <line num="864" count="0" type="stmt"/>
        <line num="865" count="0" type="stmt"/>
        <line num="866" count="0" type="stmt"/>
        <line num="868" count="0" type="stmt"/>
        <line num="869" count="0" type="cond" truecount="0" falsecount="2"/>
        <line num="875" count="0" type="stmt"/>
        <line num="877" count="0" type="stmt"/>
        <line num="886" count="0" type="stmt"/>
        <line num="918" count="0" type="stmt"/>
        <line num="923" count="0" type="stmt"/>
        <line num="929" count="0" type="stmt"/>
        <line num="935" count="0" type="stmt"/>
        <line num="936" count="0" type="stmt"/>
        <line num="937" count="0" type="stmt"/>
        <line num="939" count="0" type="stmt"/>
        <line num="940" count="0" type="cond" truecount="0" falsecount="2"/>
        <line num="946" count="0" type="stmt"/>
        <line num="956" count="0" type="stmt"/>
        <line num="957" count="0" type="stmt"/>
        <line num="959" count="0" type="stmt"/>
        <line num="989" count="0" type="stmt"/>
        <line num="994" count="0" type="stmt"/>
        <line num="1000" count="0" type="stmt"/>
        <line num="1007" count="0" type="cond" truecount="0" falsecount="1"/>
        <line num="1008" count="0" type="stmt"/>
        <line num="1011" count="0" type="stmt"/>
        <line num="1019" count="0" type="stmt"/>
        <line num="1020" count="0" type="stmt"/>
        <line num="1021" count="0" type="stmt"/>
        <line num="1023" count="0" type="stmt"/>
        <line num="1024" count="0" type="cond" truecount="0" falsecount="2"/>
        <line num="1030" count="0" type="stmt"/>
        <line num="1054" count="0" type="stmt"/>
        <line num="1063" count="0" type="stmt"/>
        <line num="1070" count="0" type="stmt"/>
        <line num="1074" count="0" type="cond" truecount="0" falsecount="1"/>
        <line num="1075" count="0" type="stmt"/>
        <line num="1080" count="0" type="cond" truecount="0" falsecount="1"/>
        <line num="1081" count="0" type="stmt"/>
        <line num="1088" count="0" type="stmt"/>
        <line num="1089" count="0" type="stmt"/>
        <line num="1090" count="0" type="stmt"/>
        <line num="1101" count="0" type="stmt"/>
        <line num="1107" count="0" type="stmt"/>
        <line num="1114" count="0" type="stmt"/>
        <line num="1122" count="0" type="stmt"/>
        <line num="1144" count="0" type="stmt"/>
        <line num="1146" count="0" type="stmt"/>
        <line num="1148" count="0" type="stmt"/>
        <line num="1149" count="0" type="stmt"/>
        <line num="1151" count="0" type="stmt"/>
        <line num="1152" count="0" type="stmt"/>
        <line num="1158" count="0" type="cond" truecount="0" falsecount="2"/>
        <line num="1160" count="0" type="stmt"/>
        <line num="1165" count="0" type="stmt"/>
        <line num="1168" count="0" type="stmt"/>
        <line num="1169" count="0" type="cond" truecount="0" falsecount="2"/>
        <line num="1174" count="0" type="cond" truecount="0" falsecount="1"/>
        <line num="1177" count="0" type="stmt"/>
        <line num="1178" count="0" type="stmt"/>
        <line num="1181" count="0" type="stmt"/>
        <line num="1186" count="0" type="stmt"/>
        <line num="1188" count="0" type="stmt"/>
        <line num="1192" count="0" type="stmt"/>
        <line num="1193" count="0" type="stmt"/>
        <line num="1200" count="0" type="stmt"/>
        <line num="1207" count="0" type="stmt"/>
        <line num="1208" count="0" type="stmt"/>
        <line num="1211" count="0" type="stmt"/>
        <line num="1215" count="0" type="stmt"/>
        <line num="1227" count="0" type="stmt"/>
        <line num="1230" count="0" type="stmt"/>
        <line num="1232" count="0" type="stmt"/>
        <line num="1236" count="0" type="stmt"/>
        <line num="1248" count="0" type="stmt"/>
        <line num="1249" count="0" type="stmt"/>
        <line num="1250" count="0" type="stmt"/>
        <line num="1252" count="0" type="stmt"/>
        <line num="1253" count="0" type="stmt"/>
        <line num="1259" count="0" type="stmt"/>
        <line num="1265" count="0" type="stmt"/>
        <line num="1270" count="0" type="stmt"/>
        <line num="1281" count="0" type="stmt"/>
        <line num="1283" count="0" type="stmt"/>
        <line num="1284" count="0" type="cond" truecount="0" falsecount="2"/>
        <line num="1287" count="0" type="stmt"/>
        <line num="1313" count="0" type="stmt"/>
        <line num="1314" count="0" type="stmt"/>
        <line num="1316" count="0" type="stmt"/>
        <line num="1324" count="0" type="stmt"/>
        <line num="1340" count="0" type="stmt"/>
        <line num="1341" count="0" type="stmt"/>
        <line num="1343" count="0" type="stmt"/>
        <line num="1351" count="0" type="stmt"/>
        <line num="1374" count="0" type="stmt"/>
        <line num="1384" count="0" type="stmt"/>
        <line num="1393" count="0" type="stmt"/>
        <line num="1407" count="0" type="stmt"/>
        <line num="1417" count="0" type="stmt"/>
        <line num="1418" count="0" type="stmt"/>
        <line num="1425" count="0" type="stmt"/>
        <line num="1439" count="0" type="stmt"/>
        <line num="1459" count="0" type="stmt"/>
        <line num="1478" count="0" type="stmt"/>
        <line num="1480" count="0" type="cond" truecount="0" falsecount="1"/>
        <line num="1481" count="0" type="stmt"/>
        <line num="1484" count="0" type="cond" truecount="0" falsecount="1"/>
        <line num="1485" count="0" type="stmt"/>
        <line num="1491" count="0" type="cond" truecount="0" falsecount="1"/>
        <line num="1492" count="0" type="stmt"/>
        <line num="1495" count="0" type="stmt"/>
        <line num="1496" count="0" type="stmt"/>
        <line num="1497" count="0" type="stmt"/>
        <line num="1498" count="0" type="stmt"/>
        <line num="1500" count="0" type="stmt"/>
        <line num="1505" count="0" type="stmt"/>
        <line num="1510" count="0" type="stmt"/>
        <line num="1511" count="0" type="stmt"/>
        <line num="1513" count="0" type="stmt"/>
        <line num="1514" count="0" type="stmt"/>
        <line num="1517" count="0" type="stmt"/>
        <line num="1527" count="0" type="stmt"/>
        <line num="1529" count="0" type="stmt"/>
        <line num="1530" count="0" type="stmt"/>
        <line num="1532" count="0" type="stmt"/>
        <line num="1533" count="0" type="stmt"/>
        <line num="1534" count="0" type="cond" truecount="0" falsecount="1"/>
        <line num="1535" count="0" type="stmt"/>
        <line num="1538" count="0" type="stmt"/>
        <line num="1542" count="0" type="stmt"/>
        <line num="1545" count="0" type="cond" truecount="0" falsecount="1"/>
        <line num="1546" count="0" type="stmt"/>
        <line num="1548" count="0" type="stmt"/>
        <line num="1552" count="0" type="stmt"/>
        <line num="1554" count="0" type="stmt"/>
        <line num="1555" count="0" type="stmt"/>
        <line num="1556" count="0" type="stmt"/>
        <line num="1558" count="0" type="stmt"/>
        <line num="1563" count="0" type="stmt"/>
        <line num="1568" count="0" type="stmt"/>
        <line num="1571" count="0" type="stmt"/>
        <line num="1574" count="0" type="stmt"/>
        <line num="1593" count="0" type="stmt"/>
        <line num="1600" count="0" type="stmt"/>
        <line num="1602" count="0" type="stmt"/>
        <line num="1603" count="0" type="stmt"/>
        <line num="1608" count="0" type="stmt"/>
        <line num="1611" count="0" type="stmt"/>
        <line num="1613" count="0" type="stmt"/>
        <line num="1614" count="0" type="stmt"/>
        <line num="1615" count="0" type="stmt"/>
        <line num="1639" count="0" type="stmt"/>
        <line num="1649" count="0" type="stmt"/>
        <line num="1650" count="0" type="stmt"/>
        <line num="1654" count="0" type="stmt"/>
        <line num="1660" count="0" type="stmt"/>
        <line num="1661" count="0" type="stmt"/>
        <line num="1668" count="0" type="stmt"/>
        <line num="1669" count="0" type="stmt"/>
        <line num="1689" count="0" type="stmt"/>
        <line num="1690" count="0" type="cond" truecount="0" falsecount="1"/>
        <line num="1691" count="0" type="stmt"/>
        <line num="1694" count="0" type="stmt"/>
        <line num="1695" count="0" type="stmt"/>
        <line num="1696" count="0" type="stmt"/>
        <line num="1697" count="0" type="stmt"/>
        <line num="1702" count="0" type="stmt"/>
        <line num="1708" count="0" type="stmt"/>
        <line num="1717" count="0" type="cond" truecount="0" falsecount="3"/>
        <line num="1718" count="0" type="stmt"/>
        <line num="1739" count="0" type="stmt"/>
        <line num="1743" count="0" type="stmt"/>
        <line num="1747" count="0" type="stmt"/>
        <line num="1752" count="0" type="stmt"/>
        <line num="1790" count="0" type="stmt"/>
        <line num="1792" count="0" type="cond" truecount="0" falsecount="2"/>
        <line num="1796" count="0" type="stmt"/>
        <line num="1797" count="0" type="stmt"/>
        <line num="1806" count="0" type="stmt"/>
        <line num="1808" count="0" type="stmt"/>
        <line num="1809" count="0" type="stmt"/>
        <line num="1815" count="0" type="stmt"/>
        <line num="1819" count="0" type="stmt"/>
        <line num="1825" count="0" type="stmt"/>
        <line num="1830" count="0" type="stmt"/>
        <line num="1835" count="0" type="stmt"/>
        <line num="1847" count="0" type="cond" truecount="0" falsecount="2"/>
        <line num="1848" count="0" type="cond" truecount="0" falsecount="2"/>
        <line num="1850" count="0" type="cond" truecount="0" falsecount="3"/>
        <line num="1851" count="0" type="stmt"/>
        <line num="1857" count="0" type="stmt"/>
        <line num="1860" count="0" type="cond" truecount="0" falsecount="3"/>
        <line num="1861" count="0" type="stmt"/>
        <line num="1867" count="0" type="stmt"/>
        <line num="1870" count="0" type="stmt"/>
        <line num="1871" count="0" type="cond" truecount="0" falsecount="1"/>
        <line num="1877" count="0" type="stmt"/>
        <line num="1878" count="0" type="cond" truecount="0" falsecount="2"/>
        <line num="1881" count="0" type="stmt"/>
        <line num="1882" count="0" type="stmt"/>
        <line num="1885" count="0" type="cond" truecount="0" falsecount="2"/>
        <line num="1888" count="0" type="cond" truecount="0" falsecount="2"/>
        <line num="1892" count="0" type="stmt"/>
        <line num="1895" count="0" type="stmt"/>
        <line num="1897" count="0" type="stmt"/>
        <line num="1905" count="0" type="stmt"/>
        <line num="1923" count="0" type="stmt"/>
        <line num="1925" count="0" type="stmt"/>
        <line num="1929" count="0" type="stmt"/>
        <line num="1935" count="0" type="stmt"/>
        <line num="1941" count="0" type="stmt"/>
        <line num="1944" count="0" type="stmt"/>
        <line num="1945" count="0" type="stmt"/>
        <line num="1975" count="0" type="stmt"/>
        <line num="1977" count="0" type="cond" truecount="0" falsecount="2"/>
        <line num="1981" count="0" type="cond" truecount="0" falsecount="1"/>
        <line num="1982" count="0" type="stmt"/>
        <line num="1987" count="0" type="stmt"/>
        <line num="1988" count="0" type="stmt"/>
        <line num="1997" count="0" type="stmt"/>
        <line num="1999" count="0" type="stmt"/>
        <line num="2000" count="0" type="stmt"/>
        <line num="2006" count="0" type="stmt"/>
        <line num="2010" count="0" type="stmt"/>
        <line num="2016" count="0" type="stmt"/>
        <line num="2021" count="0" type="stmt"/>
        <line num="2026" count="0" type="stmt"/>
        <line num="2038" count="0" type="cond" truecount="0" falsecount="2"/>
        <line num="2039" count="0" type="cond" truecount="0" falsecount="2"/>
        <line num="2041" count="0" type="cond" truecount="0" falsecount="3"/>
        <line num="2042" count="0" type="stmt"/>
        <line num="2048" count="0" type="stmt"/>
        <line num="2051" count="0" type="cond" truecount="0" falsecount="3"/>
        <line num="2052" count="0" type="stmt"/>
        <line num="2058" count="0" type="stmt"/>
        <line num="2061" count="0" type="stmt"/>
        <line num="2062" count="0" type="cond" truecount="0" falsecount="1"/>
        <line num="2068" count="0" type="stmt"/>
        <line num="2069" count="0" type="cond" truecount="0" falsecount="2"/>
        <line num="2072" count="0" type="stmt"/>
        <line num="2073" count="0" type="stmt"/>
        <line num="2075" count="0" type="stmt"/>
        <line num="2076" count="0" type="stmt"/>
        <line num="2079" count="0" type="cond" truecount="0" falsecount="2"/>
        <line num="2082" count="0" type="cond" truecount="0" falsecount="2"/>
        <line num="2086" count="0" type="stmt"/>
        <line num="2089" count="0" type="stmt"/>
        <line num="2092" count="0" type="stmt"/>
        <line num="2100" count="0" type="cond" truecount="0" falsecount="1"/>
        <line num="2101" count="0" type="stmt"/>
        <line num="2104" count="0" type="stmt"/>
        <line num="2112" count="0" type="stmt"/>
        <line num="2129" count="0" type="stmt"/>
        <line num="2136" count="0" type="stmt"/>
        <line num="2153" count="0" type="cond" truecount="0" falsecount="2"/>
        <line num="2154" count="0" type="cond" truecount="0" falsecount="2"/>
        <line num="2158" count="0" type="cond" truecount="0" falsecount="1"/>
        <line num="2159" count="0" type="stmt"/>
        <line num="2165" count="0" type="stmt"/>
        <line num="2167" count="0" type="stmt"/>
        <line num="2173" count="0" type="stmt"/>
        <line num="2176" count="0" type="stmt"/>
        <line num="2177" count="0" type="stmt"/>
        <line num="2184" count="0" type="stmt"/>
        <line num="2190" count="0" type="stmt"/>
        <line num="2197" count="0" type="stmt"/>
        <line num="2199" count="0" type="stmt"/>
        <line num="2201" count="0" type="stmt"/>
        <line num="2203" count="0" type="cond" truecount="0" falsecount="1"/>
        <line num="2204" count="0" type="stmt"/>
        <line num="2209" count="0" type="stmt"/>
        <line num="2212" count="0" type="stmt"/>
        <line num="2217" count="0" type="stmt"/>
        <line num="2219" count="0" type="cond" truecount="0" falsecount="1"/>
        <line num="2220" count="0" type="stmt"/>
        <line num="2225" count="0" type="stmt"/>
        <line num="2228" count="0" type="stmt"/>
        <line num="2251" count="0" type="stmt"/>
        <line num="2253" count="0" type="cond" truecount="0" falsecount="2"/>
        <line num="2257" count="0" type="stmt"/>
        <line num="2259" count="0" type="stmt"/>
        <line num="2260" count="0" type="stmt"/>
        <line num="2263" count="0" type="cond" truecount="0" falsecount="2"/>
        <line num="2266" count="0" type="cond" truecount="0" falsecount="2"/>
        <line num="2271" count="0" type="stmt"/>
        <line num="2273" count="0" type="stmt"/>
        <line num="2277" count="0" type="stmt"/>
        <line num="2280" count="0" type="stmt"/>
        <line num="2282" count="0" type="stmt"/>
        <line num="2287" count="0" type="stmt"/>
        <line num="2293" count="0" type="stmt"/>
        <line num="2298" count="0" type="stmt"/>
        <line num="2303" count="0" type="stmt"/>
        <line num="2315" count="0" type="cond" truecount="0" falsecount="2"/>
        <line num="2316" count="0" type="cond" truecount="0" falsecount="2"/>
        <line num="2318" count="0" type="cond" truecount="0" falsecount="3"/>
        <line num="2319" count="0" type="stmt"/>
        <line num="2325" count="0" type="stmt"/>
        <line num="2328" count="0" type="cond" truecount="0" falsecount="3"/>
        <line num="2329" count="0" type="stmt"/>
        <line num="2335" count="0" type="stmt"/>
        <line num="2338" count="0" type="stmt"/>
        <line num="2339" count="0" type="cond" truecount="0" falsecount="1"/>
        <line num="2345" count="0" type="stmt"/>
        <line num="2346" count="0" type="cond" truecount="0" falsecount="2"/>
        <line num="2349" count="0" type="stmt"/>
        <line num="2357" count="0" type="stmt"/>
        <line num="2375" count="0" type="stmt"/>
        <line num="2377" count="0" type="stmt"/>
        <line num="2381" count="0" type="stmt"/>
        <line num="2387" count="0" type="stmt"/>
        <line num="2393" count="0" type="stmt"/>
        <line num="2396" count="0" type="stmt"/>
        <line num="2397" count="0" type="stmt"/>
        <line num="2426" count="0" type="cond" truecount="0" falsecount="2"/>
        <line num="2430" count="0" type="stmt"/>
        <line num="2434" count="0" type="stmt"/>
        <line num="2436" count="0" type="cond" truecount="0" falsecount="1"/>
        <line num="2437" count="0" type="stmt"/>
        <line num="2440" count="0" type="cond" truecount="0" falsecount="1"/>
        <line num="2441" count="0" type="stmt"/>
        <line num="2445" count="0" type="stmt"/>
        <line num="2446" count="0" type="stmt"/>
        <line num="2448" count="0" type="stmt"/>
        <line num="2449" count="0" type="stmt"/>
        <line num="2452" count="0" type="cond" truecount="0" falsecount="2"/>
        <line num="2455" count="0" type="cond" truecount="0" falsecount="2"/>
        <line num="2459" count="0" type="stmt"/>
        <line num="2462" count="0" type="stmt"/>
        <line num="2465" count="0" type="stmt"/>
        <line num="2473" count="0" type="cond" truecount="0" falsecount="1"/>
        <line num="2474" count="0" type="stmt"/>
        <line num="2477" count="0" type="stmt"/>
        <line num="2480" count="0" type="stmt"/>
        <line num="2486" count="0" type="stmt"/>
        <line num="2490" count="0" type="stmt"/>
        <line num="2496" count="0" type="stmt"/>
        <line num="2497" count="0" type="stmt"/>
        <line num="2502" count="0" type="stmt"/>
        <line num="2507" count="0" type="stmt"/>
        <line num="2519" count="0" type="cond" truecount="0" falsecount="2"/>
        <line num="2520" count="0" type="cond" truecount="0" falsecount="2"/>
        <line num="2522" count="0" type="cond" truecount="0" falsecount="3"/>
        <line num="2523" count="0" type="stmt"/>
        <line num="2529" count="0" type="stmt"/>
        <line num="2532" count="0" type="cond" truecount="0" falsecount="3"/>
        <line num="2533" count="0" type="stmt"/>
        <line num="2539" count="0" type="stmt"/>
        <line num="2542" count="0" type="stmt"/>
        <line num="2543" count="0" type="cond" truecount="0" falsecount="1"/>
        <line num="2549" count="0" type="stmt"/>
        <line num="2550" count="0" type="cond" truecount="0" falsecount="2"/>
        <line num="2553" count="0" type="stmt"/>
        <line num="2561" count="0" type="stmt"/>
        <line num="2578" count="0" type="stmt"/>
        <line num="2585" count="0" type="stmt"/>
        <line num="2602" count="0" type="cond" truecount="0" falsecount="2"/>
        <line num="2603" count="0" type="cond" truecount="0" falsecount="2"/>
        <line num="2607" count="0" type="cond" truecount="0" falsecount="1"/>
        <line num="2608" count="0" type="stmt"/>
        <line num="2614" count="0" type="stmt"/>
        <line num="2616" count="0" type="stmt"/>
        <line num="2622" count="0" type="stmt"/>
        <line num="2625" count="0" type="stmt"/>
        <line num="2626" count="0" type="stmt"/>
        <line num="2633" count="0" type="stmt"/>
        <line num="2639" count="0" type="stmt"/>
        <line num="2645" count="0" type="stmt"/>
        <line num="2647" count="0" type="stmt"/>
        <line num="2649" count="0" type="stmt"/>
        <line num="2650" count="0" type="cond" truecount="0" falsecount="1"/>
        <line num="2651" count="0" type="stmt"/>
        <line num="2656" count="0" type="stmt"/>
        <line num="2659" count="0" type="stmt"/>
        <line num="2664" count="0" type="stmt"/>
        <line num="2666" count="0" type="cond" truecount="0" falsecount="1"/>
        <line num="2667" count="0" type="stmt"/>
        <line num="2672" count="0" type="stmt"/>
        <line num="2675" count="0" type="stmt"/>
        <line num="2702" count="0" type="stmt"/>
        <line num="2703" count="0" type="stmt"/>
        <line num="2704" count="0" type="stmt"/>
        <line num="2706" count="0" type="cond" truecount="0" falsecount="1"/>
        <line num="2707" count="0" type="stmt"/>
        <line num="2710" count="0" type="stmt"/>
        <line num="2711" count="0" type="stmt"/>
        <line num="2712" count="0" type="stmt"/>
        <line num="2717" count="0" type="stmt"/>
        <line num="2723" count="0" type="stmt"/>
        <line num="2725" count="0" type="cond" truecount="0" falsecount="2"/>
        <line num="2734" count="0" type="stmt"/>
        <line num="2761" count="0" type="cond" truecount="0" falsecount="2"/>
        <line num="2762" count="0" type="cond" truecount="0" falsecount="2"/>
        <line num="2764" count="0" type="cond" truecount="0" falsecount="1"/>
        <line num="2765" count="0" type="cond" truecount="0" falsecount="2"/>
        <line num="2766" count="0" type="cond" truecount="0" falsecount="2"/>
        <line num="2769" count="0" type="stmt"/>
        <line num="2770" count="0" type="stmt"/>
        <line num="2772" count="0" type="cond" truecount="0" falsecount="1"/>
        <line num="2773" count="0" type="stmt"/>
        <line num="2790" count="0" type="stmt"/>
        <line num="2792" count="0" type="stmt"/>
        <line num="2793" count="0" type="stmt"/>
        <line num="2794" count="0" type="cond" truecount="0" falsecount="3"/>
        <line num="2796" count="0" type="stmt"/>
        <line num="2801" count="0" type="cond" truecount="0" falsecount="2"/>
        <line num="2803" count="0" type="stmt"/>
        <line num="2817" count="0" type="stmt"/>
        <line num="2820" count="0" type="stmt"/>
        <line num="2831" count="0" type="cond" truecount="0" falsecount="2"/>
        <line num="2832" count="0" type="stmt"/>
        <line num="2834" count="0" type="stmt"/>
        <line num="2838" count="0" type="cond" truecount="0" falsecount="1"/>
        <line num="2844" count="0" type="stmt"/>
        <line num="2845" count="0" type="cond" truecount="0" falsecount="2"/>
        <line num="2848" count="0" type="stmt"/>
        <line num="2849" count="0" type="stmt"/>
        <line num="2852" count="0" type="cond" truecount="0" falsecount="2"/>
        <line num="2855" count="0" type="cond" truecount="0" falsecount="2"/>
        <line num="2859" count="0" type="stmt"/>
        <line num="2879" count="0" type="stmt"/>
        <line num="2885" count="0" type="stmt"/>
        <line num="2891" count="0" type="stmt"/>
        <line num="2893" count="0" type="cond" truecount="0" falsecount="2"/>
        <line num="2894" count="0" type="stmt"/>
        <line num="2901" count="0" type="stmt"/>
        <line num="2903" count="0" type="stmt"/>
        <line num="2909" count="0" type="stmt"/>
        <line num="2915" count="0" type="stmt"/>
        <line num="2918" count="0" type="stmt"/>
        <line num="2920" count="0" type="stmt"/>
        <line num="2942" count="0" type="stmt"/>
        <line num="2946" count="0" type="stmt"/>
        <line num="2947" count="0" type="stmt"/>
        <line num="2953" count="0" type="stmt"/>
        <line num="2954" count="0" type="stmt"/>
        <line num="2960" count="0" type="stmt"/>
        <line num="2973" count="0" type="stmt"/>
        <line num="2974" count="0" type="stmt"/>
        <line num="3004" count="0" type="stmt"/>
        <line num="3005" count="0" type="stmt"/>
        <line num="3007" count="0" type="stmt"/>
        <line num="3008" count="0" type="stmt"/>
        <line num="3010" count="0" type="stmt"/>
        <line num="3011" count="0" type="stmt"/>
        <line num="3013" count="0" type="stmt"/>
        <line num="3020" count="0" type="stmt"/>
        <line num="3021" count="0" type="stmt"/>
        <line num="3022" count="0" type="stmt"/>
        <line num="3023" count="0" type="stmt"/>
        <line num="3024" count="0" type="stmt"/>
        <line num="3026" count="0" type="stmt"/>
        <line num="3027" count="0" type="stmt"/>
        <line num="3035" count="0" type="cond" truecount="0" falsecount="1"/>
        <line num="3036" count="0" type="stmt"/>
        <line num="3042" count="0" type="stmt"/>
        <line num="3044" count="0" type="stmt"/>
        <line num="3050" count="0" type="cond" truecount="0" falsecount="1"/>
        <line num="3053" count="0" type="stmt"/>
        <line num="3058" count="0" type="stmt"/>
        <line num="3067" count="0" type="cond" truecount="0" falsecount="1"/>
        <line num="3068" count="0" type="stmt"/>
        <line num="3069" count="0" type="stmt"/>
        <line num="3070" count="0" type="stmt"/>
        <line num="3071" count="0" type="stmt"/>
        <line num="3075" count="0" type="cond" truecount="0" falsecount="1"/>
        <line num="3076" count="0" type="cond" truecount="0" falsecount="2"/>
        <line num="3077" count="0" type="stmt"/>
        <line num="3079" count="0" type="stmt"/>
        <line num="3084" count="0" type="stmt"/>
        <line num="3088" count="0" type="stmt"/>
        <line num="3093" count="0" type="stmt"/>
        <line num="3099" count="0" type="stmt"/>
        <line num="3103" count="0" type="stmt"/>
        <line num="3140" count="0" type="stmt"/>
        <line num="3141" count="0" type="stmt"/>
        <line num="3143" count="0" type="stmt"/>
        <line num="3144" count="0" type="stmt"/>
        <line num="3146" count="0" type="stmt"/>
        <line num="3147" count="0" type="stmt"/>
        <line num="3149" count="0" type="stmt"/>
        <line num="3156" count="0" type="stmt"/>
        <line num="3157" count="0" type="stmt"/>
        <line num="3158" count="0" type="stmt"/>
        <line num="3159" count="0" type="stmt"/>
        <line num="3160" count="0" type="stmt"/>
        <line num="3161" count="0" type="stmt"/>
        <line num="3163" count="0" type="stmt"/>
        <line num="3164" count="0" type="stmt"/>
        <line num="3172" count="0" type="cond" truecount="0" falsecount="1"/>
        <line num="3173" count="0" type="cond" truecount="0" falsecount="2"/>
        <line num="3174" count="0" type="stmt"/>
        <line num="3176" count="0" type="stmt"/>
        <line num="3183" count="0" type="stmt"/>
        <line num="3185" count="0" type="stmt"/>
        <line num="3191" count="0" type="cond" truecount="0" falsecount="1"/>
        <line num="3194" count="0" type="stmt"/>
        <line num="3198" count="0" type="stmt"/>
        <line num="3207" count="0" type="cond" truecount="0" falsecount="1"/>
        <line num="3208" count="0" type="stmt"/>
        <line num="3209" count="0" type="stmt"/>
        <line num="3210" count="0" type="stmt"/>
        <line num="3211" count="0" type="stmt"/>
        <line num="3213" count="0" type="cond" truecount="0" falsecount="1"/>
        <line num="3214" count="0" type="stmt"/>
        <line num="3217" count="0" type="stmt"/>
        <line num="3221" count="0" type="cond" truecount="0" falsecount="1"/>
        <line num="3222" count="0" type="cond" truecount="0" falsecount="2"/>
        <line num="3223" count="0" type="stmt"/>
        <line num="3225" count="0" type="stmt"/>
        <line num="3230" count="0" type="cond" truecount="0" falsecount="1"/>
        <line num="3232" count="0" type="stmt"/>
        <line num="3238" count="0" type="stmt"/>
        <line num="3240" count="0" type="stmt"/>
        <line num="3248" count="0" type="stmt"/>
        <line num="3253" count="0" type="stmt"/>
        <line num="3257" count="0" type="stmt"/>
        <line num="3262" count="0" type="stmt"/>
        <line num="3284" count="0" type="stmt"/>
        <line num="3286" count="0" type="stmt"/>
        <line num="3287" count="0" type="stmt"/>
        <line num="3292" count="0" type="stmt"/>
        <line num="3304" count="0" type="cond" truecount="0" falsecount="2"/>
        <line num="3305" count="0" type="cond" truecount="0" falsecount="2"/>
        <line num="3307" count="0" type="cond" truecount="0" falsecount="1"/>
        <line num="3308" count="0" type="stmt"/>
        <line num="3314" count="0" type="stmt"/>
        <line num="3315" count="0" type="stmt"/>
        <line num="3316" count="0" type="cond" truecount="0" falsecount="2"/>
        <line num="3319" count="0" type="cond" truecount="0" falsecount="1"/>
        <line num="3320" count="0" type="stmt"/>
        <line num="3321" count="0" type="cond" truecount="0" falsecount="2"/>
        <line num="3324" count="0" type="stmt"/>
        <line num="3325" count="0" type="cond" truecount="0" falsecount="1"/>
        <line num="3327" count="0" type="stmt"/>
        <line num="3328" count="0" type="stmt"/>
        <line num="3335" count="0" type="stmt"/>
        <line num="3357" count="0" type="stmt"/>
        <line num="3359" count="0" type="stmt"/>
        <line num="3365" count="0" type="stmt"/>
        <line num="3368" count="0" type="stmt"/>
        <line num="3369" count="0" type="stmt"/>
        <line num="3397" count="0" type="stmt"/>
        <line num="3398" count="0" type="stmt"/>
        <line num="3403" count="0" type="stmt"/>
        <line num="3415" count="0" type="cond" truecount="0" falsecount="2"/>
        <line num="3416" count="0" type="cond" truecount="0" falsecount="2"/>
        <line num="3418" count="0" type="cond" truecount="0" falsecount="1"/>
        <line num="3419" count="0" type="stmt"/>
        <line num="3425" count="0" type="stmt"/>
        <line num="3426" count="0" type="stmt"/>
        <line num="3427" count="0" type="cond" truecount="0" falsecount="2"/>
        <line num="3430" count="0" type="cond" truecount="0" falsecount="1"/>
        <line num="3431" count="0" type="stmt"/>
        <line num="3432" count="0" type="cond" truecount="0" falsecount="2"/>
        <line num="3436" count="0" type="stmt"/>
        <line num="3437" count="0" type="stmt"/>
        <line num="3444" count="0" type="stmt"/>
        <line num="3470" count="0" type="stmt"/>
        <line num="3472" count="0" type="stmt"/>
        <line num="3478" count="0" type="stmt"/>
        <line num="3481" count="0" type="stmt"/>
        <line num="3482" count="0" type="stmt"/>
        <line num="3510" count="0" type="stmt"/>
        <line num="3511" count="0" type="stmt"/>
        <line num="3516" count="0" type="stmt"/>
        <line num="3528" count="0" type="cond" truecount="0" falsecount="2"/>
        <line num="3529" count="0" type="cond" truecount="0" falsecount="2"/>
        <line num="3531" count="0" type="cond" truecount="0" falsecount="1"/>
        <line num="3532" count="0" type="stmt"/>
        <line num="3538" count="0" type="stmt"/>
        <line num="3539" count="0" type="stmt"/>
        <line num="3540" count="0" type="cond" truecount="0" falsecount="2"/>
        <line num="3543" count="0" type="cond" truecount="0" falsecount="1"/>
        <line num="3544" count="0" type="stmt"/>
        <line num="3545" count="0" type="cond" truecount="0" falsecount="2"/>
        <line num="3550" count="0" type="stmt"/>
        <line num="3551" count="0" type="stmt"/>
        <line num="3558" count="0" type="stmt"/>
        <line num="3580" count="0" type="stmt"/>
        <line num="3582" count="0" type="stmt"/>
        <line num="3588" count="0" type="stmt"/>
        <line num="3591" count="0" type="stmt"/>
        <line num="3592" count="0" type="stmt"/>
        <line num="3613" count="0" type="stmt"/>
        <line num="3617" count="0" type="cond" truecount="0" falsecount="1"/>
        <line num="3619" count="0" type="stmt"/>
        <line num="3620" count="0" type="stmt"/>
        <line num="3627" count="0" type="stmt"/>
        <line num="3628" count="0" type="stmt"/>
        <line num="3650" count="0" type="stmt"/>
        <line num="3655" count="0" type="cond" truecount="0" falsecount="2"/>
        <line num="3658" count="0" type="stmt"/>
        <line num="3667" count="0" type="stmt"/>
        <line num="3669" count="0" type="cond" truecount="0" falsecount="1"/>
        <line num="3671" count="0" type="stmt"/>
        <line num="3674" count="0" type="stmt"/>
        <line num="3679" count="0" type="stmt"/>
        <line num="3680" count="0" type="stmt"/>
        <line num="3682" count="0" type="stmt"/>
        <line num="3694" count="0" type="stmt"/>
        <line num="3703" count="0" type="stmt"/>
        <line num="3705" count="0" type="stmt"/>
        <line num="3715" count="0" type="cond" truecount="0" falsecount="2"/>
        <line num="3716" count="0" type="stmt"/>
        <line num="3724" count="0" type="stmt"/>
        <line num="3726" count="0" type="stmt"/>
        <line num="3747" count="0" type="stmt"/>
        <line num="3750" count="0" type="stmt"/>
        <line num="3751" count="0" type="stmt"/>
        <line num="3772" count="0" type="stmt"/>
        <line num="3777" count="0" type="cond" truecount="0" falsecount="2"/>
        <line num="3780" count="0" type="stmt"/>
        <line num="3790" count="0" type="stmt"/>
        <line num="3792" count="0" type="cond" truecount="0" falsecount="1"/>
        <line num="3794" count="0" type="stmt"/>
        <line num="3797" count="0" type="stmt"/>
        <line num="3802" count="0" type="stmt"/>
        <line num="3804" count="0" type="stmt"/>
        <line num="3806" count="0" type="stmt"/>
        <line num="3832" count="0" type="stmt"/>
        <line num="3834" count="0" type="stmt"/>
        <line num="3835" count="0" type="stmt"/>
        <line num="3837" count="0" type="stmt"/>
        <line num="3838" count="0" type="stmt"/>
        <line num="3839" count="0" type="cond" truecount="0" falsecount="1"/>
        <line num="3840" count="0" type="cond" truecount="0" falsecount="2"/>
        <line num="3843" count="0" type="stmt"/>
        <line num="3847" count="0" type="cond" truecount="0" falsecount="2"/>
        <line num="3851" count="0" type="stmt"/>
        <line num="3855" count="0" type="cond" truecount="0" falsecount="1"/>
        <line num="3856" count="0" type="stmt"/>
        <line num="3865" count="0" type="stmt"/>
        <line num="3872" count="0" type="cond" truecount="0" falsecount="2"/>
        <line num="3874" count="0" type="stmt"/>
        <line num="3880" count="0" type="stmt"/>
        <line num="3886" count="0" type="stmt"/>
        <line num="3891" count="0" type="stmt"/>
        <line num="3892" count="0" type="cond" truecount="0" falsecount="1"/>
        <line num="3893" count="0" type="stmt"/>
        <line num="3894" count="0" type="cond" truecount="0" falsecount="2"/>
        <line num="3898" count="0" type="stmt"/>
        <line num="3899" count="0" type="stmt"/>
        <line num="3901" count="0" type="stmt"/>
        <line num="3902" count="0" type="stmt"/>
        <line num="3908" count="0" type="stmt"/>
        <line num="3914" count="0" type="stmt"/>
        <line num="3920" count="0" type="cond" truecount="0" falsecount="1"/>
        <line num="3921" count="0" type="stmt"/>
        <line num="3922" count="0" type="cond" truecount="0" falsecount="1"/>
        <line num="3924" count="0" type="stmt"/>
        <line num="3947" count="0" type="stmt"/>
        <line num="3951" count="0" type="stmt"/>
        <line num="3952" count="0" type="stmt"/>
        <line num="3954" count="0" type="stmt"/>
        <line num="3958" count="0" type="stmt"/>
        <line num="3962" count="0" type="cond" truecount="0" falsecount="1"/>
        <line num="3963" count="0" type="stmt"/>
        <line num="3966" count="0" type="cond" truecount="0" falsecount="1"/>
        <line num="3967" count="0" type="stmt"/>
        <line num="3971" count="0" type="stmt"/>
        <line num="3973" count="0" type="stmt"/>
        <line num="3983" count="0" type="stmt"/>
        <line num="3985" count="0" type="stmt"/>
        <line num="3994" count="0" type="stmt"/>
        <line num="4002" count="0" type="stmt"/>
        <line num="4004" count="0" type="stmt"/>
        <line num="4010" count="0" type="stmt"/>
        <line num="4011" count="0" type="stmt"/>
        <line num="4012" count="0" type="stmt"/>
        <line num="4014" count="0" type="stmt"/>
        <line num="4015" count="0" type="stmt"/>
        <line num="4016" count="0" type="stmt"/>
        <line num="4018" count="0" type="stmt"/>
        <line num="4019" count="0" type="stmt"/>
        <line num="4021" count="0" type="stmt"/>
        <line num="4029" count="0" type="stmt"/>
        <line num="4035" count="0" type="stmt"/>
        <line num="4042" count="0" type="stmt"/>
        <line num="4048" count="0" type="stmt"/>
        <line num="4050" count="0" type="stmt"/>
        <line num="4051" count="0" type="cond" truecount="0" falsecount="1"/>
        <line num="4055" count="0" type="stmt"/>
        <line num="4066" count="0" type="stmt"/>
        <line num="4069" count="0" type="stmt"/>
        <line num="4070" count="0" type="cond" truecount="0" falsecount="1"/>
        <line num="4074" count="0" type="stmt"/>
        <line num="4085" count="0" type="stmt"/>
        <line num="4088" count="0" type="stmt"/>
        <line num="4089" count="0" type="cond" truecount="0" falsecount="1"/>
        <line num="4090" count="0" type="stmt"/>
        <line num="4108" count="0" type="cond" truecount="0" falsecount="1"/>
        <line num="4109" count="0" type="stmt"/>
        <line num="4116" count="0" type="stmt"/>
        <line num="4117" count="0" type="stmt"/>
        <line num="4121" count="0" type="cond" truecount="0" falsecount="2"/>
        <line num="4124" count="0" type="stmt"/>
        <line num="4127" count="0" type="cond" truecount="0" falsecount="1"/>
        <line num="4128" count="0" type="stmt"/>
        <line num="4133" count="0" type="stmt"/>
        <line num="4135" count="0" type="stmt"/>
        <line num="4136" count="0" type="stmt"/>
        <line num="4142" count="0" type="stmt"/>
        <line num="4165" count="0" type="cond" truecount="0" falsecount="3"/>
        <line num="4166" count="0" type="stmt"/>
        <line num="4196" count="0" type="stmt"/>
        <line num="4205" count="0" type="stmt"/>
        <line num="4240" count="0" type="stmt"/>
        <line num="4245" count="0" type="stmt"/>
        <line num="4251" count="0" type="stmt"/>
        <line num="4252" count="0" type="stmt"/>
        <line num="4253" count="0" type="stmt"/>
        <line num="4255" count="0" type="stmt"/>
        <line num="4256" count="0" type="stmt"/>
        <line num="4257" count="0" type="stmt"/>
        <line num="4259" count="0" type="stmt"/>
        <line num="4264" count="0" type="stmt"/>
        <line num="4280" count="0" type="cond" truecount="0" falsecount="2"/>
        <line num="4281" count="0" type="cond" truecount="0" falsecount="2"/>
        <line num="4283" count="0" type="stmt"/>
        <line num="4288" count="0" type="stmt"/>
        <line num="4295" count="0" type="cond" truecount="0" falsecount="2"/>
        <line num="4296" count="0" type="stmt"/>
        <line num="4297" count="0" type="cond" truecount="0" falsecount="1"/>
        <line num="4298" count="0" type="stmt"/>
        <line num="4305" count="0" type="stmt"/>
        <line num="4308" count="0" type="stmt"/>
        <line num="4313" count="0" type="stmt"/>
        <line num="4319" count="0" type="cond" truecount="0" falsecount="1"/>
        <line num="4320" count="0" type="stmt"/>
        <line num="4321" count="0" type="cond" truecount="0" falsecount="2"/>
        <line num="4322" count="0" type="stmt"/>
        <line num="4323" count="0" type="cond" truecount="0" falsecount="1"/>
        <line num="4325" count="0" type="stmt"/>
        <line num="4326" count="0" type="stmt"/>
        <line num="4329" count="0" type="stmt"/>
        <line num="4330" count="0" type="stmt"/>
        <line num="4333" count="0" type="stmt"/>
        <line num="4334" count="0" type="stmt"/>
        <line num="4338" count="0" type="stmt"/>
        <line num="4339" count="0" type="stmt"/>
        <line num="4340" count="0" type="stmt"/>
        <line num="4342" count="0" type="cond" truecount="0" falsecount="1"/>
        <line num="4343" count="0" type="stmt"/>
        <line num="4355" count="0" type="cond" truecount="0" falsecount="1"/>
        <line num="4356" count="0" type="stmt"/>
        <line num="4368" count="0" type="cond" truecount="0" falsecount="1"/>
        <line num="4369" count="0" type="stmt"/>
        <line num="4391" count="0" type="stmt"/>
        <line num="4397" count="0" type="stmt"/>
        <line num="4403" count="0" type="stmt"/>
        <line num="4420" count="0" type="stmt"/>
        <line num="4431" count="0" type="stmt"/>
        <line num="4433" count="0" type="stmt"/>
        <line num="4434" count="0" type="stmt"/>
        <line num="4441" count="0" type="stmt"/>
        <line num="4443" count="0" type="cond" truecount="0" falsecount="1"/>
        <line num="4444" count="0" type="stmt"/>
        <line num="4457" count="0" type="stmt"/>
        <line num="4492" count="0" type="stmt"/>
        <line num="4500" count="0" type="stmt"/>
        <line num="4506" count="0" type="stmt"/>
        <line num="4512" count="0" type="stmt"/>
        <line num="4532" count="0" type="stmt"/>
        <line num="4533" count="0" type="stmt"/>
        <line num="4554" count="0" type="stmt"/>
        <line num="4555" count="0" type="stmt"/>
        <line num="4556" count="0" type="stmt"/>
        <line num="4557" count="0" type="stmt"/>
        <line num="4558" count="0" type="stmt"/>
        <line num="4559" count="0" type="cond" truecount="0" falsecount="1"/>
        <line num="4560" count="0" type="cond" truecount="0" falsecount="2"/>
        <line num="4563" count="0" type="stmt"/>
        <line num="4568" count="0" type="stmt"/>
        <line num="4570" count="0" type="cond" truecount="0" falsecount="4"/>
        <line num="4576" count="0" type="stmt"/>
        <line num="4580" count="0" type="stmt"/>
        <line num="4581" count="0" type="stmt"/>
        <line num="4583" count="0" type="stmt"/>
        <line num="4585" count="0" type="stmt"/>
        <line num="4589" count="0" type="cond" truecount="0" falsecount="1"/>
        <line num="4590" count="0" type="stmt"/>
        <line num="4591" count="0" type="stmt"/>
        <line num="4600" count="0" type="stmt"/>
        <line num="4611" count="0" type="cond" truecount="0" falsecount="2"/>
        <line num="4613" count="0" type="stmt"/>
        <line num="4618" count="0" type="cond" truecount="0" falsecount="2"/>
        <line num="4621" count="0" type="stmt"/>
        <line num="4631" count="0" type="stmt"/>
        <line num="4636" count="0" type="cond" truecount="0" falsecount="2"/>
        <line num="4639" count="0" type="stmt"/>
        <line num="4648" count="0" type="stmt"/>
        <line num="4653" count="0" type="stmt"/>
        <line num="4654" count="0" type="cond" truecount="0" falsecount="1"/>
        <line num="4655" count="0" type="stmt"/>
        <line num="4656" count="0" type="cond" truecount="0" falsecount="2"/>
        <line num="4660" count="0" type="stmt"/>
        <line num="4661" count="0" type="stmt"/>
        <line num="4663" count="0" type="stmt"/>
        <line num="4664" count="0" type="stmt"/>
        <line num="4670" count="0" type="stmt"/>
        <line num="4676" count="0" type="stmt"/>
        <line num="4682" count="0" type="cond" truecount="0" falsecount="1"/>
        <line num="4683" count="0" type="stmt"/>
        <line num="4684" count="0" type="cond" truecount="0" falsecount="1"/>
        <line num="4686" count="0" type="stmt"/>
        <line num="4692" count="0" type="stmt"/>
        <line num="4703" count="0" type="stmt"/>
        <line num="4707" count="0" type="stmt"/>
        <line num="4708" count="0" type="stmt"/>
        <line num="4714" count="0" type="cond" truecount="0" falsecount="1"/>
        <line num="4716" count="0" type="cond" truecount="0" falsecount="2"/>
        <line num="4729" count="0" type="stmt"/>
        <line num="4739" count="0" type="stmt"/>
        <line num="4740" count="0" type="stmt"/>
        <line num="4742" count="0" type="cond" truecount="0" falsecount="1"/>
        <line num="4743" count="0" type="stmt"/>
        <line num="4748" count="0" type="stmt"/>
        <line num="4750" count="0" type="stmt"/>
        <line num="4751" count="0" type="stmt"/>
        <line num="4757" count="0" type="stmt"/>
        <line num="4758" count="0" type="stmt"/>
        <line num="4762" count="0" type="stmt"/>
        <line num="4763" count="0" type="stmt"/>
        <line num="4768" count="0" type="stmt"/>
        <line num="4769" count="0" type="stmt"/>
        <line num="4770" count="0" type="cond" truecount="0" falsecount="1"/>
        <line num="4772" count="0" type="stmt"/>
        <line num="4778" count="0" type="stmt"/>
        <line num="4780" count="0" type="stmt"/>
        <line num="4784" count="0" type="stmt"/>
        <line num="4788" count="0" type="stmt"/>
        <line num="4789" count="0" type="stmt"/>
        <line num="4790" count="0" type="stmt"/>
        <line num="4791" count="0" type="cond" truecount="0" falsecount="1"/>
        <line num="4792" count="0" type="stmt"/>
        <line num="4794" count="0" type="cond" truecount="0" falsecount="1"/>
        <line num="4795" count="0" type="stmt"/>
        <line num="4798" count="0" type="cond" truecount="0" falsecount="3"/>
        <line num="4799" count="0" type="stmt"/>
        <line num="4803" count="0" type="stmt"/>
        <line num="4804" count="0" type="stmt"/>
        <line num="4814" count="0" type="stmt"/>
        <line num="4825" count="0" type="stmt"/>
        <line num="4827" count="0" type="stmt"/>
        <line num="4829" count="0" type="stmt"/>
        <line num="4831" count="0" type="stmt"/>
        <line num="4832" count="0" type="stmt"/>
        <line num="4833" count="0" type="cond" truecount="0" falsecount="1"/>
        <line num="4834" count="0" type="stmt"/>
        <line num="4835" count="0" type="cond" truecount="0" falsecount="2"/>
        <line num="4836" count="0" type="stmt"/>
        <line num="4838" count="0" type="stmt"/>
        <line num="4839" count="0" type="stmt"/>
        <line num="4841" count="0" type="stmt"/>
        <line num="4843" count="0" type="stmt"/>
        <line num="4848" count="0" type="stmt"/>
        <line num="4859" count="0" type="stmt"/>
        <line num="4865" count="0" type="stmt"/>
        <line num="4872" count="0" type="cond" truecount="0" falsecount="2"/>
        <line num="4873" count="0" type="cond" truecount="0" falsecount="2"/>
        <line num="4874" count="0" type="stmt"/>
        <line num="4875" count="0" type="stmt"/>
        <line num="4877" count="0" type="cond" truecount="0" falsecount="1"/>
        <line num="4878" count="0" type="stmt"/>
        <line num="4883" count="0" type="cond" truecount="0" falsecount="2"/>
        <line num="4884" count="0" type="cond" truecount="0" falsecount="2"/>
        <line num="4888" count="0" type="stmt"/>
        <line num="4895" count="0" type="stmt"/>
        <line num="4897" count="0" type="cond" truecount="0" falsecount="1"/>
        <line num="4898" count="0" type="stmt"/>
        <line num="4902" count="0" type="stmt"/>
        <line num="4908" count="0" type="stmt"/>
        <line num="4909" count="0" type="cond" truecount="0" falsecount="2"/>
        <line num="4913" count="0" type="stmt"/>
        <line num="4922" count="0" type="stmt"/>
        <line num="4926" count="0" type="stmt"/>
        <line num="4929" count="0" type="stmt"/>
        <line num="4930" count="0" type="stmt"/>
        <line num="4935" count="0" type="stmt"/>
        <line num="4936" count="0" type="stmt"/>
        <line num="4942" count="0" type="stmt"/>
        <line num="4948" count="0" type="stmt"/>
        <line num="4949" count="0" type="stmt"/>
        <line num="4951" count="0" type="cond" truecount="0" falsecount="1"/>
        <line num="4952" count="0" type="stmt"/>
        <line num="4955" count="0" type="stmt"/>
        <line num="4956" count="0" type="stmt"/>
        <line num="4957" count="0" type="cond" truecount="0" falsecount="2"/>
        <line num="4961" count="0" type="cond" truecount="0" falsecount="1"/>
        <line num="4962" count="0" type="stmt"/>
        <line num="4965" count="0" type="stmt"/>
        <line num="4967" count="0" type="cond" truecount="0" falsecount="2"/>
        <line num="4968" count="0" type="cond" truecount="0" falsecount="1"/>
        <line num="4969" count="0" type="stmt"/>
        <line num="4972" count="0" type="cond" truecount="0" falsecount="1"/>
        <line num="4973" count="0" type="stmt"/>
        <line num="4977" count="0" type="stmt"/>
        <line num="4978" count="0" type="stmt"/>
        <line num="4985" count="0" type="stmt"/>
        <line num="4987" count="0" type="stmt"/>
        <line num="4996" count="0" type="cond" truecount="0" falsecount="1"/>
        <line num="4997" count="0" type="stmt"/>
        <line num="5000" count="0" type="cond" truecount="0" falsecount="1"/>
        <line num="5002" count="0" type="cond" truecount="0" falsecount="2"/>
        <line num="5006" count="0" type="stmt"/>
        <line num="5011" count="0" type="cond" truecount="0" falsecount="4"/>
        <line num="5016" count="0" type="cond" truecount="0" falsecount="1"/>
        <line num="5017" count="0" type="stmt"/>
        <line num="5021" count="0" type="stmt"/>
        <line num="5030" count="0" type="stmt"/>
        <line num="5049" count="0" type="stmt"/>
        <line num="5051" count="0" type="stmt"/>
        <line num="5053" count="0" type="stmt"/>
        <line num="5054" count="0" type="stmt"/>
        <line num="5055" count="0" type="cond" truecount="0" falsecount="3"/>
        <line num="5056" count="0" type="stmt"/>
        <line num="5059" count="0" type="stmt"/>
        <line num="5065" count="0" type="stmt"/>
        <line num="5066" count="0" type="stmt"/>
        <line num="5072" count="0" type="stmt"/>
        <line num="5079" count="0" type="cond" truecount="0" falsecount="3"/>
        <line num="5080" count="0" type="stmt"/>
        <line num="5082" count="0" type="stmt"/>
        <line num="5083" count="0" type="stmt"/>
        <line num="5084" count="0" type="cond" truecount="0" falsecount="2"/>
        <line num="5087" count="0" type="stmt"/>
        <line num="5088" count="0" type="stmt"/>
        <line num="5090" count="0" type="stmt"/>
        <line num="5092" count="0" type="cond" truecount="0" falsecount="2"/>
        <line num="5096" count="0" type="stmt"/>
        <line num="5097" count="0" type="stmt"/>
        <line num="5099" count="0" type="cond" truecount="0" falsecount="1"/>
        <line num="5100" count="0" type="stmt"/>
        <line num="5102" count="0" type="cond" truecount="0" falsecount="3"/>
        <line num="5103" count="0" type="stmt"/>
        <line num="5109" count="0" type="stmt"/>
        <line num="5111" count="0" type="cond" truecount="0" falsecount="2"/>
        <line num="5114" count="0" type="stmt"/>
        <line num="5118" count="0" type="stmt"/>
        <line num="5123" count="0" type="stmt"/>
        <line num="5126" count="0" type="stmt"/>
        <line num="5132" count="0" type="stmt"/>
        <line num="5139" count="0" type="stmt"/>
        <line num="5152" count="0" type="stmt"/>
        <line num="5154" count="0" type="stmt"/>
        <line num="5155" count="0" type="stmt"/>
        <line num="5157" count="0" type="stmt"/>
        <line num="5158" count="0" type="stmt"/>
        <line num="5159" count="0" type="cond" truecount="0" falsecount="3"/>
        <line num="5160" count="0" type="stmt"/>
        <line num="5163" count="0" type="stmt"/>
        <line num="5169" count="0" type="stmt"/>
        <line num="5170" count="0" type="stmt"/>
        <line num="5176" count="0" type="stmt"/>
        <line num="5183" count="0" type="cond" truecount="0" falsecount="3"/>
        <line num="5184" count="0" type="stmt"/>
        <line num="5186" count="0" type="stmt"/>
        <line num="5187" count="0" type="stmt"/>
        <line num="5188" count="0" type="cond" truecount="0" falsecount="2"/>
        <line num="5191" count="0" type="stmt"/>
        <line num="5192" count="0" type="stmt"/>
        <line num="5194" count="0" type="stmt"/>
        <line num="5196" count="0" type="cond" truecount="0" falsecount="2"/>
        <line num="5200" count="0" type="stmt"/>
        <line num="5207" count="0" type="stmt"/>
        <line num="5214" count="0" type="stmt"/>
        <line num="5215" count="0" type="stmt"/>
        <line num="5218" count="0" type="stmt"/>
        <line num="5240" count="0" type="stmt"/>
        <line num="5242" count="0" type="stmt"/>
        <line num="5252" count="0" type="cond" truecount="0" falsecount="1"/>
        <line num="5255" count="0" type="cond" truecount="0" falsecount="1"/>
        <line num="5259" count="0" type="stmt"/>
        <line num="5261" count="0" type="stmt"/>
        <line num="5262" count="0" type="stmt"/>
        <line num="5263" count="0" type="stmt"/>
        <line num="5265" count="0" type="stmt"/>
        <line num="5266" count="0" type="stmt"/>
        <line num="5268" count="0" type="stmt"/>
        <line num="5269" count="0" type="cond" truecount="0" falsecount="2"/>
        <line num="5272" count="0" type="cond" truecount="0" falsecount="2"/>
        <line num="5276" count="0" type="stmt"/>
        <line num="5277" count="0" type="stmt"/>
        <line num="5279" count="0" type="stmt"/>
        <line num="5292" count="0" type="stmt"/>
        <line num="5299" count="0" type="stmt"/>
        <line num="5309" count="0" type="stmt"/>
        <line num="5335" count="0" type="stmt"/>
        <line num="5336" count="0" type="stmt"/>
        <line num="5338" count="0" type="stmt"/>
        <line num="5339" count="0" type="cond" truecount="0" falsecount="2"/>
        <line num="5340" count="0" type="stmt"/>
        <line num="5342" count="0" type="stmt"/>
        <line num="5346" count="0" type="stmt"/>
        <line num="5347" count="0" type="stmt"/>
        <line num="5349" count="0" type="cond" truecount="0" falsecount="3"/>
        <line num="5350" count="0" type="stmt"/>
        <line num="5354" count="0" type="stmt"/>
        <line num="5368" count="0" type="stmt"/>
        <line num="5370" count="0" type="stmt"/>
        <line num="5371" count="0" type="stmt"/>
        <line num="5374" count="0" type="stmt"/>
        <line num="5375" count="0" type="stmt"/>
        <line num="5376" count="0" type="cond" truecount="0" falsecount="3"/>
        <line num="5377" count="0" type="stmt"/>
        <line num="5381" count="0" type="stmt"/>
        <line num="5397" count="0" type="stmt"/>
        <line num="5403" count="0" type="stmt"/>
        <line num="5404" count="0" type="stmt"/>
        <line num="5405" count="0" type="stmt"/>
        <line num="5406" count="0" type="stmt"/>
        <line num="5408" count="0" type="stmt"/>
        <line num="5409" count="0" type="stmt"/>
        <line num="5410" count="0" type="stmt"/>
        <line num="5411" count="0" type="stmt"/>
        <line num="5413" count="0" type="cond" truecount="0" falsecount="4"/>
        <line num="5414" count="0" type="stmt"/>
        <line num="5416" count="0" type="stmt"/>
        <line num="5420" count="0" type="stmt"/>
        <line num="5438" count="0" type="stmt"/>
        <line num="5439" count="0" type="stmt"/>
        <line num="5441" count="0" type="stmt"/>
        <line num="5442" count="0" type="stmt"/>
        <line num="5443" count="0" type="stmt"/>
        <line num="5445" count="0" type="cond" truecount="0" falsecount="2"/>
        <line num="5446" count="0" type="cond" truecount="0" falsecount="2"/>
        <line num="5448" count="0" type="stmt"/>
        <line num="5451" count="0" type="stmt"/>
        <line num="5453" count="0" type="cond" truecount="0" falsecount="2"/>
        <line num="5455" count="0" type="stmt"/>
        <line num="5461" count="0" type="stmt"/>
        <line num="5462" count="0" type="stmt"/>
        <line num="5464" count="0" type="stmt"/>
        <line num="5465" count="0" type="stmt"/>
        <line num="5467" count="0" type="cond" truecount="0" falsecount="2"/>
        <line num="5469" count="0" type="stmt"/>
        <line num="5484" count="0" type="stmt"/>
        <line num="5486" count="0" type="stmt"/>
        <line num="5487" count="0" type="stmt"/>
        <line num="5489" count="0" type="stmt"/>
        <line num="5490" count="0" type="stmt"/>
        <line num="5491" count="0" type="stmt"/>
        <line num="5496" count="0" type="stmt"/>
        <line num="5500" count="0" type="stmt"/>
        <line num="5502" count="0" type="stmt"/>
        <line num="5503" count="0" type="stmt"/>
        <line num="5504" count="0" type="stmt"/>
        <line num="5512" count="0" type="stmt"/>
        <line num="5514" count="0" type="stmt"/>
        <line num="5516" count="0" type="stmt"/>
        <line num="5517" count="0" type="stmt"/>
        <line num="5519" count="0" type="stmt"/>
        <line num="5520" count="0" type="stmt"/>
        <line num="5527" count="0" type="stmt"/>
        <line num="5529" count="0" type="cond" truecount="0" falsecount="1"/>
        <line num="5530" count="0" type="stmt"/>
        <line num="5542" count="0" type="stmt"/>
        <line num="5550" count="0" type="stmt"/>
        <line num="5552" count="0" type="stmt"/>
        <line num="5554" count="0" type="stmt"/>
        <line num="5567" count="0" type="stmt"/>
        <line num="5569" count="0" type="cond" truecount="0" falsecount="1"/>
        <line num="5570" count="0" type="stmt"/>
        <line num="5571" count="0" type="cond" truecount="0" falsecount="2"/>
        <line num="5572" count="0" type="stmt"/>
        <line num="5576" count="0" type="stmt"/>
        <line num="5578" count="0" type="stmt"/>
        <line num="5592" count="0" type="stmt"/>
        <line num="5595" count="0" type="stmt"/>
        <line num="5601" count="0" type="stmt"/>
        <line num="5602" count="0" type="stmt"/>
        <line num="5608" count="0" type="stmt"/>
        <line num="5609" count="0" type="stmt"/>
        <line num="5610" count="0" type="stmt"/>
        <line num="5611" count="0" type="cond" truecount="0" falsecount="3"/>
        <line num="5613" count="0" type="stmt"/>
        <line num="5614" count="0" type="stmt"/>
        <line num="5619" count="0" type="cond" truecount="0" falsecount="2"/>
        <line num="5620" count="0" type="stmt"/>
        <line num="5635" count="0" type="stmt"/>
        <line num="5638" count="0" type="stmt"/>
        <line num="5652" count="0" type="stmt"/>
        <line num="5654" count="0" type="stmt"/>
        <line num="5655" count="0" type="stmt"/>
        <line num="5661" count="0" type="stmt"/>
        <line num="5662" count="0" type="stmt"/>
        <line num="5668" count="0" type="stmt"/>
        <line num="5673" count="0" type="stmt"/>
        <line num="5679" count="0" type="cond" truecount="0" falsecount="2"/>
        <line num="5683" count="0" type="stmt"/>
        <line num="5687" count="0" type="stmt"/>
        <line num="5701" count="0" type="cond" truecount="0" falsecount="2"/>
        <line num="5702" count="0" type="cond" truecount="0" falsecount="2"/>
        <line num="5704" count="0" type="stmt"/>
        <line num="5705" count="0" type="cond" truecount="0" falsecount="1"/>
        <line num="5711" count="0" type="stmt"/>
        <line num="5712" count="0" type="cond" truecount="0" falsecount="2"/>
        <line num="5715" count="0" type="stmt"/>
        <line num="5735" count="0" type="stmt"/>
      </file>
    </package>
    <package name="dlmm.constants">
      <metrics statements="33" coveredstatements="33" conditionals="10" coveredconditionals="6" methods="5" coveredmethods="5"/>
      <file name="index.ts" path="/workdir/dlmm-sdk/ts-client/src/dlmm/constants/index.ts">
        <metrics statements="33" coveredstatements="33" conditionals="10" coveredconditionals="6" methods="5" coveredmethods="5"/>
        <line num="1" count="6" type="stmt"/>
        <line num="2" count="6" type="stmt"/>
        <line num="3" count="6" type="stmt"/>
        <line num="5" count="6" type="stmt"/>
        <line num="11" count="6" type="stmt"/>
        <line num="16" count="6" type="cond" truecount="2" falsecount="0"/>
        <line num="17" count="6" type="stmt"/>
        <line num="18" count="6" type="stmt"/>
        <line num="19" count="6" type="stmt"/>
        <line num="20" count="6" type="stmt"/>
        <line num="23" count="6" type="stmt"/>
        <line num="24" count="6" type="stmt"/>
        <line num="25" count="6" type="stmt"/>
        <line num="27" count="6" type="stmt"/>
        <line num="28" count="6" type="stmt"/>
        <line num="29" count="6" type="stmt"/>
        <line num="30" count="6" type="stmt"/>
        <line num="32" count="6" type="stmt"/>
        <line num="34" count="6" type="stmt"/>
        <line num="35" count="12" type="cond" truecount="1" falsecount="1"/>
        <line num="37" count="6" type="stmt"/>
        <line num="38" count="18" type="cond" truecount="1" falsecount="1"/>
        <line num="40" count="6" type="stmt"/>
        <line num="41" count="84" type="cond" truecount="1" falsecount="1"/>
        <line num="43" count="6" type="stmt"/>
        <line num="44" count="78" type="cond" truecount="1" falsecount="1"/>
        <line num="48" count="6" type="stmt"/>
        <line num="52" count="6" type="stmt"/>
        <line num="54" count="6" type="stmt"/>
        <line num="56" count="6" type="stmt"/>
        <line num="57" count="6" type="stmt"/>
        <line num="59" count="6" type="stmt"/>
        <line num="61" count="6" type="stmt"/>
      </file>
    </package>
    <package name="dlmm.helpers">
      <metrics statements="1076" coveredstatements="138" conditionals="345" coveredconditionals="3" methods="148" coveredmethods="6"/>
      <file name="binArray.ts" path="/workdir/dlmm-sdk/ts-client/src/dlmm/helpers/binArray.ts">
        <metrics statements="145" coveredstatements="18" conditionals="57" coveredconditionals="0" methods="22" coveredmethods="1"/>
        <line num="1" count="6" type="stmt"/>
        <line num="2" count="6" type="stmt"/>
        <line num="3" count="6" type="stmt"/>
        <line num="4" count="6" type="stmt"/>
        <line num="13" count="6" type="stmt"/>
        <line num="17" count="6" type="stmt"/>
        <line num="18" count="6" type="stmt"/>
        <line num="22" count="0" type="stmt"/>
        <line num="23" count="0" type="stmt"/>
        <line num="24" count="0" type="stmt"/>
        <line num="28" count="0" type="stmt"/>
        <line num="30" count="0" type="stmt"/>
        <line num="34" count="0" type="stmt"/>
        <line num="38" count="0" type="cond" truecount="0" falsecount="2"/>
        <line num="39" count="0" type="stmt"/>
        <line num="44" count="0" type="stmt"/>
        <line num="52" count="0" type="stmt"/>
        <line num="53" count="0" type="cond" truecount="0" falsecount="1"/>
        <line num="54" count="0" type="stmt"/>
        <line num="57" count="0" type="stmt"/>
        <line num="58" count="0" type="cond" truecount="0" falsecount="1"/>
        <line num="59" count="0" type="stmt"/>
        <line num="62" count="0" type="stmt"/>
        <line num="66" count="0" type="cond" truecount="0" falsecount="1"/>
        <line num="67" count="0" type="stmt"/>
        <line num="69" count="0" type="stmt"/>
        <line num="70" count="0" type="cond" truecount="0" falsecount="1"/>
        <line num="71" count="0" type="stmt"/>
        <line num="74" count="0" type="stmt"/>
        <line num="78" count="0" type="stmt"/>
        <line num="93" count="0" type="stmt"/>
        <line num="94" count="0" type="cond" truecount="0" falsecount="2"/>
        <line num="99" count="0" type="stmt"/>
        <line num="100" count="0" type="cond" truecount="0" falsecount="2"/>
        <line num="109" count="0" type="cond" truecount="0" falsecount="2"/>
        <line num="110" count="0" type="stmt"/>
        <line num="111" count="0" type="stmt"/>
        <line num="112" count="0" type="stmt"/>
        <line num="114" count="0" type="cond" truecount="0" falsecount="2"/>
        <line num="117" count="0" type="stmt"/>
        <line num="118" count="0" type="cond" truecount="0" falsecount="1"/>
        <line num="119" count="0" type="stmt"/>
        <line num="123" count="0" type="stmt"/>
        <line num="124" count="0" type="stmt"/>
        <line num="125" count="0" type="stmt"/>
        <line num="127" count="0" type="cond" truecount="0" falsecount="2"/>
        <line num="130" count="0" type="stmt"/>
        <line num="131" count="0" type="cond" truecount="0" falsecount="1"/>
        <line num="132" count="0" type="stmt"/>
        <line num="137" count="0" type="stmt"/>
        <line num="141" count="6" type="stmt"/>
        <line num="142" count="0" type="stmt"/>
        <line num="143" count="0" type="stmt"/>
        <line num="148" count="6" type="stmt"/>
        <line num="152" count="23" type="stmt"/>
        <line num="158" count="6" type="stmt"/>
        <line num="159" count="0" type="stmt"/>
        <line num="160" count="0" type="cond" truecount="0" falsecount="4"/>
        <line num="163" count="6" type="stmt"/>
        <line num="164" count="0" type="stmt"/>
        <line num="165" count="0" type="stmt"/>
        <line num="167" count="0" type="stmt"/>
        <line num="170" count="6" type="stmt"/>
        <line num="171" count="0" type="stmt"/>
        <line num="172" count="0" type="cond" truecount="0" falsecount="2"/>
        <line num="175" count="6" type="stmt"/>
        <line num="176" count="0" type="stmt"/>
        <line num="178" count="0" type="stmt"/>
        <line num="179" count="0" type="cond" truecount="0" falsecount="2"/>
        <line num="180" count="0" type="stmt"/>
        <line num="182" count="0" type="stmt"/>
[...]
        <line num="144" count="0" type="stmt"/>
        <line num="151" count="0" type="cond" truecount="0" falsecount="2"/>
        <line num="152" count="0" type="stmt"/>
        <line num="156" count="0" type="stmt"/>
        <line num="159" count="0" type="stmt"/>
        <line num="162" count="0" type="stmt"/>
        <line num="163" count="0" type="stmt"/>
        <line num="165" count="0" type="stmt"/>
        <line num="166" count="0" type="stmt"/>
        <line num="168" count="0" type="stmt"/>
        <line num="169" count="0" type="stmt"/>
        <line num="171" count="0" type="stmt"/>
        <line num="172" count="0" type="stmt"/>
        <line num="174" count="0" type="stmt"/>
        <line num="175" count="0" type="stmt"/>
        <line num="176" count="0" type="stmt"/>
        <line num="177" count="0" type="stmt"/>
        <line num="179" count="0" type="cond" truecount="0" falsecount="1"/>
        <line num="180" count="0" type="stmt"/>
        <line num="187" count="0" type="cond" truecount="0" falsecount="1"/>
        <line num="188" count="0" type="stmt"/>
        <line num="195" count="0" type="cond" truecount="0" falsecount="1"/>
        <line num="196" count="0" type="stmt"/>
        <line num="205" count="6" type="stmt"/>
        <line num="213" count="0" type="stmt"/>
        <line num="214" count="0" type="stmt"/>
        <line num="216" count="0" type="stmt"/>
        <line num="217" count="0" type="stmt"/>
        <line num="219" count="0" type="stmt"/>
        <line num="220" count="0" type="stmt"/>
        <line num="223" count="0" type="cond" truecount="0" falsecount="1"/>
        <line num="224" count="0" type="stmt"/>
        <line num="225" count="0" type="stmt"/>
        <line num="230" count="0" type="stmt"/>
        <line num="231" count="0" type="stmt"/>
        <line num="233" count="0" type="stmt"/>
        <line num="237" count="0" type="cond" truecount="0" falsecount="1"/>
        <line num="238" count="0" type="stmt"/>
        <line num="239" count="0" type="stmt"/>
        <line num="244" count="0" type="stmt"/>
        <line num="246" count="0" type="stmt"/>
        <line num="250" count="0" type="stmt"/>
        <line num="252" count="0" type="stmt"/>
        <line num="253" count="0" type="cond" truecount="0" falsecount="2"/>
        <line num="254" count="0" type="stmt"/>
        <line num="255" count="0" type="cond" truecount="0" falsecount="2"/>
        <line num="256" count="0" type="stmt"/>
        <line num="258" count="0" type="stmt"/>
        <line num="259" count="0" type="stmt"/>
        <line num="266" count="0" type="stmt"/>
        <line num="268" count="0" type="stmt"/>
        <line num="269" count="0" type="cond" truecount="0" falsecount="1"/>
        <line num="270" count="0" type="stmt"/>
        <line num="271" count="0" type="stmt"/>
        <line num="273" count="0" type="cond" truecount="0" falsecount="1"/>
        <line num="274" count="0" type="stmt"/>
        <line num="275" count="0" type="stmt"/>
        <line num="277" count="0" type="cond" truecount="0" falsecount="1"/>
        <line num="278" count="0" type="stmt"/>
        <line num="279" count="0" type="stmt"/>
        <line num="280" count="0" type="stmt"/>
        <line num="281" count="0" type="stmt"/>
        <line num="282" count="0" type="stmt"/>
        <line num="284" count="0" type="stmt"/>
        <line num="289" count="0" type="stmt"/>
        <line num="290" count="0" type="stmt"/>
        <line num="293" count="0" type="stmt"/>
        <line num="294" count="0" type="stmt"/>
        <line num="298" count="0" type="stmt"/>
        <line num="299" count="0" type="stmt"/>
        <line num="301" count="0" type="stmt"/>
        <line num="302" count="0" type="cond" truecount="0" falsecount="1"/>
        <line num="303" count="0" type="stmt"/>
        <line num="310" count="0" type="cond" truecount="0" falsecount="1"/>
        <line num="311" count="0" type="stmt"/>
        <line num="318" count="0" type="cond" truecount="0" falsecount="1"/>
        <line num="319" count="0" type="stmt"/>
        <line num="327" count="0" type="cond" truecount="0" falsecount="1"/>
        <line num="328" count="0" type="stmt"/>
        <line num="332" count="0" type="cond" truecount="0" falsecount="1"/>
        <line num="333" count="0" type="stmt"/>
        <line num="334" count="0" type="stmt"/>
        <line num="338" count="0" type="stmt"/>
        <line num="341" count="6" type="stmt"/>
        <line num="349" count="0" type="stmt"/>
        <line num="350" count="0" type="stmt"/>
        <line num="352" count="0" type="stmt"/>
        <line num="353" count="0" type="stmt"/>
        <line num="355" count="0" type="stmt"/>
        <line num="356" count="0" type="stmt"/>
        <line num="359" count="0" type="cond" truecount="0" falsecount="1"/>
        <line num="360" count="0" type="stmt"/>
        <line num="361" count="0" type="stmt"/>
        <line num="368" count="0" type="stmt"/>
        <line num="370" count="0" type="stmt"/>
        <line num="374" count="0" type="cond" truecount="0" falsecount="1"/>
        <line num="375" count="0" type="stmt"/>
        <line num="376" count="0" type="stmt"/>
        <line num="383" count="0" type="stmt"/>
        <line num="384" count="0" type="stmt"/>
        <line num="386" count="0" type="stmt"/>
        <line num="393" count="0" type="stmt"/>
        <line num="395" count="0" type="stmt"/>
        <line num="396" count="0" type="cond" truecount="0" falsecount="2"/>
        <line num="397" count="0" type="stmt"/>
        <line num="398" count="0" type="cond" truecount="0" falsecount="2"/>
        <line num="399" count="0" type="stmt"/>
        <line num="401" count="0" type="stmt"/>
        <line num="402" count="0" type="stmt"/>
        <line num="409" count="0" type="stmt"/>
        <line num="411" count="0" type="stmt"/>
        <line num="412" count="0" type="cond" truecount="0" falsecount="1"/>
        <line num="413" count="0" type="stmt"/>
        <line num="414" count="0" type="stmt"/>
        <line num="416" count="0" type="cond" truecount="0" falsecount="1"/>
        <line num="417" count="0" type="stmt"/>
        <line num="418" count="0" type="stmt"/>
        <line num="420" count="0" type="stmt"/>
        <line num="425" count="0" type="stmt"/>
        <line num="426" count="0" type="stmt"/>
        <line num="429" count="0" type="stmt"/>
        <line num="430" count="0" type="stmt"/>
        <line num="434" count="0" type="stmt"/>
        <line num="435" count="0" type="cond" truecount="0" falsecount="1"/>
        <line num="436" count="0" type="stmt"/>
        <line num="443" count="0" type="cond" truecount="0" falsecount="1"/>
        <line num="444" count="0" type="stmt"/>
        <line num="451" count="0" type="cond" truecount="0" falsecount="1"/>
        <line num="452" count="0" type="stmt"/>
        <line num="461" count="6" type="stmt"/>
        <line num="468" count="0" type="cond" truecount="0" falsecount="2"/>
        <line num="469" count="0" type="stmt"/>
        <line num="471" count="0" type="stmt"/>
        <line num="475" count="6" type="stmt"/>
        <line num="485" count="0" type="stmt"/>
        <line num="486" count="0" type="stmt"/>
        <line num="489" count="0" type="cond" truecount="0" falsecount="1"/>
        <line num="490" count="0" type="stmt"/>
        <line num="494" count="0" type="cond" truecount="0" falsecount="1"/>
        <line num="495" count="0" type="stmt"/>
        <line num="496" count="0" type="stmt"/>
        <line num="497" count="0" type="stmt"/>
        <line num="506" count="0" type="cond" truecount="0" falsecount="1"/>
        <line num="507" count="0" type="stmt"/>
        <line num="508" count="0" type="stmt"/>
        <line num="509" count="0" type="stmt"/>
        <line num="516" count="0" type="stmt"/>
      </file>
      <file name="weightToAmounts.ts" path="/workdir/dlmm-sdk/ts-client/src/dlmm/helpers/weightToAmounts.ts">
        <metrics statements="175" coveredstatements="8" conditionals="64" coveredconditionals="0" methods="22" coveredmethods="0"/>
        <line num="2" count="6" type="stmt"/>
        <line num="3" count="6" type="stmt"/>
        <line num="4" count="6" type="stmt"/>
        <line num="6" count="6" type="stmt"/>
        <line num="15" count="0" type="stmt"/>
        <line num="16" count="0" type="cond" truecount="0" falsecount="2"/>
        <line num="19" count="0" type="cond" truecount="0" falsecount="1"/>
        <line num="20" count="0" type="stmt"/>
        <line num="22" count="0" type="stmt"/>
        <line num="23" count="0" type="cond" truecount="0" falsecount="2"/>
        <line num="24" count="0" type="stmt"/>
        <line num="29" count="0" type="stmt"/>
        <line num="39" count="6" type="stmt"/>
        <line num="47" count="0" type="stmt"/>
        <line num="48" count="0" type="cond" truecount="0" falsecount="2"/>
        <line num="49" count="0" type="stmt"/>
        <line num="51" count="0" type="stmt"/>
        <line num="52" count="0" type="stmt"/>
        <line num="53" count="0" type="stmt"/>
        <line num="57" count="0" type="cond" truecount="0" falsecount="1"/>
        <line num="58" count="0" type="stmt"/>
        <line num="61" count="0" type="stmt"/>
        <line num="62" count="0" type="cond" truecount="0" falsecount="2"/>
        <line num="63" count="0" type="stmt"/>
        <line num="68" count="0" type="stmt"/>
        <line num="69" count="0" type="stmt"/>
        <line num="70" count="0" type="stmt"/>
        <line num="78" count="6" type="stmt"/>
        <line num="91" count="0" type="cond" truecount="0" falsecount="1"/>
        <line num="92" count="0" type="stmt"/>
        <line num="93" count="0" type="stmt"/>
        <line num="94" count="0" type="stmt"/>
        <line num="102" count="0" type="cond" truecount="0" falsecount="1"/>
        <line num="103" count="0" type="stmt"/>
        <line num="104" count="0" type="stmt"/>
        <line num="105" count="0" type="stmt"/>
        <line num="112" count="0" type="stmt"/>
        <line num="113" count="0" type="stmt"/>
        <line num="116" count="0" type="cond" truecount="0" falsecount="2"/>
        <line num="117" count="0" type="stmt"/>
        <line num="118" count="0" type="stmt"/>
        <line num="119" count="0" type="stmt"/>
        <line num="120" count="0" type="stmt"/>
        <line num="121" count="0" type="cond" truecount="0" falsecount="4"/>
        <line num="122" count="0" type="stmt"/>
        <line num="123" count="0" type="stmt"/>
        <line num="125" count="0" type="stmt"/>
        <line num="126" count="0" type="stmt"/>
        <line num="128" count="0" type="cond" truecount="0" falsecount="1"/>
        <line num="129" count="0" type="stmt"/>
        <line num="133" count="0" type="cond" truecount="0" falsecount="1"/>
        <line num="134" count="0" type="stmt"/>
        <line num="142" count="0" type="stmt"/>
        <line num="143" count="0" type="stmt"/>
        <line num="144" count="0" type="stmt"/>
        <line num="145" count="0" type="cond" truecount="0" falsecount="1"/>
        <line num="146" count="0" type="stmt"/>
        <line num="148" count="0" type="cond" truecount="0" falsecount="1"/>
        <line num="149" count="0" type="stmt"/>
        <line num="150" count="0" type="stmt"/>
        <line num="151" count="0" type="stmt"/>
        <line num="154" count="0" type="stmt"/>
        <line num="155" count="0" type="stmt"/>
        <line num="156" count="0" type="cond" truecount="0" falsecount="2"/>
        <line num="157" count="0" type="stmt"/>
        <line num="158" count="0" type="cond" truecount="0" falsecount="1"/>
        <line num="159" count="0" type="stmt"/>
        <line num="160" count="0" type="stmt"/>
        <line num="166" count="0" type="cond" truecount="0" falsecount="1"/>
        <line num="167" count="0" type="stmt"/>
        <line num="168" count="0" type="stmt"/>
        <line num="169" count="0" type="stmt"/>
        <line num="170" count="0" type="stmt"/>
        <line num="177" count="0" type="stmt"/>
        <line num="178" count="0" type="stmt"/>
        <line num="179" count="0" type="stmt"/>
        <line num="186" count="0" type="stmt"/>
        <line num="187" count="0" type="stmt"/>
        <line num="188" count="0" type="stmt"/>
        <line num="189" count="0" type="cond" truecount="0" falsecount="2"/>
        <line num="190" count="0" type="stmt"/>
        <line num="192" count="0" type="stmt"/>
        <line num="193" count="0" type="stmt"/>
        <line num="194" count="0" type="stmt"/>
        <line num="198" count="0" type="stmt"/>
        <line num="199" count="0" type="stmt"/>
        <line num="200" count="0" type="cond" truecount="0" falsecount="2"/>
        <line num="202" count="0" type="stmt"/>
        <line num="203" count="0" type="cond" truecount="0" falsecount="2"/>
        <line num="204" count="0" type="stmt"/>
        <line num="205" count="0" type="stmt"/>
        <line num="211" count="0" type="stmt"/>
        <line num="212" count="0" type="stmt"/>
        <line num="213" count="0" type="stmt"/>
        <line num="214" count="0" type="stmt"/>
        <line num="225" count="6" type="stmt"/>
        <line num="232" count="0" type="stmt"/>
        <line num="233" count="0" type="stmt"/>
        <line num="236" count="0" type="cond" truecount="0" falsecount="2"/>
        <line num="237" count="0" type="stmt"/>
        <line num="238" count="0" type="stmt"/>
        <line num="239" count="0" type="stmt"/>
        <line num="240" count="0" type="stmt"/>
        <line num="241" count="0" type="cond" truecount="0" falsecount="4"/>
        <line num="242" count="0" type="stmt"/>
        <line num="243" count="0" type="stmt"/>
        <line num="245" count="0" type="stmt"/>
        <line num="246" count="0" type="stmt"/>
        <line num="248" count="0" type="cond" truecount="0" falsecount="1"/>
        <line num="249" count="0" type="stmt"/>
        <line num="253" count="0" type="cond" truecount="0" falsecount="1"/>
        <line num="254" count="0" type="stmt"/>
        <line num="262" count="0" type="stmt"/>
        <line num="263" count="0" type="stmt"/>
        <line num="264" count="0" type="stmt"/>
        <line num="265" count="0" type="cond" truecount="0" falsecount="1"/>
        <line num="266" count="0" type="stmt"/>
        <line num="268" count="0" type="cond" truecount="0" falsecount="1"/>
        <line num="269" count="0" type="stmt"/>
        <line num="270" count="0" type="stmt"/>
        <line num="271" count="0" type="stmt"/>
        <line num="274" count="0" type="cond" truecount="0" falsecount="2"/>
        <line num="275" count="0" type="stmt"/>
        <line num="276" count="0" type="stmt"/>
        <line num="278" count="0" type="stmt"/>
        <line num="279" count="0" type="stmt"/>
        <line num="280" count="0" type="stmt"/>
        <line num="281" count="0" type="cond" truecount="0" falsecount="2"/>
        <line num="282" count="0" type="stmt"/>
        <line num="284" count="0" type="stmt"/>
        <line num="285" count="0" type="stmt"/>
        <line num="286" count="0" type="stmt"/>
        <line num="289" count="0" type="cond" truecount="0" falsecount="2"/>
        <line num="290" count="0" type="stmt"/>
        <line num="291" count="0" type="stmt"/>
        <line num="296" count="6" type="stmt"/>
        <line num="303" count="0" type="stmt"/>
        <line num="304" count="0" type="stmt"/>
        <line num="307" count="0" type="cond" truecount="0" falsecount="2"/>
        <line num="308" count="0" type="stmt"/>
        <line num="309" count="0" type="stmt"/>
        <line num="310" count="0" type="stmt"/>
        <line num="311" count="0" type="stmt"/>
        <line num="312" count="0" type="cond" truecount="0" falsecount="4"/>
        <line num="313" count="0" type="stmt"/>
        <line num="314" count="0" type="stmt"/>
        <line num="316" count="0" type="stmt"/>
        <line num="317" count="0" type="stmt"/>
        <line num="319" count="0" type="cond" truecount="0" falsecount="1"/>
        <line num="320" count="0" type="stmt"/>
        <line num="324" count="0" type="cond" truecount="0" falsecount="1"/>
        <line num="325" count="0" type="stmt"/>
        <line num="333" count="0" type="stmt"/>
        <line num="334" count="0" type="stmt"/>
        <line num="335" count="0" type="stmt"/>
        <line num="336" count="0" type="cond" truecount="0" falsecount="1"/>
        <line num="337" count="0" type="stmt"/>
        <line num="339" count="0" type="cond" truecount="0" falsecount="1"/>
        <line num="340" count="0" type="stmt"/>
        <line num="341" count="0" type="stmt"/>
        <line num="342" count="0" type="stmt"/>
        <line num="345" count="0" type="cond" truecount="0" falsecount="2"/>
        <line num="346" count="0" type="stmt"/>
        <line num="347" count="0" type="stmt"/>
        <line num="349" count="0" type="stmt"/>
        <line num="350" count="0" type="stmt"/>
        <line num="351" count="0" type="stmt"/>
        <line num="352" count="0" type="cond" truecount="0" falsecount="2"/>
        <line num="353" count="0" type="stmt"/>
        <line num="355" count="0" type="stmt"/>
        <line num="356" count="0" type="stmt"/>
        <line num="357" count="0" type="stmt"/>
        <line num="360" count="0" type="cond" truecount="0" falsecount="2"/>
        <line num="361" count="0" type="stmt"/>
        <line num="362" count="0" type="stmt"/>
      </file>
    </package>
    <package name="dlmm.types">
      <metrics statements="35" coveredstatements="31" conditionals="14" coveredconditionals="14" methods="9" coveredmethods="7"/>
      <file name="index.ts" path="/workdir/dlmm-sdk/ts-client/src/dlmm/types/index.ts">
        <metrics statements="35" coveredstatements="31" conditionals="14" coveredconditionals="14" methods="9" coveredmethods="7"/>
        <line num="1" count="6" type="stmt"/>
        <line num="9" count="6" type="stmt"/>
        <line num="11" count="6" type="stmt"/>
        <line num="12" count="6" type="stmt"/>
        <line num="115" count="6" type="cond" truecount="2" falsecount="0"/>
        <line num="116" count="6" type="stmt"/>
        <line num="117" count="6" type="stmt"/>
        <line num="120" count="6" type="cond" truecount="2" falsecount="0"/>
        <line num="121" count="6" type="stmt"/>
        <line num="122" count="6" type="stmt"/>
        <line num="125" count="6" type="stmt"/>
        <line num="134" count="6" type="cond" truecount="2" falsecount="0"/>
        <line num="135" count="6" type="stmt"/>
        <line num="136" count="6" type="stmt"/>
        <line num="137" count="6" type="stmt"/>
        <line num="138" count="6" type="stmt"/>
        <line num="139" count="6" type="stmt"/>
        <line num="140" count="6" type="stmt"/>
        <line num="143" count="6" type="cond" truecount="2" falsecount="0"/>
        <line num="144" count="6" type="stmt"/>
        <line num="145" count="6" type="stmt"/>
        <line num="187" count="6" type="cond" truecount="2" falsecount="0"/>
        <line num="188" count="6" type="stmt"/>
        <line num="196" count="0" type="stmt"/>
        <line num="200" count="0" type="stmt"/>
        <line num="213" count="6" type="stmt"/>
        <line num="220" count="0" type="stmt"/>
        <line num="224" count="0" type="stmt"/>
        <line num="381" count="6" type="cond" truecount="2" falsecount="0"/>
        <line num="382" count="6" type="stmt"/>
        <line num="383" count="6" type="stmt"/>
        <line num="399" count="6" type="stmt"/>
        <line num="407" count="6" type="cond" truecount="2" falsecount="0"/>
        <line num="408" count="6" type="stmt"/>
        <line num="409" count="6" type="stmt"/>
      </file>
    </package>
  </project>
</coverage>
