{"/workdir/dlmm-sdk/ts-client/src/dlmm/error.ts": {"path":"/workdir/dlmm-sdk/ts-client/src/dlmm/error.ts","statementMap":{"0":{"start":{"line":1,"column":0},"end":{"line":1,"column":28}},"1":{"start":{"line":2,"column":0},"end":{"line":2,"column":62}},"2":{"start":{"line":3,"column":0},"end":{"line":3,"column":49}},"3":{"start":{"line":14,"column":21},"end":{"line":14,"column":22}},"4":{"start":{"line":15,"column":21},"end":{"line":15,"column":43}},"5":{"start":{"line":16,"column":24},"end":{"line":16,"column":46}},"6":{"start":{"line":18,"column":4},"end":{"line":38,"column":5}},"7":{"start":{"line":19,"column":26},"end":{"line":20,"column":null}},"8":{"start":{"line":23,"column":6},"end":{"line":29,"column":7}},"9":{"start":{"line":26,"column":8},"end":{"line":26,"column":56}},"10":{"start":{"line":27,"column":8},"end":{"line":27,"column":54}},"11":{"start":{"line":28,"column":8},"end":{"line":28,"column":55}},"12":{"start":{"line":31,"column":23},"end":{"line":31,"column":67}},"13":{"start":{"line":31,"column":48},"end":{"line":31,"column":66}},"14":{"start":{"line":33,"column":6},"end":{"line":37,"column":7}},"15":{"start":{"line":34,"column":8},"end":{"line":34,"column":35}},"16":{"start":{"line":35,"column":8},"end":{"line":35,"column":35}},"17":{"start":{"line":36,"column":8},"end":{"line":36,"column":37}},"18":{"start":{"line":40,"column":4},"end":{"line":40,"column":25}},"19":{"start":{"line":42,"column":4},"end":{"line":42,"column":32}},"20":{"start":{"line":43,"column":4},"end":{"line":43,"column":32}},"21":{"start":{"line":44,"column":4},"end":{"line":44,"column":38}},"22":{"start":{"line":8,"column":0},"end":{"line":8,"column":13}},"23":{"start":{"line":56,"column":4},"end":{"line":56,"column":12}},"24":{"start":{"line":57,"column":4},"end":{"line":57,"column":21}},"25":{"start":{"line":58,"column":4},"end":{"line":58,"column":27}},"26":{"start":{"line":51,"column":0},"end":{"line":51,"column":13}}},"fnMap":{"0":{"name":"(anonymous_0)","decl":{"start":{"line":13,"column":2},"end":{"line":13,"column":14}},"loc":{"start":{"line":13,"column":35},"end":{"line":45,"column":3}}},"1":{"name":"(anonymous_1)","decl":{"start":{"line":31,"column":39},"end":{"line":31,"column":40}},"loc":{"start":{"line":31,"column":48},"end":{"line":31,"column":66}}},"2":{"name":"(anonymous_2)","decl":{"start":{"line":55,"column":2},"end":{"line":55,"column":14}},"loc":{"start":{"line":55,"column":46},"end":{"line":59,"column":3}}}},"branchMap":{"0":{"loc":{"start":{"line":18,"column":4},"end":{"line":38,"column":5}},"type":"if","locations":[{"start":{"line":18,"column":4},"end":{"line":38,"column":5}},{"start":{"line":30,"column":11},"end":{"line":38,"column":5}}]},"1":{"loc":{"start":{"line":23,"column":6},"end":{"line":29,"column":7}},"type":"if","locations":[{"start":{"line":23,"column":6},"end":{"line":29,"column":7}}]},"2":{"loc":{"start":{"line":33,"column":6},"end":{"line":37,"column":7}},"type":"if","locations":[{"start":{"line":33,"column":6},"end":{"line":37,"column":7}}]}},"s":{"0":5,"1":5,"2":5,"3":0,"4":0,"5":0,"6":0,"7":0,"8":0,"9":0,"10":0,"11":0,"12":0,"13":0,"14":0,"15":0,"16":0,"17":0,"18":0,"19":0,"20":0,"21":0,"22":5,"23":0,"24":0,"25":0,"26":5},"f":{"0":0,"1":0,"2":0},"b":{"0":[0,0],"1":[0],"2":[0]}}
,"/workdir/dlmm-sdk/ts-client/src/dlmm/idl.ts": {"path":"/workdir/dlmm-sdk/ts-client/src/dlmm/idl.ts","statementMap":{"0":{"start":{"line":5382,"column":13},"end":{"line":10761,"column":2}}},"fnMap":{},"branchMap":{},"s":{"0":6},"f":{},"b":{}}
,"/workdir/dlmm-sdk/ts-client/src/dlmm/index.ts": {"path":"/workdir/dlmm-sdk/ts-client/src/dlmm/index.ts","statementMap":{"0":{"start":{"line":1,"column":0},"end":{"line":1,"column":64}},"1":{"start":{"line":2,"column":0},"end":{"line":2,"column":62}},"2":{"start":{"line":3,"column":0},"end":{"line":3,"column":null}},"3":{"start":{"line":12,"column":0},"end":{"line":12,"column":null}},"4":{"start":{"line":24,"column":0},"end":{"line":24,"column":33}},"5":{"start":{"line":25,"column":0},"end":{"line":25,"column":null}},"6":{"start":{"line":40,"column":0},"end":{"line":40,"column":39}},"7":{"start":{"line":41,"column":0},"end":{"line":41,"column":null}},"8":{"start":{"line":77,"column":0},"end":{"line":77,"column":null}},"9":{"start":{"line":90,"column":0},"end":{"line":90,"column":28}},"10":{"start":{"line":91,"column":0},"end":{"line":91,"column":null}},"11":{"start":{"line":140,"column":0},"end":{"line":140,"column":65}},"12":{"start":{"line":149,"column":11},"end":{"line":149,"column":28}},"13":{"start":{"line":150,"column":11},"end":{"line":150,"column":31}},"14":{"start":{"line":151,"column":11},"end":{"line":151,"column":25}},"15":{"start":{"line":152,"column":11},"end":{"line":152,"column":73}},"16":{"start":{"line":153,"column":11},"end":{"line":153,"column":31}},"17":{"start":{"line":154,"column":11},"end":{"line":154,"column":31}},"18":{"start":{"line":155,"column":11},"end":{"line":155,"column":23}},"19":{"start":{"line":156,"column":12},"end":{"line":156,"column":21}},"20":{"start":{"line":175,"column":21},"end":{"line":178,"column":null}},"21":{"start":{"line":180,"column":20},"end":{"line":183,"column":null}},"22":{"start":{"line":186,"column":4},"end":{"line":186,"column":40}},"23":{"start":{"line":197,"column":20},"end":{"line":197,"column":50}},"24":{"start":{"line":199,"column":21},"end":{"line":202,"column":null}},"25":{"start":{"line":204,"column":20},"end":{"line":207,"column":null}},"26":{"start":{"line":210,"column":4},"end":{"line":236,"column":5}},"27":{"start":{"line":211,"column":27},"end":{"line":216,"column":null}},"28":{"start":{"line":218,"column":23},"end":{"line":218,"column":77}},"29":{"start":{"line":219,"column":6},"end":{"line":219,"column":38}},"30":{"start":{"line":219,"column":20},"end":{"line":219,"column":38}},"31":{"start":{"line":221,"column":26},"end":{"line":225,"column":null}},"32":{"start":{"line":228,"column":22},"end":{"line":228,"column":75}},"33":{"start":{"line":229,"column":6},"end":{"line":231,"column":7}},"34":{"start":{"line":230,"column":8},"end":{"line":230,"column":25}},"35":{"start":{"line":233,"column":6},"end":{"line":233,"column":18}},"36":{"start":{"line":235,"column":6},"end":{"line":235,"column":18}},"37":{"start":{"line":253,"column":20},"end":{"line":253,"column":50}},"38":{"start":{"line":255,"column":21},"end":{"line":258,"column":null}},"39":{"start":{"line":260,"column":20},"end":{"line":263,"column":null}},"40":{"start":{"line":266,"column":42},"end":{"line":269,"column":8}},"41":{"start":{"line":270,"column":28},"end":{"line":274,"column":6}},"42":{"start":{"line":276,"column":25},"end":{"line":278,"column":null}},"43":{"start":{"line":280,"column":36},"end":{"line":280,"column":57}},"44":{"start":{"line":281,"column":4},"end":{"line":282,"column":70}},"45":{"start":{"line":282,"column":6},"end":{"line":282,"column":70}},"46":{"start":{"line":283,"column":34},"end":{"line":285,"column":null}},"47":{"start":{"line":287,"column":44},"end":{"line":287,"column":65}},"48":{"start":{"line":288,"column":73},"end":{"line":288,"column":77}},"49":{"start":{"line":289,"column":4},"end":{"line":294,"column":5}},"50":{"start":{"line":290,"column":6},"end":{"line":293,"column":8}},"51":{"start":{"line":296,"column":35},"end":{"line":296,"column":56}},"52":{"start":{"line":297,"column":4},"end":{"line":297,"column":76}},"53":{"start":{"line":297,"column":33},"end":{"line":297,"column":76}},"54":{"start":{"line":298,"column":18},"end":{"line":298,"column":69}},"55":{"start":{"line":300,"column":32},"end":{"line":307,"column":null}},"56":{"start":{"line":310,"column":4},"end":{"line":315,"column":5}},"57":{"start":{"line":311,"column":6},"end":{"line":314,"column":8}},"58":{"start":{"line":317,"column":28},"end":{"line":317,"column":77}},"59":{"start":{"line":318,"column":28},"end":{"line":318,"column":77}},"60":{"start":{"line":319,"column":26},"end":{"line":321,"column":14}},"61":{"start":{"line":322,"column":26},"end":{"line":324,"column":14}},"62":{"start":{"line":325,"column":19},"end":{"line":330,"column":6}},"63":{"start":{"line":331,"column":19},"end":{"line":336,"column":6}},"64":{"start":{"line":337,"column":4},"end":{"line":346,"column":6}},"65":{"start":{"line":363,"column":20},"end":{"line":363,"column":50}},"66":{"start":{"line":365,"column":21},"end":{"line":368,"column":null}},"67":{"start":{"line":370,"column":20},"end":{"line":373,"column":null}},"68":{"start":{"line":376,"column":37},"end":{"line":377,"column":null}},"69":{"start":{"line":377,"column":18},"end":{"line":377,"column":77}},"70":{"start":{"line":379,"column":28},"end":{"line":383,"column":6}},"71":{"start":{"line":385,"column":25},"end":{"line":387,"column":null}},"72":{"start":{"line":390,"column":25},"end":{"line":390,"column":43}},"73":{"start":{"line":391,"column":35},"end":{"line":391,"column":53}},"74":{"start":{"line":392,"column":4},"end":{"line":392,"column":76}},"75":{"start":{"line":392,"column":33},"end":{"line":392,"column":76}},"76":{"start":{"line":393,"column":18},"end":{"line":393,"column":69}},"77":{"start":{"line":395,"column":28},"end":{"line":395,"column":53}},"78":{"start":{"line":396,"column":4},"end":{"line":406,"column":5}},"79":{"start":{"line":396,"column":17},"end":{"line":396,"column":18}},"80":{"start":{"line":397,"column":27},"end":{"line":397,"column":38}},"81":{"start":{"line":398,"column":38},"end":{"line":398,"column":59}},"82":{"start":{"line":399,"column":6},"end":{"line":400,"column":80}},"83":{"start":{"line":400,"column":8},"end":{"line":400,"column":80}},"84":{"start":{"line":401,"column":30},"end":{"line":403,"column":null}},"85":{"start":{"line":405,"column":6},"end":{"line":405,"column":68}},"86":{"start":{"line":408,"column":40},"end":{"line":408,"column":null}},"87":{"start":{"line":412,"column":4},"end":{"line":426,"column":5}},"88":{"start":{"line":412,"column":17},"end":{"line":412,"column":32}},"89":{"start":{"line":413,"column":20},"end":{"line":413,"column":39}},"90":{"start":{"line":414,"column":27},"end":{"line":414,"column":42}},"91":{"start":{"line":415,"column":46},"end":{"line":415,"column":67}},"92":{"start":{"line":416,"column":6},"end":{"line":425,"column":7}},"93":{"start":{"line":417,"column":47},"end":{"line":419,"column":null}},"94":{"start":{"line":421,"column":8},"end":{"line":424,"column":10}},"95":{"start":{"line":428,"column":30},"end":{"line":430,"column":13}},"96":{"start":{"line":429,"column":39},"end":{"line":429,"column":59}},"97":{"start":{"line":432,"column":32},"end":{"line":434,"column":13}},"98":{"start":{"line":433,"column":43},"end":{"line":433,"column":67}},"99":{"start":{"line":437,"column":6},"end":{"line":440,"column":8}},"100":{"start":{"line":442,"column":23},"end":{"line":507,"column":null}},"101":{"start":{"line":444,"column":28},"end":{"line":444,"column":66}},"102":{"start":{"line":445,"column":8},"end":{"line":446,"column":74}},"103":{"start":{"line":446,"column":10},"end":{"line":446,"column":74}},"104":{"start":{"line":448,"column":45},"end":{"line":449,"column":null}},"105":{"start":{"line":451,"column":46},"end":{"line":451,"column":77}},"106":{"start":{"line":454,"column":10},"end":{"line":454,"column":14}},"107":{"start":{"line":455,"column":8},"end":{"line":460,"column":9}},"108":{"start":{"line":456,"column":10},"end":{"line":459,"column":12}},"109":{"start":{"line":462,"column":36},"end":{"line":462,"column":78}},"110":{"start":{"line":464,"column":10},"end":{"line":464,"column":56}},"111":{"start":{"line":466,"column":10},"end":{"line":466,"column":79}},"112":{"start":{"line":468,"column":10},"end":{"line":469,"column":null}},"113":{"start":{"line":472,"column":8},"end":{"line":475,"column":12}},"114":{"start":{"line":473,"column":10},"end":{"line":475,"column":12}},"115":{"start":{"line":477,"column":32},"end":{"line":477,"column":78}},"116":{"start":{"line":478,"column":32},"end":{"line":478,"column":78}},"117":{"start":{"line":479,"column":30},"end":{"line":481,"column":18}},"118":{"start":{"line":482,"column":30},"end":{"line":484,"column":18}},"119":{"start":{"line":485,"column":23},"end":{"line":490,"column":10}},"120":{"start":{"line":491,"column":23},"end":{"line":496,"column":10}},"121":{"start":{"line":497,"column":8},"end":{"line":506,"column":10}},"122":{"start":{"line":510,"column":4},"end":{"line":510,"column":22}},"123":{"start":{"line":514,"column":21},"end":{"line":517,"column":null}},"124":{"start":{"line":519,"column":20},"end":{"line":522,"column":null}},"125":{"start":{"line":525,"column":28},"end":{"line":525,"column":71}},"126":{"start":{"line":526,"column":4},"end":{"line":526,"column":27}},"127":{"start":{"line":545,"column":20},"end":{"line":545,"column":50}},"128":{"start":{"line":547,"column":21},"end":{"line":550,"column":null}},"129":{"start":{"line":552,"column":20},"end":{"line":555,"column":null}},"130":{"start":{"line":558,"column":24},"end":{"line":565,"column":6}},"131":{"start":{"line":567,"column":32},"end":{"line":567,"column":49}},"132":{"start":{"line":568,"column":24},"end":{"line":568,"column":41}},"133":{"start":{"line":569,"column":4},"end":{"line":586,"column":7}},"134":{"start":{"line":570,"column":33},"end":{"line":570,"column":73}},"135":{"start":{"line":571,"column":33},"end":{"line":571,"column":73}},"136":{"start":{"line":573,"column":36},"end":{"line":576,"column":null}},"137":{"start":{"line":578,"column":36},"end":{"line":581,"column":null}},"138":{"start":{"line":583,"column":6},"end":{"line":583,"column":62}},"139":{"start":{"line":584,"column":6},"end":{"line":584,"column":62}},"140":{"start":{"line":585,"column":6},"end":{"line":585,"column":41}},"141":{"start":{"line":587,"column":34},"end":{"line":588,"column":null}},"142":{"start":{"line":588,"column":18},"end":{"line":588,"column":39}},"143":{"start":{"line":590,"column":26},"end":{"line":591,"column":null}},"144":{"start":{"line":591,"column":18},"end":{"line":591,"column":39}},"145":{"start":{"line":595,"column":6},"end":{"line":599,"column":8}},"146":{"start":{"line":601,"column":35},"end":{"line":601,"column":44}},"147":{"start":{"line":603,"column":4},"end":{"line":620,"column":5}},"148":{"start":{"line":604,"column":14},"end":{"line":604,"column":15}},"149":{"start":{"line":609,"column":8},"end":{"line":610,"column":null}},"150":{"start":{"line":612,"column":38},"end":{"line":612,"column":57}},"151":{"start":{"line":613,"column":6},"end":{"line":619,"column":7}},"152":{"start":{"line":614,"column":32},"end":{"line":616,"column":null}},"153":{"start":{"line":618,"column":8},"end":{"line":618,"column":79}},"154":{"start":{"line":622,"column":30},"end":{"line":622,"column":55}},"155":{"start":{"line":623,"column":4},"end":{"line":641,"column":5}},"156":{"start":{"line":625,"column":8},"end":{"line":625,"column":36}},"157":{"start":{"line":630,"column":8},"end":{"line":631,"column":null}},"158":{"start":{"line":633,"column":36},"end":{"line":633,"column":55}},"159":{"start":{"line":634,"column":6},"end":{"line":635,"column":80}},"160":{"start":{"line":635,"column":8},"end":{"line":635,"column":80}},"161":{"start":{"line":636,"column":28},"end":{"line":638,"column":null}},"162":{"start":{"line":640,"column":6},"end":{"line":640,"column":68}},"163":{"start":{"line":643,"column":32},"end":{"line":650,"column":13}},"164":{"start":{"line":644,"column":63},"end":{"line":649,"column":8}},"165":{"start":{"line":652,"column":32},"end":{"line":654,"column":null}},"166":{"start":{"line":657,"column":31},"end":{"line":657,"column":null}},"167":{"start":{"line":661,"column":28},"end":{"line":661,"column":null}},"168":{"start":{"line":665,"column":4},"end":{"line":697,"column":7}},"169":{"start":{"line":666,"column":20},"end":{"line":666,"column":27}},"170":{"start":{"line":668,"column":8},"end":{"line":668,"column":34}},"171":{"start":{"line":670,"column":8},"end":{"line":670,"column":38}},"172":{"start":{"line":671,"column":6},"end":{"line":674,"column":10}},"173":{"start":{"line":672,"column":8},"end":{"line":674,"column":10}},"174":{"start":{"line":675,"column":26},"end":{"line":675,"column":72}},"175":{"start":{"line":676,"column":26},"end":{"line":676,"column":72}},"176":{"start":{"line":678,"column":6},"end":{"line":681,"column":9}},"177":{"start":{"line":684,"column":8},"end":{"line":684,"column":38}},"178":{"start":{"line":686,"column":8},"end":{"line":686,"column":38}},"179":{"start":{"line":687,"column":6},"end":{"line":690,"column":10}},"180":{"start":{"line":688,"column":8},"end":{"line":690,"column":10}},"181":{"start":{"line":691,"column":20},"end":{"line":691,"column":57}},"182":{"start":{"line":692,"column":20},"end":{"line":692,"column":57}},"183":{"start":{"line":693,"column":6},"end":{"line":696,"column":9}},"184":{"start":{"line":699,"column":29},"end":{"line":701,"column":16}},"185":{"start":{"line":715,"column":8},"end":{"line":715,"column":17}},"186":{"start":{"line":716,"column":4},"end":{"line":804,"column":5}},"187":{"start":{"line":717,"column":53},"end":{"line":717,"column":61}},"188":{"start":{"line":719,"column":59},"end":{"line":719,"column":66}},"189":{"start":{"line":720,"column":33},"end":{"line":720,"column":73}},"190":{"start":{"line":721,"column":33},"end":{"line":721,"column":73}},"191":{"start":{"line":723,"column":36},"end":{"line":726,"column":null}},"192":{"start":{"line":728,"column":36},"end":{"line":731,"column":null}},"193":{"start":{"line":733,"column":28},"end":{"line":734,"column":null}},"194":{"start":{"line":736,"column":28},"end":{"line":737,"column":null}},"195":{"start":{"line":740,"column":24},"end":{"line":740,"column":64}},"196":{"start":{"line":741,"column":52},"end":{"line":744,"column":8}},"197":{"start":{"line":746,"column":8},"end":{"line":746,"column":72}},"198":{"start":{"line":748,"column":8},"end":{"line":748,"column":72}},"199":{"start":{"line":749,"column":21},"end":{"line":754,"column":8}},"200":{"start":{"line":755,"column":21},"end":{"line":760,"column":8}},"201":{"start":{"line":761,"column":27},"end":{"line":786,"column":8}},"202":{"start":{"line":788,"column":6},"end":{"line":803,"column":7}},"203":{"start":{"line":789,"column":8},"end":{"line":802,"column":11}},"204":{"start":{"line":806,"column":4},"end":{"line":806,"column":24}},"205":{"start":{"line":814,"column":4},"end":{"line":816,"column":18}},"206":{"start":{"line":824,"column":23},"end":{"line":824,"column":77}},"207":{"start":{"line":825,"column":18},"end":{"line":827,"column":54}},"208":{"start":{"line":828,"column":4},"end":{"line":828,"column":59}},"209":{"start":{"line":845,"column":21},"end":{"line":848,"column":null}},"210":{"start":{"line":850,"column":20},"end":{"line":853,"column":null}},"211":{"start":{"line":856,"column":21},"end":{"line":861,"column":null}},"212":{"start":{"line":864,"column":23},"end":{"line":864,"column":71}},"213":{"start":{"line":865,"column":23},"end":{"line":865,"column":71}},"214":{"start":{"line":866,"column":21},"end":{"line":866,"column":60}},"215":{"start":{"line":868,"column":32},"end":{"line":868,"column":62}},"216":{"start":{"line":869,"column":36},"end":{"line":873,"column":12}},"217":{"start":{"line":875,"column":35},"end":{"line":875,"column":68}},"218":{"start":{"line":877,"column":41},"end":{"line":884,"column":6}},"219":{"start":{"line":886,"column":4},"end":{"line":902,"column":21}},"220":{"start":{"line":918,"column":21},"end":{"line":921,"column":null}},"221":{"start":{"line":923,"column":20},"end":{"line":926,"column":null}},"222":{"start":{"line":929,"column":21},"end":{"line":932,"column":null}},"223":{"start":{"line":935,"column":23},"end":{"line":935,"column":71}},"224":{"start":{"line":936,"column":23},"end":{"line":936,"column":71}},"225":{"start":{"line":937,"column":21},"end":{"line":937,"column":60}},"226":{"start":{"line":939,"column":32},"end":{"line":939,"column":62}},"227":{"start":{"line":940,"column":36},"end":{"line":944,"column":12}},"228":{"start":{"line":946,"column":57},"end":{"line":954,"column":6}},"229":{"start":{"line":956,"column":23},"end":{"line":956,"column":72}},"230":{"start":{"line":957,"column":23},"end":{"line":957,"column":72}},"231":{"start":{"line":959,"column":4},"end":{"line":975,"column":21}},"232":{"start":{"line":989,"column":21},"end":{"line":992,"column":null}},"233":{"start":{"line":994,"column":20},"end":{"line":997,"column":null}},"234":{"start":{"line":1000,"column":23},"end":{"line":1005,"column":null}},"235":{"start":{"line":1007,"column":4},"end":{"line":1009,"column":5}},"236":{"start":{"line":1008,"column":6},"end":{"line":1008,"column":45}},"237":{"start":{"line":1011,"column":21},"end":{"line":1016,"column":null}},"238":{"start":{"line":1019,"column":23},"end":{"line":1019,"column":71}},"239":{"start":{"line":1020,"column":23},"end":{"line":1020,"column":71}},"240":{"start":{"line":1021,"column":21},"end":{"line":1021,"column":60}},"241":{"start":{"line":1023,"column":32},"end":{"line":1023,"column":62}},"242":{"start":{"line":1024,"column":36},"end":{"line":1028,"column":12}},"243":{"start":{"line":1030,"column":4},"end":{"line":1046,"column":21}},"244":{"start":{"line":1054,"column":42},"end":{"line":1057,"column":8}},"245":{"start":{"line":1063,"column":8},"end":{"line":1068,"column":6}},"246":{"start":{"line":1070,"column":24},"end":{"line":1072,"column":null}},"247":{"start":{"line":1074,"column":4},"end":{"line":1086,"column":5}},"248":{"start":{"line":1075,"column":43},"end":{"line":1077,"column":null}},"249":{"start":{"line":1080,"column":6},"end":{"line":1085,"column":7}},"250":{"start":{"line":1081,"column":8},"end":{"line":1084,"column":10}},"251":{"start":{"line":1088,"column":28},"end":{"line":1088,"column":74}},"252":{"start":{"line":1089,"column":28},"end":{"line":1089,"column":74}},"253":{"start":{"line":1090,"column":43},"end":{"line":1099,"column":6}},"254":{"start":{"line":1101,"column":4},"end":{"line":1106,"column":6}},"255":{"start":{"line":1107,"column":4},"end":{"line":1112,"column":6}},"256":{"start":{"line":1114,"column":4},"end":{"line":1114,"column":30}},"257":{"start":{"line":1122,"column":4},"end":{"line":1129,"column":7}},"258":{"start":{"line":1144,"column":4},"end":{"line":1144,"column":31}},"259":{"start":{"line":1146,"column":28},"end":{"line":1146,"column":45}},"260":{"start":{"line":1148,"column":21},"end":{"line":1148,"column":26}},"261":{"start":{"line":1149,"column":25},"end":{"line":1149,"column":45}},"262":{"start":{"line":1151,"column":4},"end":{"line":1175,"column":5}},"263":{"start":{"line":1152,"column":28},"end":{"line":1156,"column":null}},"264":{"start":{"line":1158,"column":6},"end":{"line":1172,"column":7}},"265":{"start":{"line":1158,"column":34},"end":{"line":1158,"column":52}},"266":{"start":{"line":1160,"column":33},"end":{"line":1163,"column":null}},"267":{"start":{"line":1165,"column":8},"end":{"line":1165,"column":55}},"268":{"start":{"line":1168,"column":10},"end":{"line":1168,"column":51}},"269":{"start":{"line":1169,"column":8},"end":{"line":1171,"column":38}},"270":{"start":{"line":1174,"column":6},"end":{"line":1174,"column":60}},"271":{"start":{"line":1174,"column":42},"end":{"line":1174,"column":60}},"272":{"start":{"line":1177,"column":28},"end":{"line":1178,"column":null}},"273":{"start":{"line":1178,"column":18},"end":{"line":1178,"column":39}},"274":{"start":{"line":1181,"column":35},"end":{"line":1183,"column":null}},"275":{"start":{"line":1186,"column":41},"end":{"line":1197,"column":null}},"276":{"start":{"line":1188,"column":34},"end":{"line":1190,"column":null}},"277":{"start":{"line":1192,"column":26},"end":{"line":1192,"column":46}},"278":{"start":{"line":1193,"column":8},"end":{"line":1196,"column":10}},"279":{"start":{"line":1200,"column":4},"end":{"line":1200,"column":21}},"280":{"start":{"line":1207,"column":24},"end":{"line":1207,"column":79}},"281":{"start":{"line":1208,"column":34},"end":{"line":1210,"column":49}},"282":{"start":{"line":1211,"column":33},"end":{"line":1213,"column":49}},"283":{"start":{"line":1215,"column":4},"end":{"line":1218,"column":6}},"284":{"start":{"line":1227,"column":42},"end":{"line":1227,"column":64}},"285":{"start":{"line":1230,"column":6},"end":{"line":1230,"column":60}},"286":{"start":{"line":1232,"column":34},"end":{"line":1234,"column":40}},"287":{"start":{"line":1236,"column":4},"end":{"line":1240,"column":6}},"288":{"start":{"line":1248,"column":26},"end":{"line":1248,"column":68}},"289":{"start":{"line":1249,"column":19},"end":{"line":1249,"column":47}},"290":{"start":{"line":1250,"column":24},"end":{"line":1250,"column":46}},"291":{"start":{"line":1252,"column":29},"end":{"line":1252,"column":46}},"292":{"start":{"line":1253,"column":4},"end":{"line":1258,"column":6}},"293":{"start":{"line":1259,"column":4},"end":{"line":1263,"column":6}},"294":{"start":{"line":1265,"column":21},"end":{"line":1268,"column":null}},"295":{"start":{"line":1270,"column":4},"end":{"line":1272,"column":16}},"296":{"start":{"line":1281,"column":16},"end":{"line":1281,"column":33}},"297":{"start":{"line":1283,"column":6},"end":{"line":1284,"column":null}},"298":{"start":{"line":1284,"column":8},"end":{"line":1284,"column":67}},"299":{"start":{"line":1287,"column":4},"end":{"line":1294,"column":6}},"300":{"start":{"line":1313,"column":23},"end":{"line":1313,"column":71}},"301":{"start":{"line":1314,"column":23},"end":{"line":1314,"column":72}},"302":{"start":{"line":1316,"column":17},"end":{"line":1321,"column":null}},"303":{"start":{"line":1324,"column":4},"end":{"line":1324,"column":53}},"304":{"start":{"line":1340,"column":23},"end":{"line":1340,"column":65}},"305":{"start":{"line":1341,"column":23},"end":{"line":1341,"column":66}},"306":{"start":{"line":1343,"column":17},"end":{"line":1348,"column":null}},"307":{"start":{"line":1351,"column":4},"end":{"line":1351,"column":53}},"308":{"start":{"line":1374,"column":17},"end":{"line":1381,"column":null}},"309":{"start":{"line":1384,"column":4},"end":{"line":1384,"column":53}},"310":{"start":{"line":1393,"column":4},"end":{"line":1397,"column":6}},"311":{"start":{"line":1407,"column":4},"end":{"line":1409,"column":18}},"312":{"start":{"line":1417,"column":25},"end":{"line":1417,"column":77}},"313":{"start":{"line":1418,"column":29},"end":{"line":1423,"column":null}},"314":{"start":{"line":1425,"column":4},"end":{"line":1425,"column":26}},"315":{"start":{"line":1439,"column":4},"end":{"line":1439,"column":67}},"316":{"start":{"line":1459,"column":27},"end":{"line":1476,"column":6}},"317":{"start":{"line":1478,"column":37},"end":{"line":1478,"column":51}},"318":{"start":{"line":1480,"column":4},"end":{"line":1482,"column":5}},"319":{"start":{"line":1481,"column":6},"end":{"line":1481,"column":51}},"320":{"start":{"line":1484,"column":4},"end":{"line":1489,"column":5}},"321":{"start":{"line":1485,"column":6},"end":{"line":1488,"column":8}},"322":{"start":{"line":1491,"column":4},"end":{"line":1493,"column":5}},"323":{"start":{"line":1492,"column":6},"end":{"line":1492,"column":50}},"324":{"start":{"line":1495,"column":32},"end":{"line":1495,"column":49}},"325":{"start":{"line":1496,"column":4},"end":{"line":1512,"column":7}},"326":{"start":{"line":1497,"column":33},"end":{"line":1497,"column":73}},"327":{"start":{"line":1498,"column":33},"end":{"line":1498,"column":73}},"328":{"start":{"line":1500,"column":36},"end":{"line":1503,"column":null}},"329":{"start":{"line":1505,"column":36},"end":{"line":1508,"column":null}},"330":{"start":{"line":1510,"column":6},"end":{"line":1510,"column":62}},"331":{"start":{"line":1511,"column":6},"end":{"line":1511,"column":62}},"332":{"start":{"line":1513,"column":34},"end":{"line":1514,"column":null}},"333":{"start":{"line":1514,"column":18},"end":{"line":1514,"column":39}},"334":{"start":{"line":1517,"column":31},"end":{"line":1523,"column":null}},"335":{"start":{"line":1527,"column":6},"end":{"line":1527,"column":24}},"336":{"start":{"line":1529,"column":35},"end":{"line":1529,"column":44}},"337":{"start":{"line":1530,"column":4},"end":{"line":1543,"column":5}},"338":{"start":{"line":1530,"column":17},"end":{"line":1530,"column":18}},"339":{"start":{"line":1532,"column":8},"end":{"line":1532,"column":32}},"340":{"start":{"line":1533,"column":34},"end":{"line":1533,"column":53}},"341":{"start":{"line":1534,"column":6},"end":{"line":1537,"column":10}},"342":{"start":{"line":1535,"column":8},"end":{"line":1537,"column":10}},"343":{"start":{"line":1538,"column":30},"end":{"line":1540,"column":null}},"344":{"start":{"line":1542,"column":6},"end":{"line":1542,"column":77}},"345":{"start":{"line":1545,"column":4},"end":{"line":1546,"column":77}},"346":{"start":{"line":1546,"column":6},"end":{"line":1546,"column":77}},"347":{"start":{"line":1548,"column":29},"end":{"line":1550,"column":16}},"348":{"start":{"line":1552,"column":28},"end":{"line":1590,"column":null}},"349":{"start":{"line":1554,"column":53},"end":{"line":1554,"column":60}},"350":{"start":{"line":1555,"column":35},"end":{"line":1555,"column":75}},"351":{"start":{"line":1556,"column":35},"end":{"line":1556,"column":75}},"352":{"start":{"line":1558,"column":38},"end":{"line":1561,"column":null}},"353":{"start":{"line":1563,"column":38},"end":{"line":1566,"column":null}},"354":{"start":{"line":1568,"column":30},"end":{"line":1569,"column":null}},"355":{"start":{"line":1571,"column":30},"end":{"line":1572,"column":null}},"356":{"start":{"line":1574,"column":8},"end":{"line":1589,"column":10}},"357":{"start":{"line":1593,"column":4},"end":{"line":1596,"column":6}},"358":{"start":{"line":1600,"column":35},"end":{"line":1600,"column":43}},"359":{"start":{"line":1602,"column":31},"end":{"line":1602,"column":69}},"360":{"start":{"line":1603,"column":31},"end":{"line":1605,"column":null}},"361":{"start":{"line":1608,"column":27},"end":{"line":1610,"column":12}},"362":{"start":{"line":1611,"column":26},"end":{"line":1611,"column":79}},"363":{"start":{"line":1613,"column":25},"end":{"line":1613,"column":55}},"364":{"start":{"line":1614,"column":25},"end":{"line":1614,"column":53}},"365":{"start":{"line":1615,"column":4},"end":{"line":1620,"column":6}},"366":{"start":{"line":1639,"column":29},"end":{"line":1647,"column":20}},"367":{"start":{"line":1649,"column":31},"end":{"line":1649,"column":69}},"368":{"start":{"line":1650,"column":31},"end":{"line":1652,"column":null}},"369":{"start":{"line":1654,"column":30},"end":{"line":1657,"column":null}},"370":{"start":{"line":1660,"column":25},"end":{"line":1660,"column":65}},"371":{"start":{"line":1661,"column":20},"end":{"line":1664,"column":null}},"372":{"start":{"line":1668,"column":6},"end":{"line":1668,"column":76}},"373":{"start":{"line":1669,"column":4},"end":{"line":1673,"column":37}},"374":{"start":{"line":1689,"column":32},"end":{"line":1689,"column":91}},"375":{"start":{"line":1690,"column":4},"end":{"line":1692,"column":5}},"376":{"start":{"line":1691,"column":6},"end":{"line":1691,"column":81}},"377":{"start":{"line":1694,"column":49},"end":{"line":1694,"column":68}},"378":{"start":{"line":1695,"column":31},"end":{"line":1695,"column":71}},"379":{"start":{"line":1696,"column":31},"end":{"line":1696,"column":71}},"380":{"start":{"line":1697,"column":34},"end":{"line":1700,"column":null}},"381":{"start":{"line":1702,"column":34},"end":{"line":1705,"column":null}},"382":{"start":{"line":1708,"column":71},"end":{"line":1714,"column":null}},"383":{"start":{"line":1717,"column":4},"end":{"line":1737,"column":5}},"384":{"start":{"line":1718,"column":6},"end":{"line":1736,"column":null}},"385":{"start":{"line":1739,"column":29},"end":{"line":1741,"column":16}},"386":{"start":{"line":1743,"column":26},"end":{"line":1745,"column":null}},"387":{"start":{"line":1747,"column":26},"end":{"line":1749,"column":null}},"388":{"start":{"line":1752,"column":4},"end":{"line":1767,"column":null}},"389":{"start":{"line":1790,"column":35},"end":{"line":1790,"column":43}},"390":{"start":{"line":1792,"column":33},"end":{"line":1794,"column":31}},"391":{"start":{"line":1796,"column":54},"end":{"line":1796,"column":56}},"392":{"start":{"line":1797,"column":33},"end":{"line":1805,"column":20}},"393":{"start":{"line":1806,"column":4},"end":{"line":1806,"column":47}},"394":{"start":{"line":1808,"column":31},"end":{"line":1808,"column":69}},"395":{"start":{"line":1809,"column":28},"end":{"line":1812,"column":null}},"396":{"start":{"line":1815,"column":31},"end":{"line":1817,"column":null}},"397":{"start":{"line":1819,"column":28},"end":{"line":1822,"column":null}},"398":{"start":{"line":1825,"column":30},"end":{"line":1828,"column":null}},"399":{"start":{"line":1830,"column":4},"end":{"line":1830,"column":47}},"400":{"start":{"line":1835,"column":8},"end":{"line":1846,"column":6}},"401":{"start":{"line":1847,"column":4},"end":{"line":1847,"column":69}},"402":{"start":{"line":1848,"column":4},"end":{"line":1848,"column":69}},"403":{"start":{"line":1850,"column":4},"end":{"line":1858,"column":5}},"404":{"start":{"line":1851,"column":24},"end":{"line":1854,"column":null}},"405":{"start":{"line":1857,"column":6},"end":{"line":1857,"column":41}},"406":{"start":{"line":1860,"column":4},"end":{"line":1868,"column":5}},"407":{"start":{"line":1861,"column":24},"end":{"line":1864,"column":null}},"408":{"start":{"line":1867,"column":6},"end":{"line":1867,"column":41}},"409":{"start":{"line":1870,"column":60},"end":{"line":1870,"column":62}},"410":{"start":{"line":1871,"column":4},"end":{"line":1879,"column":5}},"411":{"start":{"line":1877,"column":32},"end":{"line":1877,"column":64}},"412":{"start":{"line":1878,"column":6},"end":{"line":1878,"column":68}},"413":{"start":{"line":1881,"column":29},"end":{"line":1881,"column":67}},"414":{"start":{"line":1882,"column":29},"end":{"line":1882,"column":67}},"415":{"start":{"line":1885,"column":6},"end":{"line":1886,"column":55}},"416":{"start":{"line":1888,"column":36},"end":{"line":1890,"column":12}},"417":{"start":{"line":1892,"column":21},"end":{"line":1892,"column":41}},"418":{"start":{"line":1895,"column":6},"end":{"line":1895,"column":64}},"419":{"start":{"line":1897,"column":58},"end":{"line":1903,"column":6}},"420":{"start":{"line":1905,"column":33},"end":{"line":1920,"column":6}},"421":{"start":{"line":1923,"column":6},"end":{"line":1923,"column":66}},"422":{"start":{"line":1925,"column":27},"end":{"line":1927,"column":20}},"423":{"start":{"line":1929,"column":25},"end":{"line":1933,"column":6}},"424":{"start":{"line":1935,"column":20},"end":{"line":1938,"column":null}},"425":{"start":{"line":1941,"column":4},"end":{"line":1941,"column":34}},"426":{"start":{"line":1944,"column":6},"end":{"line":1944,"column":76}},"427":{"start":{"line":1945,"column":4},"end":{"line":1949,"column":28}},"428":{"start":{"line":1975,"column":6},"end":{"line":1975,"column":60}},"429":{"start":{"line":1977,"column":33},"end":{"line":1979,"column":31}},"430":{"start":{"line":1981,"column":4},"end":{"line":1985,"column":5}},"431":{"start":{"line":1982,"column":6},"end":{"line":1984,"column":8}},"432":{"start":{"line":1987,"column":59},"end":{"line":1987,"column":61}},"433":{"start":{"line":1988,"column":33},"end":{"line":1996,"column":20}},"434":{"start":{"line":1997,"column":4},"end":{"line":1997,"column":47}},"435":{"start":{"line":1999,"column":31},"end":{"line":1999,"column":71}},"436":{"start":{"line":2000,"column":28},"end":{"line":2003,"column":null}},"437":{"start":{"line":2006,"column":31},"end":{"line":2008,"column":null}},"438":{"start":{"line":2010,"column":28},"end":{"line":2013,"column":null}},"439":{"start":{"line":2016,"column":30},"end":{"line":2019,"column":null}},"440":{"start":{"line":2021,"column":4},"end":{"line":2021,"column":47}},"441":{"start":{"line":2026,"column":8},"end":{"line":2037,"column":6}},"442":{"start":{"line":2038,"column":4},"end":{"line":2038,"column":69}},"443":{"start":{"line":2039,"column":4},"end":{"line":2039,"column":69}},"444":{"start":{"line":2041,"column":4},"end":{"line":2049,"column":5}},"445":{"start":{"line":2042,"column":24},"end":{"line":2045,"column":null}},"446":{"start":{"line":2048,"column":6},"end":{"line":2048,"column":41}},"447":{"start":{"line":2051,"column":4},"end":{"line":2059,"column":5}},"448":{"start":{"line":2052,"column":24},"end":{"line":2055,"column":null}},"449":{"start":{"line":2058,"column":6},"end":{"line":2058,"column":41}},"450":{"start":{"line":2061,"column":60},"end":{"line":2061,"column":62}},"451":{"start":{"line":2062,"column":4},"end":{"line":2070,"column":5}},"452":{"start":{"line":2068,"column":32},"end":{"line":2068,"column":64}},"453":{"start":{"line":2069,"column":6},"end":{"line":2069,"column":68}},"454":{"start":{"line":2072,"column":21},"end":{"line":2072,"column":40}},"455":{"start":{"line":2073,"column":21},"end":{"line":2073,"column":40}},"456":{"start":{"line":2075,"column":29},"end":{"line":2075,"column":67}},"457":{"start":{"line":2076,"column":29},"end":{"line":2076,"column":67}},"458":{"start":{"line":2079,"column":6},"end":{"line":2080,"column":55}},"459":{"start":{"line":2082,"column":36},"end":{"line":2084,"column":12}},"460":{"start":{"line":2086,"column":21},"end":{"line":2086,"column":41}},"461":{"start":{"line":2089,"column":6},"end":{"line":2097,"column":null}},"462":{"start":{"line":2092,"column":44},"end":{"line":2096,"column":10}},"463":{"start":{"line":2100,"column":4},"end":{"line":2102,"column":5}},"464":{"start":{"line":2101,"column":6},"end":{"line":2101,"column":45}},"465":{"start":{"line":2104,"column":56},"end":{"line":2110,"column":6}},"466":{"start":{"line":2112,"column":33},"end":{"line":2127,"column":6}},"467":{"start":{"line":2129,"column":62},"end":{"line":2134,"column":6}},"468":{"start":{"line":2136,"column":40},"end":{"line":2151,"column":6}},"469":{"start":{"line":2153,"column":29},"end":{"line":2153,"column":75}},"470":{"start":{"line":2154,"column":26},"end":{"line":2156,"column":66}},"471":{"start":{"line":2158,"column":4},"end":{"line":2182,"column":5}},"472":{"start":{"line":2159,"column":23},"end":{"line":2163,"column":22}},"473":{"start":{"line":2165,"column":27},"end":{"line":2165,"column":78}},"474":{"start":{"line":2167,"column":22},"end":{"line":2170,"column":null}},"475":{"start":{"line":2173,"column":6},"end":{"line":2173,"column":36}},"476":{"start":{"line":2176,"column":8},"end":{"line":2176,"column":78}},"477":{"start":{"line":2177,"column":6},"end":{"line":2181,"column":30}},"478":{"start":{"line":2184,"column":21},"end":{"line":2188,"column":20}},"479":{"start":{"line":2190,"column":20},"end":{"line":2195,"column":6}},"480":{"start":{"line":2197,"column":29},"end":{"line":2197,"column":48}},"481":{"start":{"line":2199,"column":40},"end":{"line":2199,"column":42}},"482":{"start":{"line":2201,"column":6},"end":{"line":2201,"column":76}},"483":{"start":{"line":2203,"column":4},"end":{"line":2210,"column":5}},"484":{"start":{"line":2204,"column":32},"end":{"line":2208,"column":32}},"485":{"start":{"line":2209,"column":6},"end":{"line":2209,"column":43}},"486":{"start":{"line":2212,"column":19},"end":{"line":2216,"column":31}},"487":{"start":{"line":2217,"column":4},"end":{"line":2217,"column":30}},"488":{"start":{"line":2219,"column":4},"end":{"line":2226,"column":5}},"489":{"start":{"line":2220,"column":33},"end":{"line":2224,"column":33}},"490":{"start":{"line":2225,"column":6},"end":{"line":2225,"column":44}},"491":{"start":{"line":2228,"column":4},"end":{"line":2228,"column":24}},"492":{"start":{"line":2251,"column":35},"end":{"line":2251,"column":43}},"493":{"start":{"line":2253,"column":33},"end":{"line":2255,"column":31}},"494":{"start":{"line":2257,"column":54},"end":{"line":2257,"column":56}},"495":{"start":{"line":2259,"column":29},"end":{"line":2259,"column":67}},"496":{"start":{"line":2260,"column":29},"end":{"line":2260,"column":67}},"497":{"start":{"line":2263,"column":6},"end":{"line":2264,"column":55}},"498":{"start":{"line":2266,"column":36},"end":{"line":2268,"column":12}},"499":{"start":{"line":2271,"column":6},"end":{"line":2271,"column":64}},"500":{"start":{"line":2273,"column":28},"end":{"line":2274,"column":null}},"501":{"start":{"line":2277,"column":31},"end":{"line":2278,"column":null}},"502":{"start":{"line":2280,"column":31},"end":{"line":2280,"column":64}},"503":{"start":{"line":2282,"column":28},"end":{"line":2285,"column":null}},"504":{"start":{"line":2287,"column":28},"end":{"line":2290,"column":null}},"505":{"start":{"line":2293,"column":30},"end":{"line":2296,"column":null}},"506":{"start":{"line":2298,"column":4},"end":{"line":2298,"column":47}},"507":{"start":{"line":2303,"column":8},"end":{"line":2314,"column":6}},"508":{"start":{"line":2315,"column":4},"end":{"line":2315,"column":69}},"509":{"start":{"line":2316,"column":4},"end":{"line":2316,"column":69}},"510":{"start":{"line":2318,"column":4},"end":{"line":2326,"column":5}},"511":{"start":{"line":2319,"column":24},"end":{"line":2322,"column":null}},"512":{"start":{"line":2325,"column":6},"end":{"line":2325,"column":41}},"513":{"start":{"line":2328,"column":4},"end":{"line":2336,"column":5}},"514":{"start":{"line":2329,"column":24},"end":{"line":2332,"column":null}},"515":{"start":{"line":2335,"column":6},"end":{"line":2335,"column":41}},"516":{"start":{"line":2338,"column":60},"end":{"line":2338,"column":62}},"517":{"start":{"line":2339,"column":4},"end":{"line":2347,"column":5}},"518":{"start":{"line":2345,"column":32},"end":{"line":2345,"column":64}},"519":{"start":{"line":2346,"column":6},"end":{"line":2346,"column":68}},"520":{"start":{"line":2349,"column":58},"end":{"line":2355,"column":6}},"521":{"start":{"line":2357,"column":33},"end":{"line":2372,"column":6}},"522":{"start":{"line":2375,"column":6},"end":{"line":2375,"column":66}},"523":{"start":{"line":2377,"column":27},"end":{"line":2379,"column":20}},"524":{"start":{"line":2381,"column":25},"end":{"line":2385,"column":6}},"525":{"start":{"line":2387,"column":20},"end":{"line":2390,"column":null}},"526":{"start":{"line":2393,"column":4},"end":{"line":2393,"column":34}},"527":{"start":{"line":2396,"column":6},"end":{"line":2396,"column":76}},"528":{"start":{"line":2397,"column":4},"end":{"line":2401,"column":28}},"529":{"start":{"line":2426,"column":33},"end":{"line":2428,"column":31}},"530":{"start":{"line":2430,"column":28},"end":{"line":2431,"column":null}},"531":{"start":{"line":2434,"column":6},"end":{"line":2434,"column":60}},"532":{"start":{"line":2436,"column":4},"end":{"line":2439,"column":8}},"533":{"start":{"line":2437,"column":6},"end":{"line":2439,"column":8}},"534":{"start":{"line":2440,"column":4},"end":{"line":2443,"column":8}},"535":{"start":{"line":2441,"column":6},"end":{"line":2443,"column":8}},"536":{"start":{"line":2445,"column":21},"end":{"line":2445,"column":40}},"537":{"start":{"line":2446,"column":21},"end":{"line":2446,"column":40}},"538":{"start":{"line":2448,"column":29},"end":{"line":2448,"column":67}},"539":{"start":{"line":2449,"column":29},"end":{"line":2449,"column":67}},"540":{"start":{"line":2452,"column":6},"end":{"line":2453,"column":55}},"541":{"start":{"line":2455,"column":36},"end":{"line":2457,"column":12}},"542":{"start":{"line":2459,"column":21},"end":{"line":2459,"column":41}},"543":{"start":{"line":2462,"column":6},"end":{"line":2470,"column":null}},"544":{"start":{"line":2465,"column":44},"end":{"line":2469,"column":10}},"545":{"start":{"line":2473,"column":4},"end":{"line":2475,"column":5}},"546":{"start":{"line":2474,"column":6},"end":{"line":2474,"column":45}},"547":{"start":{"line":2477,"column":31},"end":{"line":2478,"column":null}},"548":{"start":{"line":2480,"column":28},"end":{"line":2483,"column":null}},"549":{"start":{"line":2486,"column":31},"end":{"line":2488,"column":null}},"550":{"start":{"line":2490,"column":28},"end":{"line":2493,"column":null}},"551":{"start":{"line":2496,"column":54},"end":{"line":2496,"column":56}},"552":{"start":{"line":2497,"column":30},"end":{"line":2500,"column":null}},"553":{"start":{"line":2502,"column":4},"end":{"line":2502,"column":47}},"554":{"start":{"line":2507,"column":8},"end":{"line":2518,"column":6}},"555":{"start":{"line":2519,"column":4},"end":{"line":2519,"column":69}},"556":{"start":{"line":2520,"column":4},"end":{"line":2520,"column":69}},"557":{"start":{"line":2522,"column":4},"end":{"line":2530,"column":5}},"558":{"start":{"line":2523,"column":24},"end":{"line":2526,"column":null}},"559":{"start":{"line":2529,"column":6},"end":{"line":2529,"column":41}},"560":{"start":{"line":2532,"column":4},"end":{"line":2540,"column":5}},"561":{"start":{"line":2533,"column":24},"end":{"line":2536,"column":null}},"562":{"start":{"line":2539,"column":6},"end":{"line":2539,"column":41}},"563":{"start":{"line":2542,"column":60},"end":{"line":2542,"column":62}},"564":{"start":{"line":2543,"column":4},"end":{"line":2551,"column":5}},"565":{"start":{"line":2549,"column":32},"end":{"line":2549,"column":64}},"566":{"start":{"line":2550,"column":6},"end":{"line":2550,"column":68}},"567":{"start":{"line":2553,"column":56},"end":{"line":2559,"column":6}},"568":{"start":{"line":2561,"column":33},"end":{"line":2576,"column":6}},"569":{"start":{"line":2578,"column":62},"end":{"line":2583,"column":6}},"570":{"start":{"line":2585,"column":40},"end":{"line":2600,"column":6}},"571":{"start":{"line":2602,"column":29},"end":{"line":2602,"column":75}},"572":{"start":{"line":2603,"column":26},"end":{"line":2605,"column":66}},"573":{"start":{"line":2607,"column":4},"end":{"line":2631,"column":5}},"574":{"start":{"line":2608,"column":23},"end":{"line":2612,"column":22}},"575":{"start":{"line":2614,"column":27},"end":{"line":2614,"column":78}},"576":{"start":{"line":2616,"column":22},"end":{"line":2619,"column":null}},"577":{"start":{"line":2622,"column":6},"end":{"line":2622,"column":36}},"578":{"start":{"line":2625,"column":8},"end":{"line":2625,"column":78}},"579":{"start":{"line":2626,"column":6},"end":{"line":2630,"column":30}},"580":{"start":{"line":2633,"column":21},"end":{"line":2637,"column":20}},"581":{"start":{"line":2639,"column":20},"end":{"line":2642,"column":null}},"582":{"start":{"line":2645,"column":29},"end":{"line":2645,"column":48}},"583":{"start":{"line":2647,"column":40},"end":{"line":2647,"column":42}},"584":{"start":{"line":2649,"column":6},"end":{"line":2649,"column":76}},"585":{"start":{"line":2650,"column":4},"end":{"line":2657,"column":5}},"586":{"start":{"line":2651,"column":32},"end":{"line":2655,"column":32}},"587":{"start":{"line":2656,"column":6},"end":{"line":2656,"column":43}},"588":{"start":{"line":2659,"column":19},"end":{"line":2663,"column":31}},"589":{"start":{"line":2664,"column":4},"end":{"line":2664,"column":30}},"590":{"start":{"line":2666,"column":4},"end":{"line":2673,"column":5}},"591":{"start":{"line":2667,"column":33},"end":{"line":2671,"column":33}},"592":{"start":{"line":2672,"column":6},"end":{"line":2672,"column":44}},"593":{"start":{"line":2675,"column":4},"end":{"line":2675,"column":24}},"594":{"start":{"line":2702,"column":31},"end":{"line":2702,"column":50}},"595":{"start":{"line":2703,"column":31},"end":{"line":2703,"column":50}},"596":{"start":{"line":2704,"column":89},"end":{"line":2704,"column":142}},"597":{"start":{"line":2706,"column":4},"end":{"line":2708,"column":5}},"598":{"start":{"line":2706,"column":41},"end":{"line":2706,"column":55}},"599":{"start":{"line":2707,"column":6},"end":{"line":2707,"column":48}},"600":{"start":{"line":2710,"column":31},"end":{"line":2710,"column":79}},"601":{"start":{"line":2711,"column":31},"end":{"line":2711,"column":64}},"602":{"start":{"line":2712,"column":28},"end":{"line":2715,"column":null}},"603":{"start":{"line":2717,"column":28},"end":{"line":2720,"column":null}},"604":{"start":{"line":2723,"column":59},"end":{"line":2723,"column":61}},"605":{"start":{"line":2725,"column":31},"end":{"line":2727,"column":16}},"606":{"start":{"line":2734,"column":8},"end":{"line":2759,"column":6}},"607":{"start":{"line":2761,"column":4},"end":{"line":2761,"column":69}},"608":{"start":{"line":2762,"column":4},"end":{"line":2762,"column":69}},"609":{"start":{"line":2764,"column":4},"end":{"line":2767,"column":5}},"610":{"start":{"line":2765,"column":6},"end":{"line":2765,"column":77}},"611":{"start":{"line":2766,"column":6},"end":{"line":2766,"column":77}},"612":{"start":{"line":2769,"column":59},"end":{"line":2769,"column":61}},"613":{"start":{"line":2770,"column":60},"end":{"line":2770,"column":62}},"614":{"start":{"line":2772,"column":4},"end":{"line":2836,"column":5}},"615":{"start":{"line":2773,"column":29},"end":{"line":2789,"column":22}},"616":{"start":{"line":2790,"column":6},"end":{"line":2790,"column":44}},"617":{"start":{"line":2792,"column":6},"end":{"line":2818,"column":7}},"618":{"start":{"line":2792,"column":19},"end":{"line":2792,"column":20}},"619":{"start":{"line":2793,"column":27},"end":{"line":2793,"column":53}},"620":{"start":{"line":2794,"column":8},"end":{"line":2794,"column":79}},"621":{"start":{"line":2794,"column":70},"end":{"line":2794,"column":79}},"622":{"start":{"line":2796,"column":47},"end":{"line":2799,"column":null}},"623":{"start":{"line":2801,"column":8},"end":{"line":2801,"column":57}},"624":{"start":{"line":2803,"column":30},"end":{"line":2816,"column":24}},"625":{"start":{"line":2817,"column":8},"end":{"line":2817,"column":49}},"626":{"start":{"line":2820,"column":30},"end":{"line":2830,"column":22}},"627":{"start":{"line":2831,"column":6},"end":{"line":2835,"column":7}},"628":{"start":{"line":2832,"column":8},"end":{"line":2832,"column":51}},"629":{"start":{"line":2834,"column":8},"end":{"line":2834,"column":47}},"630":{"start":{"line":2838,"column":4},"end":{"line":2846,"column":5}},"631":{"start":{"line":2844,"column":32},"end":{"line":2844,"column":64}},"632":{"start":{"line":2845,"column":6},"end":{"line":2845,"column":68}},"633":{"start":{"line":2848,"column":29},"end":{"line":2848,"column":77}},"634":{"start":{"line":2849,"column":29},"end":{"line":2849,"column":77}},"635":{"start":{"line":2852,"column":6},"end":{"line":2853,"column":55}},"636":{"start":{"line":2855,"column":36},"end":{"line":2857,"column":12}},"637":{"start":{"line":2859,"column":30},"end":{"line":2877,"column":20}},"638":{"start":{"line":2879,"column":25},"end":{"line":2883,"column":6}},"639":{"start":{"line":2885,"column":20},"end":{"line":2888,"column":null}},"640":{"start":{"line":2891,"column":4},"end":{"line":2891,"column":34}},"641":{"start":{"line":2893,"column":4},"end":{"line":2925,"column":5}},"642":{"start":{"line":2894,"column":22},"end":{"line":2897,"column":null}},"643":{"start":{"line":2901,"column":8},"end":{"line":2901,"column":78}},"644":{"start":{"line":2903,"column":29},"end":{"line":2907,"column":46}},"645":{"start":{"line":2909,"column":21},"end":{"line":2913,"column":29}},"646":{"start":{"line":2915,"column":6},"end":{"line":2915,"column":38}},"647":{"start":{"line":2918,"column":8},"end":{"line":2918,"column":78}},"648":{"start":{"line":2920,"column":6},"end":{"line":2924,"column":30}},"649":{"start":{"line":2942,"column":27},"end":{"line":2943,"column":null}},"650":{"start":{"line":2946,"column":31},"end":{"line":2946,"column":71}},"651":{"start":{"line":2947,"column":28},"end":{"line":2950,"column":null}},"652":{"start":{"line":2953,"column":31},"end":{"line":2953,"column":64}},"653":{"start":{"line":2954,"column":28},"end":{"line":2957,"column":null}},"654":{"start":{"line":2960,"column":28},"end":{"line":2970,"column":20}},"655":{"start":{"line":2973,"column":6},"end":{"line":2973,"column":76}},"656":{"start":{"line":2974,"column":4},"end":{"line":2978,"column":28}},"657":{"start":{"line":3004,"column":29},"end":{"line":3004,"column":46}},"658":{"start":{"line":3005,"column":24},"end":{"line":3005,"column":33}},"659":{"start":{"line":3007,"column":26},"end":{"line":3007,"column":68}},"660":{"start":{"line":3008,"column":19},"end":{"line":3008,"column":47}},"661":{"start":{"line":3010,"column":20},"end":{"line":3010,"column":39}},"662":{"start":{"line":3011,"column":24},"end":{"line":3011,"column":46}},"663":{"start":{"line":3013,"column":4},"end":{"line":3018,"column":6}},"664":{"start":{"line":3020,"column":21},"end":{"line":3020,"column":29}},"665":{"start":{"line":3021,"column":27},"end":{"line":3021,"column":36}},"666":{"start":{"line":3022,"column":29},"end":{"line":3022,"column":38}},"667":{"start":{"line":3023,"column":24},"end":{"line":3023,"column":33}},"668":{"start":{"line":3024,"column":32},"end":{"line":3024,"column":41}},"669":{"start":{"line":3026,"column":4},"end":{"line":3082,"column":5}},"670":{"start":{"line":3027,"column":34},"end":{"line":3032,"column":null}},"671":{"start":{"line":3035,"column":6},"end":{"line":3040,"column":7}},"672":{"start":{"line":3036,"column":8},"end":{"line":3039,"column":10}},"673":{"start":{"line":3042,"column":6},"end":{"line":3042,"column":66}},"674":{"start":{"line":3044,"column":6},"end":{"line":3048,"column":8}},"675":{"start":{"line":3050,"column":6},"end":{"line":3073,"column":7}},"676":{"start":{"line":3053,"column":20},"end":{"line":3055,"column":null}},"677":{"start":{"line":3058,"column":10},"end":{"line":3064,"column":null}},"678":{"start":{"line":3067,"column":8},"end":{"line":3072,"column":9}},"679":{"start":{"line":3068,"column":10},"end":{"line":3068,"column":55}},"680":{"start":{"line":3069,"column":10},"end":{"line":3069,"column":56}},"681":{"start":{"line":3070,"column":10},"end":{"line":3070,"column":41}},"682":{"start":{"line":3071,"column":10},"end":{"line":3071,"column":59}},"683":{"start":{"line":3075,"column":6},"end":{"line":3081,"column":7}},"684":{"start":{"line":3076,"column":8},"end":{"line":3080,"column":9}},"685":{"start":{"line":3077,"column":10},"end":{"line":3077,"column":45}},"686":{"start":{"line":3079,"column":10},"end":{"line":3079,"column":45}},"687":{"start":{"line":3084,"column":23},"end":{"line":3086,"column":null}},"688":{"start":{"line":3088,"column":21},"end":{"line":3090,"column":null}},"689":{"start":{"line":3093,"column":24},"end":{"line":3097,"column":28}},"690":{"start":{"line":3099,"column":24},"end":{"line":3101,"column":35}},"691":{"start":{"line":3103,"column":4},"end":{"line":3111,"column":6}},"692":{"start":{"line":3140,"column":29},"end":{"line":3140,"column":46}},"693":{"start":{"line":3141,"column":23},"end":{"line":3141,"column":31}},"694":{"start":{"line":3143,"column":26},"end":{"line":3143,"column":68}},"695":{"start":{"line":3144,"column":19},"end":{"line":3144,"column":47}},"696":{"start":{"line":3146,"column":20},"end":{"line":3146,"column":39}},"697":{"start":{"line":3147,"column":24},"end":{"line":3147,"column":46}},"698":{"start":{"line":3149,"column":4},"end":{"line":3154,"column":6}},"699":{"start":{"line":3156,"column":31},"end":{"line":3156,"column":35}},"700":{"start":{"line":3157,"column":27},"end":{"line":3157,"column":36}},"701":{"start":{"line":3158,"column":30},"end":{"line":3158,"column":39}},"702":{"start":{"line":3159,"column":24},"end":{"line":3159,"column":33}},"703":{"start":{"line":3160,"column":32},"end":{"line":3160,"column":41}},"704":{"start":{"line":3161,"column":32},"end":{"line":3161,"column":40}},"705":{"start":{"line":3163,"column":4},"end":{"line":3228,"column":5}},"706":{"start":{"line":3164,"column":34},"end":{"line":3169,"column":null}},"707":{"start":{"line":3172,"column":6},"end":{"line":3181,"column":7}},"708":{"start":{"line":3173,"column":8},"end":{"line":3180,"column":9}},"709":{"start":{"line":3174,"column":10},"end":{"line":3174,"column":16}},"710":{"start":{"line":3176,"column":10},"end":{"line":3179,"column":12}},"711":{"start":{"line":3183,"column":6},"end":{"line":3183,"column":66}},"712":{"start":{"line":3185,"column":6},"end":{"line":3189,"column":8}},"713":{"start":{"line":3191,"column":6},"end":{"line":3219,"column":7}},"714":{"start":{"line":3194,"column":20},"end":{"line":3196,"column":null}},"715":{"start":{"line":3198,"column":58},"end":{"line":3204,"column":null}},"716":{"start":{"line":3207,"column":8},"end":{"line":3218,"column":9}},"717":{"start":{"line":3208,"column":10},"end":{"line":3208,"column":52}},"718":{"start":{"line":3209,"column":10},"end":{"line":3209,"column":59}},"719":{"start":{"line":3210,"column":10},"end":{"line":3210,"column":41}},"720":{"start":{"line":3211,"column":10},"end":{"line":3211,"column":59}},"721":{"start":{"line":3213,"column":10},"end":{"line":3215,"column":11}},"722":{"start":{"line":3214,"column":12},"end":{"line":3214,"column":27}},"723":{"start":{"line":3217,"column":10},"end":{"line":3217,"column":43}},"724":{"start":{"line":3221,"column":6},"end":{"line":3227,"column":7}},"725":{"start":{"line":3222,"column":8},"end":{"line":3226,"column":9}},"726":{"start":{"line":3223,"column":10},"end":{"line":3223,"column":45}},"727":{"start":{"line":3225,"column":10},"end":{"line":3225,"column":45}},"728":{"start":{"line":3230,"column":4},"end":{"line":3236,"column":5}},"729":{"start":{"line":3232,"column":6},"end":{"line":3235,"column":8}},"730":{"start":{"line":3238,"column":4},"end":{"line":3238,"column":42}},"731":{"start":{"line":3240,"column":37},"end":{"line":3245,"column":null}},"732":{"start":{"line":3248,"column":24},"end":{"line":3251,"column":28}},"733":{"start":{"line":3253,"column":25},"end":{"line":3255,"column":35}},"734":{"start":{"line":3257,"column":21},"end":{"line":3259,"column":null}},"735":{"start":{"line":3262,"column":4},"end":{"line":3271,"column":6}},"736":{"start":{"line":3284,"column":6},"end":{"line":3284,"column":53}},"737":{"start":{"line":3286,"column":54},"end":{"line":3286,"column":56}},"738":{"start":{"line":3287,"column":60},"end":{"line":3287,"column":62}},"739":{"start":{"line":3292,"column":8},"end":{"line":3303,"column":6}},"740":{"start":{"line":3304,"column":4},"end":{"line":3304,"column":75}},"741":{"start":{"line":3305,"column":4},"end":{"line":3305,"column":77}},"742":{"start":{"line":3307,"column":4},"end":{"line":3317,"column":5}},"743":{"start":{"line":3308,"column":24},"end":{"line":3311,"column":null}},"744":{"start":{"line":3314,"column":6},"end":{"line":3314,"column":41}},"745":{"start":{"line":3315,"column":32},"end":{"line":3315,"column":64}},"746":{"start":{"line":3316,"column":6},"end":{"line":3316,"column":68}},"747":{"start":{"line":3319,"column":4},"end":{"line":3322,"column":5}},"748":{"start":{"line":3320,"column":32},"end":{"line":3320,"column":64}},"749":{"start":{"line":3321,"column":6},"end":{"line":3321,"column":68}},"750":{"start":{"line":3324,"column":19},"end":{"line":3324,"column":23}},"751":{"start":{"line":3325,"column":4},"end":{"line":3325,"column":54}},"752":{"start":{"line":3325,"column":37},"end":{"line":3325,"column":54}},"753":{"start":{"line":3327,"column":37},"end":{"line":3333,"column":6}},"754":{"start":{"line":3328,"column":6},"end":{"line":3332,"column":8}},"755":{"start":{"line":3335,"column":19},"end":{"line":3355,"column":20}},"756":{"start":{"line":3357,"column":25},"end":{"line":3357,"column":74}},"757":{"start":{"line":3359,"column":20},"end":{"line":3362,"column":null}},"758":{"start":{"line":3365,"column":4},"end":{"line":3365,"column":34}},"759":{"start":{"line":3368,"column":6},"end":{"line":3368,"column":76}},"760":{"start":{"line":3369,"column":4},"end":{"line":3373,"column":28}},"761":{"start":{"line":3397,"column":54},"end":{"line":3397,"column":56}},"762":{"start":{"line":3398,"column":60},"end":{"line":3398,"column":62}},"763":{"start":{"line":3403,"column":8},"end":{"line":3414,"column":6}},"764":{"start":{"line":3415,"column":4},"end":{"line":3415,"column":75}},"765":{"start":{"line":3416,"column":4},"end":{"line":3416,"column":77}},"766":{"start":{"line":3418,"column":4},"end":{"line":3428,"column":5}},"767":{"start":{"line":3419,"column":24},"end":{"line":3422,"column":null}},"768":{"start":{"line":3425,"column":6},"end":{"line":3425,"column":41}},"769":{"start":{"line":3426,"column":32},"end":{"line":3426,"column":64}},"770":{"start":{"line":3427,"column":6},"end":{"line":3427,"column":68}},"771":{"start":{"line":3430,"column":4},"end":{"line":3433,"column":5}},"772":{"start":{"line":3431,"column":32},"end":{"line":3431,"column":64}},"773":{"start":{"line":3432,"column":6},"end":{"line":3432,"column":68}},"774":{"start":{"line":3436,"column":37},"end":{"line":3442,"column":6}},"775":{"start":{"line":3437,"column":6},"end":{"line":3441,"column":8}},"776":{"start":{"line":3444,"column":19},"end":{"line":3468,"column":20}},"777":{"start":{"line":3470,"column":25},"end":{"line":3470,"column":74}},"778":{"start":{"line":3472,"column":20},"end":{"line":3475,"column":null}},"779":{"start":{"line":3478,"column":4},"end":{"line":3478,"column":34}},"780":{"start":{"line":3481,"column":6},"end":{"line":3481,"column":76}},"781":{"start":{"line":3482,"column":4},"end":{"line":3486,"column":28}},"782":{"start":{"line":3510,"column":54},"end":{"line":3510,"column":56}},"783":{"start":{"line":3511,"column":60},"end":{"line":3511,"column":62}},"784":{"start":{"line":3516,"column":8},"end":{"line":3527,"column":6}},"785":{"start":{"line":3528,"column":4},"end":{"line":3528,"column":75}},"786":{"start":{"line":3529,"column":4},"end":{"line":3529,"column":77}},"787":{"start":{"line":3531,"column":4},"end":{"line":3541,"column":5}},"788":{"start":{"line":3532,"column":24},"end":{"line":3535,"column":null}},"789":{"start":{"line":3538,"column":6},"end":{"line":3538,"column":41}},"790":{"start":{"line":3539,"column":32},"end":{"line":3539,"column":64}},"791":{"start":{"line":3540,"column":6},"end":{"line":3540,"column":68}},"792":{"start":{"line":3543,"column":4},"end":{"line":3546,"column":5}},"793":{"start":{"line":3544,"column":32},"end":{"line":3544,"column":64}},"794":{"start":{"line":3545,"column":6},"end":{"line":3545,"column":68}},"795":{"start":{"line":3550,"column":37},"end":{"line":3556,"column":6}},"796":{"start":{"line":3551,"column":6},"end":{"line":3555,"column":8}},"797":{"start":{"line":3558,"column":19},"end":{"line":3578,"column":20}},"798":{"start":{"line":3580,"column":25},"end":{"line":3580,"column":74}},"799":{"start":{"line":3582,"column":20},"end":{"line":3585,"column":null}},"800":{"start":{"line":3588,"column":4},"end":{"line":3588,"column":34}},"801":{"start":{"line":3591,"column":6},"end":{"line":3591,"column":76}},"802":{"start":{"line":3592,"column":4},"end":{"line":3596,"column":28}},"803":{"start":{"line":3613,"column":30},"end":{"line":3616,"column":6}},"804":{"start":{"line":3617,"column":4},"end":{"line":3617,"column":42}},"805":{"start":{"line":3617,"column":35},"end":{"line":3617,"column":42}},"806":{"start":{"line":3619,"column":25},"end":{"line":3619,"column":76}},"807":{"start":{"line":3619,"column":54},"end":{"line":3619,"column":68}},"808":{"start":{"line":3620,"column":20},"end":{"line":3623,"column":null}},"809":{"start":{"line":3627,"column":6},"end":{"line":3627,"column":76}},"810":{"start":{"line":3628,"column":4},"end":{"line":3632,"column":42}},"811":{"start":{"line":3650,"column":24},"end":{"line":3665,"column":12}},"812":{"start":{"line":3655,"column":14},"end":{"line":3655,"column":56}},"813":{"start":{"line":3658,"column":12},"end":{"line":3662,"column":15}},"814":{"start":{"line":3667,"column":30},"end":{"line":3667,"column":72}},"815":{"start":{"line":3669,"column":4},"end":{"line":3669,"column":50}},"816":{"start":{"line":3669,"column":40},"end":{"line":3669,"column":50}},"817":{"start":{"line":3671,"column":20},"end":{"line":3675,"column":null}},"818":{"start":{"line":3674,"column":38},"end":{"line":3674,"column":52}},"819":{"start":{"line":3679,"column":6},"end":{"line":3679,"column":76}},"820":{"start":{"line":3680,"column":4},"end":{"line":3690,"column":6}},"821":{"start":{"line":3682,"column":8},"end":{"line":3688,"column":30}},"822":{"start":{"line":3694,"column":33},"end":{"line":3700,"column":20}},"823":{"start":{"line":3703,"column":6},"end":{"line":3703,"column":76}},"824":{"start":{"line":3705,"column":4},"end":{"line":3709,"column":33}},"825":{"start":{"line":3715,"column":23},"end":{"line":3715,"column":38}},"826":{"start":{"line":3716,"column":15},"end":{"line":3721,"column":19}},"827":{"start":{"line":3724,"column":6},"end":{"line":3724,"column":76}},"828":{"start":{"line":3726,"column":4},"end":{"line":3730,"column":15}},"829":{"start":{"line":3747,"column":23},"end":{"line":3747,"column":79}},"830":{"start":{"line":3750,"column":6},"end":{"line":3750,"column":76}},"831":{"start":{"line":3751,"column":4},"end":{"line":3755,"column":23}},"832":{"start":{"line":3772,"column":24},"end":{"line":3788,"column":12}},"833":{"start":{"line":3777,"column":14},"end":{"line":3777,"column":46}},"834":{"start":{"line":3780,"column":12},"end":{"line":3785,"column":15}},"835":{"start":{"line":3790,"column":30},"end":{"line":3790,"column":72}},"836":{"start":{"line":3792,"column":4},"end":{"line":3792,"column":50}},"837":{"start":{"line":3792,"column":40},"end":{"line":3792,"column":50}},"838":{"start":{"line":3794,"column":20},"end":{"line":3798,"column":null}},"839":{"start":{"line":3797,"column":38},"end":{"line":3797,"column":52}},"840":{"start":{"line":3802,"column":6},"end":{"line":3802,"column":76}},"841":{"start":{"line":3804,"column":4},"end":{"line":3814,"column":6}},"842":{"start":{"line":3806,"column":8},"end":{"line":3812,"column":30}},"843":{"start":{"line":3832,"column":54},"end":{"line":3832,"column":56}},"844":{"start":{"line":3834,"column":23},"end":{"line":3834,"column":69}},"845":{"start":{"line":3835,"column":27},"end":{"line":3835,"column":42}},"846":{"start":{"line":3837,"column":4},"end":{"line":3845,"column":5}},"847":{"start":{"line":3837,"column":17},"end":{"line":3837,"column":18}},"848":{"start":{"line":3838,"column":25},"end":{"line":3838,"column":56}},"849":{"start":{"line":3839,"column":6},"end":{"line":3844,"column":7}},"850":{"start":{"line":3840,"column":41},"end":{"line":3840,"column":66}},"851":{"start":{"line":3843,"column":8},"end":{"line":3843,"column":61}},"852":{"start":{"line":3847,"column":21},"end":{"line":3849,"column":38}},"853":{"start":{"line":3851,"column":30},"end":{"line":3870,"column":null}},"854":{"start":{"line":3855,"column":8},"end":{"line":3862,"column":9}},"855":{"start":{"line":3855,"column":35},"end":{"line":3855,"column":50}},"856":{"start":{"line":3856,"column":10},"end":{"line":3861,"column":12}},"857":{"start":{"line":3865,"column":8},"end":{"line":3869,"column":10}},"858":{"start":{"line":3872,"column":4},"end":{"line":3872,"column":74}},"859":{"start":{"line":3872,"column":42},"end":{"line":3872,"column":72}},"860":{"start":{"line":3874,"column":31},"end":{"line":3879,"column":6}},"861":{"start":{"line":3880,"column":26},"end":{"line":3884,"column":6}},"862":{"start":{"line":3886,"column":24},"end":{"line":3888,"column":null}},"863":{"start":{"line":3891,"column":55},"end":{"line":3891,"column":57}},"864":{"start":{"line":3892,"column":4},"end":{"line":3895,"column":5}},"865":{"start":{"line":3892,"column":40},"end":{"line":3892,"column":66}},"866":{"start":{"line":3893,"column":32},"end":{"line":3893,"column":65}},"867":{"start":{"line":3894,"column":6},"end":{"line":3894,"column":68}},"868":{"start":{"line":3898,"column":6},"end":{"line":3898,"column":76}},"869":{"start":{"line":3899,"column":4},"end":{"line":3926,"column":6}},"870":{"start":{"line":3901,"column":33},"end":{"line":3901,"column":77}},"871":{"start":{"line":3901,"column":55},"end":{"line":3901,"column":69}},"872":{"start":{"line":3902,"column":29},"end":{"line":3906,"column":10}},"873":{"start":{"line":3908,"column":24},"end":{"line":3911,"column":null}},"874":{"start":{"line":3914,"column":19},"end":{"line":3918,"column":23}},"875":{"start":{"line":3920,"column":8},"end":{"line":3920,"column":63}},"876":{"start":{"line":3920,"column":36},"end":{"line":3920,"column":63}},"877":{"start":{"line":3921,"column":8},"end":{"line":3921,"column":30}},"878":{"start":{"line":3922,"column":8},"end":{"line":3922,"column":65}},"879":{"start":{"line":3922,"column":37},"end":{"line":3922,"column":65}},"880":{"start":{"line":3924,"column":8},"end":{"line":3924,"column":18}},"881":{"start":{"line":3947,"column":32},"end":{"line":3948,"column":null}},"882":{"start":{"line":3951,"column":31},"end":{"line":3951,"column":77}},"883":{"start":{"line":3952,"column":31},"end":{"line":3952,"column":77}},"884":{"start":{"line":3954,"column":21},"end":{"line":3955,"column":null}},"885":{"start":{"line":3958,"column":21},"end":{"line":3959,"column":null}},"886":{"start":{"line":3962,"column":4},"end":{"line":3964,"column":5}},"887":{"start":{"line":3963,"column":6},"end":{"line":3963,"column":55}},"888":{"start":{"line":3966,"column":4},"end":{"line":3968,"column":5}},"889":{"start":{"line":3967,"column":6},"end":{"line":3967,"column":47}},"890":{"start":{"line":3971,"column":14},"end":{"line":3971,"column":29}},"891":{"start":{"line":3973,"column":29},"end":{"line":3980,"column":null}},"892":{"start":{"line":3983,"column":33},"end":{"line":3983,"column":66}},"893":{"start":{"line":3985,"column":51},"end":{"line":3987,"column":null}},"894":{"start":{"line":3994,"column":8},"end":{"line":3999,"column":6}},"895":{"start":{"line":4002,"column":26},"end":{"line":4002,"column":77}},"896":{"start":{"line":4004,"column":25},"end":{"line":4007,"column":null}},"897":{"start":{"line":4010,"column":46},"end":{"line":4010,"column":48}},"898":{"start":{"line":4011,"column":28},"end":{"line":4011,"column":30}},"899":{"start":{"line":4012,"column":35},"end":{"line":4012,"column":44}},"900":{"start":{"line":4014,"column":4},"end":{"line":4203,"column":5}},"901":{"start":{"line":4014,"column":17},"end":{"line":4014,"column":18}},"902":{"start":{"line":4015,"column":25},"end":{"line":4015,"column":74}},"903":{"start":{"line":4016,"column":25},"end":{"line":4016,"column":76}},"904":{"start":{"line":4018,"column":33},"end":{"line":4018,"column":65}},"905":{"start":{"line":4019,"column":33},"end":{"line":4019,"column":65}},"906":{"start":{"line":4021,"column":35},"end":{"line":4026,"column":null}},"907":{"start":{"line":4029,"column":30},"end":{"line":4032,"column":null}},"908":{"start":{"line":4035,"column":30},"end":{"line":4038,"column":null}},"909":{"start":{"line":4042,"column":8},"end":{"line":4046,"column":10}},"910":{"start":{"line":4048,"column":51},"end":{"line":4048,"column":53}},"911":{"start":{"line":4050,"column":35},"end":{"line":4050,"column":46}},"912":{"start":{"line":4051,"column":6},"end":{"line":4067,"column":7}},"913":{"start":{"line":4055,"column":8},"end":{"line":4064,"column":10}},"914":{"start":{"line":4066,"column":8},"end":{"line":4066,"column":61}},"915":{"start":{"line":4069,"column":35},"end":{"line":4069,"column":46}},"916":{"start":{"line":4070,"column":6},"end":{"line":4086,"column":7}},"917":{"start":{"line":4074,"column":8},"end":{"line":4083,"column":10}},"918":{"start":{"line":4085,"column":8},"end":{"line":4085,"column":61}},"919":{"start":{"line":4088,"column":30},"end":{"line":4088,"column":41}},"920":{"start":{"line":4089,"column":6},"end":{"line":4105,"column":7}},"921":{"start":{"line":4090,"column":8},"end":{"line":4104,"column":10}},"922":{"start":{"line":4108,"column":6},"end":{"line":4118,"column":7}},"923":{"start":{"line":4109,"column":8},"end":{"line":4115,"column":10}},"924":{"start":{"line":4116,"column":8},"end":{"line":4116,"column":61}},"925":{"start":{"line":4117,"column":8},"end":{"line":4117,"column":26}},"926":{"start":{"line":4121,"column":8},"end":{"line":4125,"column":24}},"927":{"start":{"line":4124,"column":50},"end":{"line":4124,"column":64}},"928":{"start":{"line":4127,"column":6},"end":{"line":4202,"column":7}},"929":{"start":{"line":4128,"column":33},"end":{"line":4130,"column":null}},"930":{"start":{"line":4133,"column":50},"end":{"line":4133,"column":52}},"931":{"start":{"line":4135,"column":8},"end":{"line":4140,"column":9}},"932":{"start":{"line":4135,"column":21},"end":{"line":4135,"column":42}},"933":{"start":{"line":4136,"column":10},"end":{"line":4139,"column":13}},"934":{"start":{"line":4142,"column":8},"end":{"line":4162,"column":10}},"935":{"start":{"line":4165,"column":8},"end":{"line":4194,"column":9}},"936":{"start":{"line":4166,"column":10},"end":{"line":4193,"column":12}},"937":{"start":{"line":4196,"column":8},"end":{"line":4201,"column":11}},"938":{"start":{"line":4205,"column":4},"end":{"line":4208,"column":6}},"939":{"start":{"line":4240,"column":28},"end":{"line":4243,"column":null}},"940":{"start":{"line":4245,"column":24},"end":{"line":4248,"column":null}},"941":{"start":{"line":4251,"column":18},"end":{"line":4251,"column":37}},"942":{"start":{"line":4252,"column":31},"end":{"line":4252,"column":58}},"943":{"start":{"line":4253,"column":31},"end":{"line":4253,"column":64}},"944":{"start":{"line":4255,"column":28},"end":{"line":4255,"column":99}},"945":{"start":{"line":4256,"column":28},"end":{"line":4256,"column":99}},"946":{"start":{"line":4257,"column":26},"end":{"line":4257,"column":101}},"947":{"start":{"line":4259,"column":28},"end":{"line":4259,"column":30}},"948":{"start":{"line":4264,"column":8},"end":{"line":4277,"column":6}},"949":{"start":{"line":4280,"column":4},"end":{"line":4280,"column":69}},"950":{"start":{"line":4281,"column":4},"end":{"line":4281,"column":69}},"951":{"start":{"line":4283,"column":36},"end":{"line":4285,"column":null}},"952":{"start":{"line":4288,"column":6},"end":{"line":4293,"column":8}},"953":{"start":{"line":4295,"column":4},"end":{"line":4306,"column":5}},"954":{"start":{"line":4296,"column":37},"end":{"line":4296,"column":48}},"955":{"start":{"line":4297,"column":6},"end":{"line":4303,"column":7}},"956":{"start":{"line":4298,"column":8},"end":{"line":4302,"column":26}},"957":{"start":{"line":4305,"column":6},"end":{"line":4305,"column":55}},"958":{"start":{"line":4308,"column":27},"end":{"line":4311,"column":null}},"959":{"start":{"line":4313,"column":32},"end":{"line":4316,"column":null}},"960":{"start":{"line":4319,"column":4},"end":{"line":4336,"column":5}},"961":{"start":{"line":4320,"column":41},"end":{"line":4320,"column":115}},"962":{"start":{"line":4321,"column":6},"end":{"line":4335,"column":7}},"963":{"start":{"line":4322,"column":24},"end":{"line":4322,"column":77}},"964":{"start":{"line":4323,"column":8},"end":{"line":4327,"column":9}},"965":{"start":{"line":4325,"column":29},"end":{"line":4325,"column":101}},"966":{"start":{"line":4326,"column":10},"end":{"line":4326,"column":43}},"967":{"start":{"line":4329,"column":44},"end":{"line":4329,"column":150}},"968":{"start":{"line":4330,"column":8},"end":{"line":4330,"column":58}},"969":{"start":{"line":4333,"column":27},"end":{"line":4333,"column":99}},"970":{"start":{"line":4334,"column":8},"end":{"line":4334,"column":41}},"971":{"start":{"line":4338,"column":33},"end":{"line":4338,"column":44}},"972":{"start":{"line":4339,"column":33},"end":{"line":4339,"column":44}},"973":{"start":{"line":4340,"column":28},"end":{"line":4340,"column":39}},"974":{"start":{"line":4342,"column":4},"end":{"line":4353,"column":5}},"975":{"start":{"line":4343,"column":6},"end":{"line":4352,"column":8}},"976":{"start":{"line":4355,"column":4},"end":{"line":4366,"column":5}},"977":{"start":{"line":4356,"column":6},"end":{"line":4365,"column":8}},"978":{"start":{"line":4368,"column":4},"end":{"line":4389,"column":5}},"979":{"start":{"line":4369,"column":6},"end":{"line":4388,"column":8}},"980":{"start":{"line":4391,"column":55},"end":{"line":4395,"column":6}},"981":{"start":{"line":4397,"column":51},"end":{"line":4401,"column":6}},"982":{"start":{"line":4403,"column":31},"end":{"line":4418,"column":20}},"983":{"start":{"line":4420,"column":4},"end":{"line":4420,"column":52}},"984":{"start":{"line":4431,"column":42},"end":{"line":4431,"column":44}},"985":{"start":{"line":4433,"column":4},"end":{"line":4455,"column":5}},"986":{"start":{"line":4434,"column":25},"end":{"line":4437,"column":null}},"987":{"start":{"line":4441,"column":8},"end":{"line":4441,"column":71}},"988":{"start":{"line":4443,"column":6},"end":{"line":4454,"column":7}},"989":{"start":{"line":4444,"column":8},"end":{"line":4453,"column":10}},"990":{"start":{"line":4457,"column":4},"end":{"line":4457,"column":15}},"991":{"start":{"line":4492,"column":33},"end":{"line":4497,"column":null}},"992":{"start":{"line":4500,"column":27},"end":{"line":4503,"column":null}},"993":{"start":{"line":4506,"column":24},"end":{"line":4509,"column":null}},"994":{"start":{"line":4512,"column":43},"end":{"line":4529,"column":20}},"995":{"start":{"line":4532,"column":6},"end":{"line":4532,"column":76}},"996":{"start":{"line":4533,"column":4},"end":{"line":4537,"column":43}},"997":{"start":{"line":4554,"column":54},"end":{"line":4554,"column":56}},"998":{"start":{"line":4555,"column":23},"end":{"line":4555,"column":69}},"999":{"start":{"line":4556,"column":27},"end":{"line":4556,"column":42}},"1000":{"start":{"line":4557,"column":4},"end":{"line":4565,"column":5}},"1001":{"start":{"line":4557,"column":17},"end":{"line":4557,"column":18}},"1002":{"start":{"line":4558,"column":25},"end":{"line":4558,"column":56}},"1003":{"start":{"line":4559,"column":6},"end":{"line":4564,"column":7}},"1004":{"start":{"line":4560,"column":41},"end":{"line":4560,"column":66}},"1005":{"start":{"line":4563,"column":8},"end":{"line":4563,"column":61}},"1006":{"start":{"line":4568,"column":4},"end":{"line":4574,"column":6}},"1007":{"start":{"line":4570,"column":8},"end":{"line":4573,"column":27}},"1008":{"start":{"line":4576,"column":22},"end":{"line":4583,"column":36}},"1009":{"start":{"line":4580,"column":25},"end":{"line":4580,"column":75}},"1010":{"start":{"line":4581,"column":22},"end":{"line":4581,"column":56}},"1011":{"start":{"line":4583,"column":18},"end":{"line":4583,"column":35}},"1012":{"start":{"line":4585,"column":30},"end":{"line":4608,"column":null}},"1013":{"start":{"line":4589,"column":10},"end":{"line":4598,"column":11}},"1014":{"start":{"line":4589,"column":37},"end":{"line":4589,"column":52}},"1015":{"start":{"line":4590,"column":12},"end":{"line":4597,"column":14}},"1016":{"start":{"line":4591,"column":14},"end":{"line":4595,"column":null}},"1017":{"start":{"line":4600,"column":10},"end":{"line":4606,"column":12}},"1018":{"start":{"line":4611,"column":4},"end":{"line":4611,"column":74}},"1019":{"start":{"line":4611,"column":42},"end":{"line":4611,"column":72}},"1020":{"start":{"line":4613,"column":31},"end":{"line":4629,"column":12}},"1021":{"start":{"line":4618,"column":14},"end":{"line":4618,"column":46}},"1022":{"start":{"line":4621,"column":12},"end":{"line":4626,"column":15}},"1023":{"start":{"line":4631,"column":26},"end":{"line":4646,"column":12}},"1024":{"start":{"line":4636,"column":14},"end":{"line":4636,"column":56}},"1025":{"start":{"line":4639,"column":12},"end":{"line":4643,"column":15}},"1026":{"start":{"line":4648,"column":30},"end":{"line":4650,"column":null}},"1027":{"start":{"line":4653,"column":55},"end":{"line":4653,"column":57}},"1028":{"start":{"line":4654,"column":4},"end":{"line":4657,"column":5}},"1029":{"start":{"line":4654,"column":40},"end":{"line":4654,"column":66}},"1030":{"start":{"line":4655,"column":32},"end":{"line":4655,"column":65}},"1031":{"start":{"line":4656,"column":6},"end":{"line":4656,"column":68}},"1032":{"start":{"line":4660,"column":6},"end":{"line":4660,"column":76}},"1033":{"start":{"line":4661,"column":4},"end":{"line":4688,"column":6}},"1034":{"start":{"line":4663,"column":24},"end":{"line":4663,"column":68}},"1035":{"start":{"line":4663,"column":46},"end":{"line":4663,"column":60}},"1036":{"start":{"line":4664,"column":29},"end":{"line":4668,"column":10}},"1037":{"start":{"line":4670,"column":24},"end":{"line":4673,"column":null}},"1038":{"start":{"line":4676,"column":19},"end":{"line":4680,"column":23}},"1039":{"start":{"line":4682,"column":8},"end":{"line":4682,"column":63}},"1040":{"start":{"line":4682,"column":36},"end":{"line":4682,"column":63}},"1041":{"start":{"line":4683,"column":8},"end":{"line":4683,"column":30}},"1042":{"start":{"line":4684,"column":8},"end":{"line":4684,"column":65}},"1043
[...]
,"column":5}}},"3":{"name":"toAmountAskSide","decl":{"start":{"line":39,"column":16},"end":{"line":39,"column":31}},"loc":{"start":{"line":42,"column":54},"end":{"line":76,"column":1}}},"4":{"name":"(anonymous_5)","decl":{"start":{"line":47,"column":54},"end":{"line":47,"column":64}},"loc":{"start":{"line":47,"column":71},"end":{"line":55,"column":5}}},"5":{"name":"(anonymous_6)","decl":{"start":{"line":61,"column":29},"end":{"line":61,"column":30}},"loc":{"start":{"line":61,"column":37},"end":{"line":75,"column":5}}},"6":{"name":"toAmountBothSide","decl":{"start":{"line":78,"column":16},"end":{"line":78,"column":32}},"loc":{"start":{"line":85,"column":54},"end":{"line":222,"column":1}}},"7":{"name":"(anonymous_8)","decl":{"start":{"line":93,"column":27},"end":{"line":93,"column":28}},"loc":{"start":{"line":93,"column":35},"end":{"line":99,"column":9}}},"8":{"name":"(anonymous_9)","decl":{"start":{"line":104,"column":27},"end":{"line":104,"column":28}},"loc":{"start":{"line":104,"column":35},"end":{"line":110,"column":9}}},"9":{"name":"(anonymous_10)","decl":{"start":{"line":112,"column":44},"end":{"line":112,"column":45}},"loc":{"start":{"line":112,"column":56},"end":{"line":114,"column":5}}},"10":{"name":"(anonymous_11)","decl":{"start":{"line":144,"column":30},"end":{"line":144,"column":31}},"loc":{"start":{"line":144,"column":42},"end":{"line":153,"column":9}}},"11":{"name":"(anonymous_12)","decl":{"start":{"line":157,"column":33},"end":{"line":157,"column":34}},"loc":{"start":{"line":157,"column":41},"end":{"line":184,"column":9}}},"12":{"name":"(anonymous_13)","decl":{"start":{"line":188,"column":30},"end":{"line":188,"column":31}},"loc":{"start":{"line":188,"column":42},"end":{"line":196,"column":9}}},"13":{"name":"(anonymous_14)","decl":{"start":{"line":202,"column":33},"end":{"line":202,"column":34}},"loc":{"start":{"line":202,"column":41},"end":{"line":220,"column":9}}},"14":{"name":"autoFillYByWeight","decl":{"start":{"line":225,"column":16},"end":{"line":225,"column":33}},"loc":{"start":{"line":231,"column":54},"end":{"line":293,"column":1}}},"15":{"name":"(anonymous_16)","decl":{"start":{"line":232,"column":44},"end":{"line":232,"column":45}},"loc":{"start":{"line":232,"column":56},"end":{"line":234,"column":5}}},"16":{"name":"(anonymous_17)","decl":{"start":{"line":264,"column":30},"end":{"line":264,"column":31}},"loc":{"start":{"line":264,"column":42},"end":{"line":273,"column":9}}},"17":{"name":"(anonymous_18)","decl":{"start":{"line":280,"column":30},"end":{"line":280,"column":31}},"loc":{"start":{"line":280,"column":42},"end":{"line":288,"column":9}}},"18":{"name":"autoFillXByWeight","decl":{"start":{"line":296,"column":16},"end":{"line":296,"column":33}},"loc":{"start":{"line":302,"column":54},"end":{"line":364,"column":1}}},"19":{"name":"(anonymous_20)","decl":{"start":{"line":303,"column":44},"end":{"line":303,"column":45}},"loc":{"start":{"line":303,"column":56},"end":{"line":305,"column":5}}},"20":{"name":"(anonymous_21)","decl":{"start":{"line":335,"column":30},"end":{"line":335,"column":31}},"loc":{"start":{"line":335,"column":42},"end":{"line":344,"column":9}}},"21":{"name":"(anonymous_22)","decl":{"start":{"line":351,"column":30},"end":{"line":351,"column":31}},"loc":{"start":{"line":351,"column":42},"end":{"line":359,"column":9}}}},"branchMap":{"0":{"loc":{"start":{"line":16,"column":15},"end":{"line":16,"column":61}},"type":"cond-expr","locations":[{"start":{"line":16,"column":37},"end":{"line":16,"column":40}},{"start":{"line":16,"column":43},"end":{"line":16,"column":61}}]},"1":{"loc":{"start":{"line":19,"column":4},"end":{"line":21,"column":5}},"type":"if","locations":[{"start":{"line":19,"column":4},"end":{"line":21,"column":5}}]},"2":{"loc":{"start":{"line":23,"column":8},"end":{"line":35,"column":9}},"type":"if","locations":[{"start":{"line":23,"column":8},"end":{"line":35,"column":9}},{"start":{"line":28,"column":15},"end":{"line":35,"column":9}}]},"3":{"loc":{"start":{"line":48,"column":8},"end":{"line":54,"column":9}},"type":"if","locations":[{"start":{"line":48,"column":8},"end":{"line":54,"column":9}},{"start":{"line":50,"column":15},"end":{"line":54,"column":9}}]},"4":{"loc":{"start":{"line":57,"column":4},"end":{"line":59,"column":5}},"type":"if","locations":[{"start":{"line":57,"column":4},"end":{"line":59,"column":5}}]},"5":{"loc":{"start":{"line":62,"column":8},"end":{"line":74,"column":9}},"type":"if","locations":[{"start":{"line":62,"column":8},"end":{"line":74,"column":9}},{"start":{"line":67,"column":15},"end":{"line":74,"column":9}}]},"6":{"loc":{"start":{"line":91,"column":4},"end":{"line":100,"column":5}},"type":"if","locations":[{"start":{"line":91,"column":4},"end":{"line":100,"column":5}}]},"7":{"loc":{"start":{"line":102,"column":4},"end":{"line":111,"column":5}},"type":"if","locations":[{"start":{"line":102,"column":4},"end":{"line":111,"column":5}}]},"8":{"loc":{"start":{"line":116,"column":4},"end":{"line":221,"column":5}},"type":"if","locations":[{"start":{"line":116,"column":4},"end":{"line":221,"column":5}},{"start":{"line":185,"column":11},"end":{"line":221,"column":5}}]},"9":{"loc":{"start":{"line":121,"column":8},"end":{"line":140,"column":9}},"type":"if","locations":[{"start":{"line":121,"column":8},"end":{"line":140,"column":9}},{"start":{"line":124,"column":15},"end":{"line":140,"column":9}}]},"10":{"loc":{"start":{"line":121,"column":12},"end":{"line":121,"column":70}},"type":"binary-expr","locations":[{"start":{"line":121,"column":12},"end":{"line":121,"column":39}},{"start":{"line":121,"column":43},"end":{"line":121,"column":70}}]},"11":{"loc":{"start":{"line":128,"column":12},"end":{"line":132,"column":13}},"type":"if","locations":[{"start":{"line":128,"column":12},"end":{"line":132,"column":13}}]},"12":{"loc":{"start":{"line":133,"column":12},"end":{"line":139,"column":13}},"type":"if","locations":[{"start":{"line":133,"column":12},"end":{"line":139,"column":13}}]},"13":{"loc":{"start":{"line":145,"column":12},"end":{"line":147,"column":13}},"type":"if","locations":[{"start":{"line":145,"column":12},"end":{"line":147,"column":13}}]},"14":{"loc":{"start":{"line":148,"column":12},"end":{"line":152,"column":13}},"type":"if","locations":[{"start":{"line":148,"column":12},"end":{"line":152,"column":13}}]},"15":{"loc":{"start":{"line":156,"column":17},"end":{"line":156,"column":42}},"type":"cond-expr","locations":[{"start":{"line":156,"column":35},"end":{"line":156,"column":37}},{"start":{"line":156,"column":40},"end":{"line":156,"column":42}}]},"16":{"loc":{"start":{"line":158,"column":12},"end":{"line":165,"column":13}},"type":"if","locations":[{"start":{"line":158,"column":12},"end":{"line":165,"column":13}}]},"17":{"loc":{"start":{"line":166,"column":12},"end":{"line":175,"column":13}},"type":"if","locations":[{"start":{"line":166,"column":12},"end":{"line":175,"column":13}}]},"18":{"loc":{"start":{"line":189,"column":12},"end":{"line":195,"column":13}},"type":"if","locations":[{"start":{"line":189,"column":12},"end":{"line":195,"column":13}},{"start":{"line":191,"column":19},"end":{"line":195,"column":13}}]},"19":{"loc":{"start":{"line":200,"column":16},"end":{"line":200,"column":41}},"type":"cond-expr","locations":[{"start":{"line":200,"column":34},"end":{"line":200,"column":36}},{"start":{"line":200,"column":39},"end":{"line":200,"column":41}}]},"20":{"loc":{"start":{"line":203,"column":12},"end":{"line":219,"column":13}},"type":"if","locations":[{"start":{"line":203,"column":12},"end":{"line":219,"column":13}},{"start":{"line":210,"column":19},"end":{"line":219,"column":13}}]},"21":{"loc":{"start":{"line":236,"column":4},"end":{"line":292,"column":5}},"type":"if","locations":[{"start":{"line":236,"column":4},"end":{"line":292,"column":5}},{"start":{"line":277,"column":11},"end":{"line":292,"column":5}}]},"22":{"loc":{"start":{"line":241,"column":8},"end":{"line":260,"column":9}},"type":"if","locations":[{"start":{"line":241,"column":8},"end":{"line":260,"column":9}},{"start":{"line":244,"column":15},"end":{"line":260,"column":9}}]},"23":{"loc":{"start":{"line":241,"column":12},"end":{"line":241,"column":70}},"type":"binary-expr","locations":[{"start":{"line":241,"column":12},"end":{"line":241,"column":39}},{"start":{"line":241,"column":43},"end":{"line":241,"column":70}}]},"24":{"loc":{"start":{"line":248,"column":12},"end":{"line":252,"column":13}},"type":"if","locations":[{"start":{"line":248,"column":12},"end":{"line":252,"column":13}}]},"25":{"loc":{"start":{"line":253,"column":12},"end":{"line":259,"column":13}},"type":"if","locations":[{"start":{"line":253,"column":12},"end":{"line":259,"column":13}}]},"26":{"loc":{"start":{"line":265,"column":12},"end":{"line":267,"column":13}},"type":"if","locations":[{"start":{"line":265,"column":12},"end":{"line":267,"column":13}}]},"27":{"loc":{"start":{"line":268,"column":12},"end":{"line":272,"column":13}},"type":"if","locations":[{"start":{"line":268,"column":12},"end":{"line":272,"column":13}}]},"28":{"loc":{"start":{"line":274,"column":19},"end":{"line":274,"column":109}},"type":"cond-expr","locations":[{"start":{"line":274,"column":43},"end":{"line":274,"column":57}},{"start":{"line":274,"column":60},"end":{"line":274,"column":109}}]},"29":{"loc":{"start":{"line":281,"column":12},"end":{"line":287,"column":13}},"type":"if","locations":[{"start":{"line":281,"column":12},"end":{"line":287,"column":13}},{"start":{"line":283,"column":19},"end":{"line":287,"column":13}}]},"30":{"loc":{"start":{"line":289,"column":19},"end":{"line":289,"column":109}},"type":"cond-expr","locations":[{"start":{"line":289,"column":43},"end":{"line":289,"column":57}},{"start":{"line":289,"column":60},"end":{"line":289,"column":109}}]},"31":{"loc":{"start":{"line":307,"column":4},"end":{"line":363,"column":5}},"type":"if","locations":[{"start":{"line":307,"column":4},"end":{"line":363,"column":5}},{"start":{"line":348,"column":11},"end":{"line":363,"column":5}}]},"32":{"loc":{"start":{"line":312,"column":8},"end":{"line":331,"column":9}},"type":"if","locations":[{"start":{"line":312,"column":8},"end":{"line":331,"column":9}},{"start":{"line":315,"column":15},"end":{"line":331,"column":9}}]},"33":{"loc":{"start":{"line":312,"column":12},"end":{"line":312,"column":70}},"type":"binary-expr","locations":[{"start":{"line":312,"column":12},"end":{"line":312,"column":39}},{"start":{"line":312,"column":43},"end":{"line":312,"column":70}}]},"34":{"loc":{"start":{"line":319,"column":12},"end":{"line":323,"column":13}},"type":"if","locations":[{"start":{"line":319,"column":12},"end":{"line":323,"column":13}}]},"35":{"loc":{"start":{"line":324,"column":12},"end":{"line":330,"column":13}},"type":"if","locations":[{"start":{"line":324,"column":12},"end":{"line":330,"column":13}}]},"36":{"loc":{"start":{"line":336,"column":12},"end":{"line":338,"column":13}},"type":"if","locations":[{"start":{"line":336,"column":12},"end":{"line":338,"column":13}}]},"37":{"loc":{"start":{"line":339,"column":12},"end":{"line":343,"column":13}},"type":"if","locations":[{"start":{"line":339,"column":12},"end":{"line":343,"column":13}}]},"38":{"loc":{"start":{"line":345,"column":19},"end":{"line":345,"column":109}},"type":"cond-expr","locations":[{"start":{"line":345,"column":43},"end":{"line":345,"column":57}},{"start":{"line":345,"column":60},"end":{"line":345,"column":109}}]},"39":{"loc":{"start":{"line":352,"column":12},"end":{"line":358,"column":13}},"type":"if","locations":[{"start":{"line":352,"column":12},"end":{"line":358,"column":13}},{"start":{"line":354,"column":19},"end":{"line":358,"column":13}}]},"40":{"loc":{"start":{"line":360,"column":19},"end":{"line":360,"column":109}},"type":"cond-expr","locations":[{"start":{"line":360,"column":43},"end":{"line":360,"column":57}},{"start":{"line":360,"column":60},"end":{"line":360,"column":109}}]}},"s":{"0":6,"1":6,"2":6,"3":6,"4":6,"5":6,"6":6,"7":6,"8":0,"9":0,"10":0,"11":0,"12":0,"13":0,"14":0,"15":0,"16":0,"17":0,"18":0,"19":0,"20":0,"21":0,"22":0,"23":0,"24":0,"25":0,"26":0,"27":0,"28":0,"29":0,"30":0,"31":0,"32":0,"33":0,"34":0,"35":0,"36":0,"37":0,"38":0,"39":0,"40":0,"41":0,"42":0,"43":0,"44":0,"45":0,"46":0,"47":0,"48":0,"49":0,"50":0,"51":0,"52":0,"53":0,"54":0,"55":0,"56":0,"57":0,"58":0,"59":0,"60":0,"61":0,"62":0,"63":0,"64":0,"65":0,"66":0,"67":0,"68":0,"69":0,"70":0,"71":0,"72":0,"73":0,"74":0,"75":0,"76":0,"77":0,"78":0,"79":0,"80":0,"81":0,"82":0,"83":0,"84":0,"85":0,"86":0,"87":0,"88":0,"89":0,"90":0,"91":0,"92":0,"93":0,"94":0,"95":0,"96":0,"97":0,"98":0,"99":0,"100":0,"101":0,"102":0,"103":0,"104":0,"105":0,"106":0,"107":0,"108":0,"109":0,"110":0,"111":0,"112":0,"113":0,"114":0,"115":0,"116":0,"117":0,"118":0,"119":0,"120":0,"121":0,"122":0,"123":0,"124":0,"125":0,"126":0,"127":0,"128":0,"129":0,"130":0,"131":0,"132":0,"133":0,"134":0,"135":0,"136":0,"137":0,"138":0,"139":0,"140":0,"141":0,"142":0,"143":0,"144":0,"145":0,"146":0,"147":0,"148":0,"149":0,"150":0,"151":0,"152":0,"153":0,"154":0,"155":0,"156":0,"157":0,"158":0,"159":0,"160":0,"161":0,"162":0,"163":0,"164":0,"165":0,"166":0,"167":0,"168":0,"169":0,"170":0,"171":0,"172":0,"173":0,"174":0},"f":{"0":0,"1":0,"2":0,"3":0,"4":0,"5":0,"6":0,"7":0,"8":0,"9":0,"10":0,"11":0,"12":0,"13":0,"14":0,"15":0,"16":0,"17":0,"18":0,"19":0,"20":0,"21":0},"b":{"0":[0,0],"1":[0],"2":[0,0],"3":[0,0],"4":[0],"5":[0,0],"6":[0],"7":[0],"8":[0,0],"9":[0,0],"10":[0,0],"11":[0],"12":[0],"13":[0],"14":[0],"15":[0,0],"16":[0],"17":[0],"18":[0,0],"19":[0,0],"20":[0,0],"21":[0,0],"22":[0,0],"23":[0,0],"24":[0],"25":[0],"26":[0],"27":[0],"28":[0,0],"29":[0,0],"30":[0,0],"31":[0,0],"32":[0,0],"33":[0,0],"34":[0],"35":[0],"36":[0],"37":[0],"38":[0,0],"39":[0,0],"40":[0,0]}}
,"/workdir/dlmm-sdk/ts-client/src/dlmm/types/index.ts": {"path":"/workdir/dlmm-sdk/ts-client/src/dlmm/types/index.ts","statementMap":{"0":{"start":{"line":1,"column":0},"end":{"line":1,"column":null}},"1":{"start":{"line":9,"column":0},"end":{"line":9,"column":50}},"2":{"start":{"line":11,"column":0},"end":{"line":11,"column":33}},"3":{"start":{"line":12,"column":0},"end":{"line":12,"column":52}},"4":{"start":{"line":115,"column":0},"end":{"line":115,"column":null}},"5":{"start":{"line":116,"column":2},"end":{"line":116,"column":null}},"6":{"start":{"line":117,"column":2},"end":{"line":117,"column":null}},"7":{"start":{"line":120,"column":0},"end":{"line":120,"column":null}},"8":{"start":{"line":121,"column":2},"end":{"line":121,"column":null}},"9":{"start":{"line":122,"column":2},"end":{"line":122,"column":null}},"10":{"start":{"line":125,"column":13},"end":{"line":132,"column":2}},"11":{"start":{"line":134,"column":0},"end":{"line":134,"column":null}},"12":{"start":{"line":135,"column":2},"end":{"line":135,"column":null}},"13":{"start":{"line":136,"column":2},"end":{"line":136,"column":null}},"14":{"start":{"line":137,"column":2},"end":{"line":137,"column":null}},"15":{"start":{"line":138,"column":2},"end":{"line":138,"column":null}},"16":{"start":{"line":139,"column":2},"end":{"line":139,"column":null}},"17":{"start":{"line":140,"column":2},"end":{"line":140,"column":null}},"18":{"start":{"line":143,"column":0},"end":{"line":143,"column":null}},"19":{"start":{"line":144,"column":2},"end":{"line":144,"column":null}},"20":{"start":{"line":145,"column":2},"end":{"line":145,"column":null}},"21":{"start":{"line":187,"column":0},"end":{"line":187,"column":null}},"22":{"start":{"line":196,"column":28},"end":{"line":199,"column":16}},"23":{"start":{"line":200,"column":4},"end":{"line":210,"column":6}},"24":{"start":{"line":188,"column":18},"end":{"line":211,"column":null}},"25":{"start":{"line":220,"column":28},"end":{"line":223,"column":16}},"26":{"start":{"line":224,"column":4},"end":{"line":234,"column":6}},"27":{"start":{"line":213,"column":18},"end":{"line":235,"column":null}},"28":{"start":{"line":381,"column":0},"end":{"line":381,"column":null}},"29":{"start":{"line":382,"column":2},"end":{"line":382,"column":null}},"30":{"start":{"line":383,"column":2},"end":{"line":383,"column":null}},"31":{"start":{"line":399,"column":13},"end":{"line":405,"column":3}},"32":{"start":{"line":407,"column":0},"end":{"line":407,"column":null}},"33":{"start":{"line":408,"column":2},"end":{"line":408,"column":null}},"34":{"start":{"line":409,"column":2},"end":{"line":409,"column":null}}},"fnMap":{"0":{"name":"(anonymous_1)","decl":{"start":{"line":115,"column":0},"end":{"line":115,"column":12}},"loc":{"start":{"line":115,"column":27},"end":{"line":118,"column":1}}},"1":{"name":"(anonymous_2)","decl":{"start":{"line":120,"column":0},"end":{"line":120,"column":12}},"loc":{"start":{"line":120,"column":20},"end":{"line":123,"column":1}}},"2":{"name":"(anonymous_3)","decl":{"start":{"line":134,"column":0},"end":{"line":134,"column":12}},"loc":{"start":{"line":134,"column":24},"end":{"line":141,"column":1}}},"3":{"name":"(anonymous_4)","decl":{"start":{"line":143,"column":0},"end":{"line":143,"column":12}},"loc":{"start":{"line":143,"column":26},"end":{"line":146,"column":1}}},"4":{"name":"(anonymous_5)","decl":{"start":{"line":187,"column":0},"end":{"line":187,"column":14}},"loc":{"start":{"line":187,"column":26},"end":{"line":236,"column":1}}},"5":{"name":"fromBin","decl":{"start":{"line":188,"column":18},"end":{"line":188,"column":25}},"loc":{"start":{"line":194,"column":19},"end":{"line":211,"column":3}}},"6":{"name":"empty","decl":{"start":{"line":213,"column":18},"end":{"line":213,"column":23}},"loc":{"start":{"line":218,"column":19},"end":{"line":235,"column":3}}},"7":{"name":"(anonymous_8)","decl":{"start":{"line":381,"column":0},"end":{"line":381,"column":12}},"loc":{"start":{"line":381,"column":22},"end":{"line":384,"column":1}}},"8":{"name":"(anonymous_9)","decl":{"start":{"line":407,"column":0},"end":{"line":407,"column":12}},"loc":{"start":{"line":407,"column":22},"end":{"line":410,"column":1}}}},"branchMap":{"0":{"loc":{"start":{"line":115,"column":12},"end":{"line":115,"column":null}},"type":"binary-expr","locations":[{"start":{"line":115,"column":12},"end":{"line":115,"column":27}},{"start":{"line":115,"column":27},"end":{"line":115,"column":null}}]},"1":{"loc":{"start":{"line":120,"column":12},"end":{"line":120,"column":null}},"type":"binary-expr","locations":[{"start":{"line":120,"column":12},"end":{"line":120,"column":20}},{"start":{"line":120,"column":20},"end":{"line":120,"column":null}}]},"2":{"loc":{"start":{"line":134,"column":12},"end":{"line":134,"column":null}},"type":"binary-expr","locations":[{"start":{"line":134,"column":12},"end":{"line":134,"column":24}},{"start":{"line":134,"column":24},"end":{"line":134,"column":null}}]},"3":{"loc":{"start":{"line":143,"column":12},"end":{"line":143,"column":null}},"type":"binary-expr","locations":[{"start":{"line":143,"column":12},"end":{"line":143,"column":26}},{"start":{"line":143,"column":26},"end":{"line":143,"column":null}}]},"4":{"loc":{"start":{"line":187,"column":14},"end":{"line":187,"column":null}},"type":"binary-expr","locations":[{"start":{"line":187,"column":14},"end":{"line":187,"column":26}},{"start":{"line":187,"column":26},"end":{"line":187,"column":null}}]},"5":{"loc":{"start":{"line":381,"column":12},"end":{"line":381,"column":null}},"type":"binary-expr","locations":[{"start":{"line":381,"column":12},"end":{"line":381,"column":22}},{"start":{"line":381,"column":22},"end":{"line":381,"column":null}}]},"6":{"loc":{"start":{"line":407,"column":12},"end":{"line":407,"column":null}},"type":"binary-expr","locations":[{"start":{"line":407,"column":12},"end":{"line":407,"column":22}},{"start":{"line":407,"column":22},"end":{"line":407,"column":null}}]}},"s":{"0":6,"1":6,"2":6,"3":6,"4":6,"5":6,"6":6,"7":6,"8":6,"9":6,"10":6,"11":6,"12":6,"13":6,"14":6,"15":6,"16":6,"17":6,"18":6,"19":6,"20":6,"21":6,"22":0,"23":0,"24":6,"25":0,"26":0,"27":6,"28":6,"29":6,"30":6,"31":6,"32":6,"33":6,"34":6},"f":{"0":6,"1":6,"2":6,"3":6,"4":6,"5":0,"6":0,"7":6,"8":6},"b":{"0":[6,6],"1":[6,6],"2":[6,6],"3":[6,6],"4":[6,6],"5":[6,6],"6":[6,6]}}
}
