TN:
SF:src/dlmm/error.ts
FN:13,(anonymous_0)
FN:31,(anonymous_1)
FN:55,(anonymous_2)
FNF:3
FNH:0
FNDA:0,(anonymous_0)
FNDA:0,(anonymous_1)
FNDA:0,(anonymous_2)
DA:1,5
DA:2,5
DA:3,5
DA:8,5
DA:14,0
DA:15,0
DA:16,0
DA:18,0
DA:19,0
DA:23,0
DA:26,0
DA:27,0
DA:28,0
DA:31,0
DA:33,0
DA:34,0
DA:35,0
DA:36,0
DA:40,0
DA:42,0
DA:43,0
DA:44,0
DA:51,5
DA:56,0
DA:57,0
DA:58,0
LF:26
LH:5
BRDA:18,0,0,0
BRDA:18,0,1,0
BRDA:23,1,0,0
BRDA:33,2,0,0
BRF:4
BRH:0
end_of_record
TN:
SF:src/dlmm/idl.ts
FNF:0
FNH:0
DA:5382,6
LF:1
LH:1
BRF:0
BRH:0
end_of_record
TN:
SF:src/dlmm/index.ts
FN:148,(anonymous_1)
FN:171,(anonymous_2)
FN:189,(anonymous_3)
FN:248,(anonymous_4)
FN:358,(anonymous_5)
FN:377,(anonymous_6)
FN:429,(anonymous_7)
FN:433,(anonymous_8)
FN:443,(anonymous_9)
FN:513,(anonymous_10)
FN:540,(anonymous_11)
FN:569,(anonymous_12)
FN:588,(anonymous_13)
FN:591,(anonymous_14)
FN:644,(anonymous_15)
FN:665,(anonymous_16)
FN:809,(anonymous_17)
FN:819,(anonymous_18)
FN:833,(anonymous_19)
FN:905,(anonymous_20)
FN:978,(anonymous_21)
FN:1053,(anonymous_22)
FN:1121,(anonymous_23)
FN:1140,(anonymous_24)
FN:1178,(anonymous_25)
FN:1187,(anonymous_26)
FN:1203,(anonymous_27)
FN:1226,(anonymous_28)
FN:1247,(anonymous_29)
FN:1280,(anonymous_30)
FN:1283,(anonymous_31)
FN:1309,(anonymous_32)
FN:1336,(anonymous_33)
FN:1368,(anonymous_34)
FN:1392,(anonymous_35)
FN:1406,(anonymous_36)
FN:1416,(anonymous_37)
FN:1438,(anonymous_38)
FN:1455,(anonymous_39)
FN:1496,(anonymous_40)
FN:1514,(anonymous_41)
FN:1553,(anonymous_42)
FN:1599,(anonymous_43)
FN:1628,(anonymous_44)
FN:1688,(anonymous_45)
FN:1782,(anonymous_46)
FN:1964,(anonymous_47)
FN:2092,(anonymous_48)
FN:2243,(anonymous_49)
FN:2416,(anonymous_50)
FN:2465,(anonymous_51)
FN:2689,(anonymous_52)
FN:2706,(anonymous_53)
FN:2935,(anonymous_54)
FN:2997,(anonymous_55)
FN:3132,(anonymous_56)
FN:3274,(anonymous_57)
FN:3327,(anonymous_58)
FN:3388,(anonymous_59)
FN:3436,(anonymous_60)
FN:3501,(anonymous_61)
FN:3550,(anonymous_62)
FN:3606,(anonymous_63)
FN:3619,(anonymous_64)
FN:3643,(anonymous_65)
FN:3654,(anonymous_66)
FN:3657,(anonymous_67)
FN:3674,(anonymous_68)
FN:3681,(anonymous_69)
FN:3693,(anonymous_70)
FN:3712,(anonymous_71)
FN:3740,(anonymous_72)
FN:3765,(anonymous_73)
FN:3776,(anonymous_74)
FN:3779,(anonymous_75)
FN:3797,(anonymous_76)
FN:3805,(anonymous_77)
FN:3825,(anonymous_78)
FN:3840,(anonymous_79)
FN:3852,(anonymous_80)
FN:3855,(anonymous_81)
FN:3872,(anonymous_82)
FN:3892,(anonymous_83)
FN:3900,(anonymous_84)
FN:3901,(anonymous_85)
FN:3939,(anonymous_86)
FN:4124,(anonymous_87)
FN:4228,(anonymous_88)
FN:4430,(anonymous_89)
FN:4473,(anonymous_90)
FN:4547,(anonymous_91)
FN:4560,(anonymous_92)
FN:4569,(anonymous_93)
FN:4580,(anonymous_94)
FN:4581,(anonymous_95)
FN:4583,(anonymous_96)
FN:4587,(anonymous_97)
FN:4589,(anonymous_98)
FN:4590,(anonymous_99)
FN:4611,(anonymous_100)
FN:4617,(anonymous_101)
FN:4620,(anonymous_102)
FN:4635,(anonymous_103)
FN:4638,(anonymous_104)
FN:4654,(anonymous_105)
FN:4662,(anonymous_106)
FN:4663,(anonymous_107)
FN:4691,(anonymous_108)
FN:4728,(anonymous_109)
FN:4769,(anonymous_110)
FN:4821,(anonymous_111)
FN:4826,(anonymous_112)
FN:4835,(anonymous_113)
FN:4839,(anonymous_114)
FN:4853,(anonymous_115)
FN:4918,(anonymous_116)
FN:4995,(anonymous_117)
FN:5026,(anonymous_118)
FN:5040,(anonymous_119)
FN:5145,(anonymous_120)
FN:5221,(anonymous_121)
FN:5265,(anonymous_122)
FN:5326,(anonymous_123)
FN:5346,(anonymous_124)
FN:5370,(anonymous_125)
FN:5374,(anonymous_126)
FN:5402,(anonymous_127)
FN:5408,(anonymous_128)
FN:5429,(anonymous_129)
FN:5451,(anonymous_130)
FN:5462,(anonymous_131)
FN:5463,(anonymous_132)
FN:5465,(anonymous_133)
FN:5467,(anonymous_134)
FN:5480,(anonymous_135)
FN:5486,(anonymous_136)
FN:5487,(anonymous_137)
FN:5503,(anonymous_138)
FN:5504,(anonymous_139)
FN:5507,(anonymous_140)
FN:5516,(anonymous_141)
FN:5517,(anonymous_142)
FN:5545,(anonymous_143)
FN:5560,(anonymous_144)
FN:5583,(anonymous_145)
FN:5641,(anonymous_146)
FNF:146
FNH:5
FNDA:23,(anonymous_1)
FNDA:1,(anonymous_2)
FNDA:0,(anonymous_3)
FNDA:23,(anonymous_4)
FNDA:0,(anonymous_5)
FNDA:0,(anonymous_6)
FNDA:0,(anonymous_7)
FNDA:0,(anonymous_8)
FNDA:0,(anonymous_9)
FNDA:0,(anonymous_10)
FNDA:0,(anonymous_11)
FNDA:0,(anonymous_12)
FNDA:0,(anonymous_13)
FNDA:0,(anonymous_14)
FNDA:0,(anonymous_15)
FNDA:0,(anonymous_16)
FNDA:1,(anonymous_17)
FNDA:4,(anonymous_18)
FNDA:0,(anonymous_19)
FNDA:0,(anonymous_20)
FNDA:0,(anonymous_21)
FNDA:0,(anonymous_22)
FNDA:0,(anonymous_23)
FNDA:0,(anonymous_24)
FNDA:0,(anonymous_25)
FNDA:0,(anonymous_26)
FNDA:0,(anonymous_27)
FNDA:0,(anonymous_28)
FNDA:0,(anonymous_29)
FNDA:0,(anonymous_30)
FNDA:0,(anonymous_31)
FNDA:0,(anonymous_32)
FNDA:0,(anonymous_33)
FNDA:0,(anonymous_34)
FNDA:0,(anonymous_35)
FNDA:0,(anonymous_36)
FNDA:0,(anonymous_37)
FNDA:0,(anonymous_38)
FNDA:0,(anonymous_39)
FNDA:0,(anonymous_40)
FNDA:0,(anonymous_41)
FNDA:0,(anonymous_42)
FNDA:0,(anonymous_43)
FNDA:0,(anonymous_44)
FNDA:0,(anonymous_45)
FNDA:0,(anonymous_46)
FNDA:0,(anonymous_47)
FNDA:0,(anonymous_48)
FNDA:0,(anonymous_49)
FNDA:0,(anonymous_50)
FNDA:0,(anonymous_51)
FNDA:0,(anonymous_52)
FNDA:0,(anonymous_53)
FNDA:0,(anonymous_54)
FNDA:0,(anonymous_55)
FNDA:0,(anonymous_56)
FNDA:0,(anonymous_57)
FNDA:0,(anonymous_58)
FNDA:0,(anonymous_59)
FNDA:0,(anonymous_60)
FNDA:0,(anonymous_61)
FNDA:0,(anonymous_62)
FNDA:0,(anonymous_63)
FNDA:0,(anonymous_64)
FNDA:0,(anonymous_65)
FNDA:0,(anonymous_66)
FNDA:0,(anonymous_67)
FNDA:0,(anonymous_68)
FNDA:0,(anonymous_69)
FNDA:0,(anonymous_70)
FNDA:0,(anonymous_71)
FNDA:0,(anonymous_72)
FNDA:0,(anonymous_73)
FNDA:0,(anonymous_74)
FNDA:0,(anonymous_75)
FNDA:0,(anonymous_76)
FNDA:0,(anonymous_77)
FNDA:0,(anonymous_78)
FNDA:0,(anonymous_79)
FNDA:0,(anonymous_80)
FNDA:0,(anonymous_81)
FNDA:0,(anonymous_82)
FNDA:0,(anonymous_83)
FNDA:0,(anonymous_84)
FNDA:0,(anonymous_85)
FNDA:0,(anonymous_86)
FNDA:0,(anonymous_87)
FNDA:0,(anonymous_88)
FNDA:0,(anonymous_89)
FNDA:0,(anonymous_90)
FNDA:0,(anonymous_91)
FNDA:0,(anonymous_92)
FNDA:0,(anonymous_93)
FNDA:0,(anonymous_94)
FNDA:0,(anonymous_95)
FNDA:0,(anonymous_96)
FNDA:0,(anonymous_97)
FNDA:0,(anonymous_98)
FNDA:0,(anonymous_99)
FNDA:0,(anonymous_100)
FNDA:0,(anonymous_101)
FNDA:0,(anonymous_102)
FNDA:0,(anonymous_103)
FNDA:0,(anonymous_104)
FNDA:0,(anonymous_105)
FNDA:0,(anonymous_106)
FNDA:0,(anonymous_107)
FNDA:0,(anonymous_108)
FNDA:0,(anonymous_109)
FNDA:0,(anonymous_110)
FNDA:0,(anonymous_111)
FNDA:0,(anonymous_112)
FNDA:0,(anonymous_113)
FNDA:0,(anonymous_114)
FNDA:0,(anonymous_115)
FNDA:0,(anonymous_116)
FNDA:0,(anonymous_117)
FNDA:0,(anonymous_118)
FNDA:0,(anonymous_119)
FNDA:0,(anonymous_120)
FNDA:0,(anonymous_121)
FNDA:0,(anonymous_122)
FNDA:0,(anonymous_123)
FNDA:0,(anonymous_124)
FNDA:0,(anonymous_125)
FNDA:0,(anonymous_126)
FNDA:0,(anonymous_127)
FNDA:0,(anonymous_128)
FNDA:0,(anonymous_129)
FNDA:0,(anonymous_130)
FNDA:0,(anonymous_131)
FNDA:0,(anonymous_132)
FNDA:0,(anonymous_133)
FNDA:0,(anonymous_134)
FNDA:0,(anonymous_135)
FNDA:0,(anonymous_136)
FNDA:0,(anonymous_137)
FNDA:0,(anonymous_138)
FNDA:0,(anonymous_139)
FNDA:0,(anonymous_140)
FNDA:0,(anonymous_141)
FNDA:0,(anonymous_142)
FNDA:0,(anonymous_143)
FNDA:0,(anonymous_144)
FNDA:0,(anonymous_145)
FNDA:0,(anonymous_146)
DA:1,5
DA:2,5
DA:3,5
DA:12,5
DA:24,5
DA:25,5
DA:40,5
DA:41,5
DA:77,5
DA:90,5
DA:91,5
DA:140,5
DA:147,5
DA:149,23
DA:150,23
DA:151,23
DA:152,23
DA:153,23
DA:154,23
DA:155,23
DA:156,23
DA:175,1
DA:180,1
DA:186,1
DA:197,0
DA:199,0
DA:204,0
DA:210,0
DA:211,0
DA:218,0
DA:219,0
DA:221,0
DA:228,0
DA:229,0
DA:230,0
DA:233,0
DA:235,0
DA:253,23
DA:255,23
DA:260,23
DA:266,23
DA:270,23
DA:276,23
DA:280,23
DA:281,23
DA:282,0
DA:283,23
DA:287,23
DA:288,23
DA:289,23
DA:290,0
DA:296,23
DA:297,23
DA:298,23
DA:300,23
DA:310,23
DA:311,0
DA:317,23
DA:318,23
DA:319,23
DA:322,23
DA:325,23
DA:331,23
DA:337,23
DA:363,0
DA:365,0
DA:370,0
DA:376,0
DA:377,0
DA:379,0
DA:385,0
DA:390,0
DA:391,0
DA:392,0
DA:393,0
DA:395,0
DA:396,0
DA:397,0
DA:398,0
DA:399,0
DA:400,0
DA:401,0
DA:405,0
DA:408,0
DA:412,0
DA:413,0
DA:414,0
DA:415,0
DA:416,0
DA:417,0
DA:421,0
DA:428,0
DA:429,0
DA:432,0
DA:433,0
DA:437,0
DA:442,0
DA:444,0
DA:445,0
DA:446,0
DA:448,0
DA:451,0
DA:454,0
DA:455,0
DA:456,0
DA:462,0
DA:464,0
DA:466,0
DA:468,0
DA:472,0
DA:473,0
DA:477,0
DA:478,0
DA:479,0
DA:482,0
DA:485,0
DA:491,0
DA:497,0
DA:510,0
DA:514,0
DA:519,0
DA:525,0
DA:526,0
DA:545,0
DA:547,0
DA:552,0
DA:558,0
DA:567,0
DA:568,0
DA:569,0
DA:570,0
DA:571,0
DA:573,0
DA:578,0
DA:583,0
DA:584,0
DA:585,0
DA:587,0
DA:588,0
DA:590,0
DA:591,0
DA:595,0
DA:601,0
DA:603,0
DA:604,0
DA:609,0
DA:612,0
DA:613,0
DA:614,0
DA:618,0
DA:622,0
DA:623,0
DA:625,0
DA:630,0
DA:633,0
DA:634,0
DA:635,0
DA:636,0
DA:640,0
DA:643,0
DA:644,0
DA:652,0
DA:657,0
DA:661,0
DA:665,0
DA:666,0
DA:668,0
DA:670,0
DA:671,0
DA:672,0
DA:675,0
DA:676,0
DA:678,0
DA:684,0
DA:686,0
DA:687,0
DA:688,0
DA:691,0
DA:692,0
DA:693,0
DA:699,0
DA:715,0
DA:716,0
DA:717,0
DA:719,0
DA:720,0
DA:721,0
DA:723,0
DA:728,0
DA:733,0
DA:736,0
DA:740,0
DA:741,0
DA:746,0
DA:748,0
DA:749,0
DA:755,0
DA:761,0
DA:788,0
DA:789,0
DA:806,0
DA:814,1
DA:824,4
DA:825,4
DA:828,4
DA:845,0
DA:850,0
DA:856,0
DA:864,0
DA:865,0
DA:866,0
DA:868,0
DA:869,0
DA:875,0
DA:877,0
DA:886,0
DA:918,0
DA:923,0
DA:929,0
DA:935,0
DA:936,0
DA:937,0
DA:939,0
DA:940,0
DA:946,0
DA:956,0
DA:957,0
DA:959,0
DA:989,0
DA:994,0
DA:1000,0
DA:1007,0
DA:1008,0
DA:1011,0
DA:1019,0
DA:1020,0
DA:1021,0
DA:1023,0
DA:1024,0
DA:1030,0
DA:1054,0
DA:1063,0
DA:1070,0
DA:1074,0
DA:1075,0
DA:1080,0
DA:1081,0
DA:1088,0
DA:1089,0
DA:1090,0
DA:1101,0
DA:1107,0
DA:1114,0
DA:1122,0
DA:1144,0
DA:1146,0
DA:1148,0
DA:1149,0
DA:1151,0
DA:1152,0
DA:1158,0
DA:1160,0
DA:1165,0
DA:1168,0
DA:1169,0
DA:1174,0
DA:1177,0
DA:1178,0
DA:1181,0
DA:1186,0
DA:1188,0
DA:1192,0
DA:1193,0
DA:1200,0
DA:1207,0
DA:1208,0
DA:1211,0
DA:1215,0
DA:1227,0
DA:1230,0
DA:1232,0
DA:1236,0
DA:1248,0
DA:1249,0
DA:1250,0
DA:1252,0
DA:1253,0
DA:1259,0
DA:1265,0
DA:1270,0
DA:1281,0
DA:1283,0
DA:1284,0
DA:1287,0
DA:1313,0
DA:1314,0
DA:1316,0
DA:1324,0
DA:1340,0
DA:1341,0
DA:1343,0
DA:1351,0
DA:1374,0
DA:1384,0
DA:1393,0
DA:1407,0
DA:1417,0
DA:1418,0
DA:1425,0
DA:1439,0
DA:1459,0
DA:1478,0
DA:1480,0
DA:1481,0
DA:1484,0
DA:1485,0
DA:1491,0
DA:1492,0
DA:1495,0
DA:1496,0
DA:1497,0
DA:1498,0
DA:1500,0
DA:1505,0
DA:1510,0
DA:1511,0
DA:1513,0
DA:1514,0
DA:1517,0
DA:1527,0
DA:1529,0
DA:1530,0
DA:1532,0
DA:1533,0
DA:1534,0
DA:1535,0
DA:1538,0
DA:1542,0
DA:1545,0
DA:1546,0
DA:1548,0
DA:1552,0
DA:1554,0
DA:1555,0
DA:1556,0
DA:1558,0
DA:1563,0
DA:1568,0
DA:1571,0
DA:1574,0
DA:1593,0
DA:1600,0
DA:1602,0
DA:1603,0
DA:1608,0
DA:1611,0
DA:1613,0
DA:1614,0
DA:1615,0
DA:1639,0
DA:1649,0
DA:1650,0
DA:1654,0
DA:1660,0
DA:1661,0
DA:1668,0
DA:1669,0
DA:1689,0
DA:1690,0
DA:1691,0
DA:1694,0
DA:1695,0
DA:1696,0
DA:1697,0
DA:1702,0
DA:1708,0
DA:1717,0
DA:1718,0
DA:1739,0
DA:1743,0
DA:1747,0
DA:1752,0
DA:1790,0
DA:1792,0
DA:1796,0
DA:1797,0
DA:1806,0
DA:1808,0
DA:1809,0
DA:1815,0
DA:1819,0
DA:1825,0
DA:1830,0
DA:1835,0
DA:1847,0
DA:1848,0
DA:1850,0
DA:1851,0
DA:1857,0
DA:1860,0
DA:1861,0
DA:1867,0
DA:1870,0
DA:1871,0
DA:1877,0
DA:1878,0
DA:1881,0
DA:1882,0
DA:1885,0
DA:1888,0
DA:1892,0
DA:1895,0
DA:1897,0
DA:1905,0
DA:1923,0
DA:1925,0
DA:1929,0
DA:1935,0
DA:1941,0
DA:1944,0
DA:1945,0
DA:1975,0
DA:1977,0
DA:1981,0
DA:1982,0
DA:1987,0
DA:1988,0
DA:1997,0
DA:1999,0
DA:2000,0
DA:2006,0
DA:2010,0
DA:2016,0
DA:2021,0
DA:2026,0
DA:2038,0
DA:2039,0
DA:2041,0
DA:2042,0
DA:2048,0
DA:2051,0
DA:2052,0
DA:2058,0
DA:2061,0
DA:2062,0
DA:2068,0
DA:2069,0
DA:2072,0
DA:2073,0
DA:2075,0
DA:2076,0
DA:2079,0
DA:2082,0
DA:2086,0
DA:2089,0
DA:2092,0
DA:2100,0
DA:2101,0
DA:2104,0
DA:2112,0
DA:2129,0
DA:2136,0
DA:2153,0
DA:2154,0
DA:2158,0
DA:2159,0
DA:2165,0
DA:2167,0
DA:2173,0
DA:2176,0
DA:2177,0
DA:2184,0
DA:2190,0
DA:2197,0
DA:2199,0
DA:2201,0
DA:2203,0
DA:2204,0
DA:2209,0
DA:2212,0
DA:2217,0
DA:2219,0
DA:2220,0
DA:2225,0
DA:2228,0
DA:2251,0
DA:2253,0
DA:2257,0
DA:2259,0
DA:2260,0
DA:2263,0
DA:2266,0
DA:2271,0
DA:2273,0
DA:2277,0
DA:2280,0
DA:2282,0
DA:2287,0
DA:2293,0
DA:2298,0
DA:2303,0
DA:2315,0
DA:2316,0
DA:2318,0
DA:2319,0
DA:2325,0
DA:2328,0
DA:2329,0
DA:2335,0
DA:2338,0
DA:2339,0
DA:2345,0
DA:2346,0
DA:2349,0
DA:2357,0
DA:2375,0
DA:2377,0
DA:2381,0
DA:2387,0
DA:2393,0
DA:2396,0
DA:2397,0
DA:2426,0
DA:2430,0
DA:2434,0
DA:2436,0
DA:2437,0
DA:2440,0
DA:2441,0
DA:2445,0
DA:2446,0
DA:2448,0
DA:2449,0
DA:2452,0
DA:2455,0
DA:2459,0
DA:2462,0
DA:2465,0
DA:2473,0
DA:2474,0
DA:2477,0
DA:2480,0
DA:2486,0
DA:2490,0
DA:2496,0
DA:2497,0
DA:2502,0
DA:2507,0
DA:2519,0
DA:2520,0
DA:2522,0
DA:2523,0
DA:2529,0
DA:2532,0
DA:2533,0
DA:2539,0
DA:2542,0
DA:2543,0
DA:2549,0
DA:2550,0
DA:2553,0
DA:2561,0
DA:2578,0
DA:2585,0
DA:2602,0
DA:2603,0
DA:2607,0
DA:2608,0
DA:2614,0
DA:2616,0
DA:2622,0
DA:2625,0
DA:2626,0
DA:2633,0
DA:2639,0
DA:2645,0
DA:2647,0
DA:2649,0
DA:2650,0
DA:2651,0
DA:2656,0
DA:2659,0
DA:2664,0
DA:2666,0
DA:2667,0
DA:2672,0
DA:2675,0
DA:2702,0
DA:2703,0
DA:2704,0
DA:2706,0
DA:2707,0
DA:2710,0
DA:2711,0
DA:2712,0
DA:2717,0
DA:2723,0
DA:2725,0
DA:2734,0
DA:2761,0
DA:2762,0
DA:2764,0
DA:2765,0
DA:2766,0
DA:2769,0
DA:2770,0
DA:2772,0
DA:2773,0
DA:2790,0
DA:2792,0
DA:2793,0
DA:2794,0
DA:2796,0
DA:2801,0
DA:2803,0
DA:2817,0
DA:2820,0
DA:2831,0
DA:2832,0
DA:2834,0
DA:2838,0
DA:2844,0
DA:2845,0
DA:2848,0
DA:2849,0
DA:2852,0
DA:2855,0
DA:2859,0
DA:2879,0
DA:2885,0
DA:2891,0
DA:2893,0
DA:2894,0
DA:2901,0
DA:2903,0
DA:2909,0
DA:2915,0
DA:2918,0
DA:2920,0
DA:2942,0
DA:2946,0
DA:2947,0
DA:2953,0
DA:2954,0
DA:2960,0
DA:2973,0
DA:2974,0
DA:3004,0
DA:3005,0
DA:3007,0
DA:3008,0
DA:3010,0
DA:3011,0
DA:3013,0
DA:3020,0
DA:3021,0
DA:3022,0
DA:3023,0
DA:3024,0
DA:3026,0
DA:3027,0
DA:3035,0
DA:3036,0
DA:3042,0
DA:3044,0
DA:3050,0
DA:3053,0
DA:3058,0
DA:3067,0
DA:3068,0
DA:3069,0
DA:3070,0
DA:3071,0
DA:3075,0
DA:3076,0
DA:3077,0
DA:3079,0
DA:3084,0
DA:3088,0
DA:3093,0
DA:3099,0
DA:3103,0
DA:3140,0
DA:3141,0
DA:3143,0
DA:3144,0
DA:3146,0
DA:3147,0
DA:3149,0
DA:3156,0
DA:3157,0
DA:3158,0
DA:3159,0
DA:3160,0
DA:3161,0
DA:3163,0
DA:3164,0
DA:3172,0
DA:3173,0
DA:3174,0
DA:3176,0
DA:3183,0
DA:3185,0
DA:3191,0
DA:3194,0
DA:3198,0
DA:3207,0
DA:3208,0
DA:3209,0
DA:3210,0
DA:3211,0
DA:3213,0
DA:3214,0
DA:3217,0
DA:3221,0
DA:3222,0
DA:3223,0
DA:3225,0
DA:3230,0
DA:3232,0
DA:3238,0
DA:3240,0
DA:3248,0
DA:3253,0
DA:3257,0
DA:3262,0
DA:3284,0
DA:3286,0
DA:3287,0
DA:3292,0
DA:3304,0
DA:3305,0
DA:3307,0
DA:3308,0
DA:3314,0
DA:3315,0
DA:3316,0
DA:3319,0
DA:3320,0
DA:3321,0
DA:3324,0
DA:3325,0
DA:3327,0
DA:3328,0
DA:3335,0
DA:3357,0
DA:3359,0
DA:3365,0
DA:3368,0
DA:3369,0
DA:3397,0
DA:3398,0
DA:3403,0
DA:3415,0
DA:3416,0
DA:3418,0
DA:3419,0
DA:3425,0
DA:3426,0
DA:3427,0
DA:3430,0
DA:3431,0
DA:3432,0
DA:3436,0
DA:3437,0
DA:3444,0
DA:3470,0
DA:3472,0
DA:3478,0
DA:3481,0
DA:3482,0
DA:3510,0
DA:3511,0
DA:3516,0
DA:3528,0
DA:3529,0
DA:3531,0
DA:3532,0
DA:3538,0
DA:3539,0
DA:3540,0
DA:3543,0
DA:3544,0
DA:3545,0
DA:3550,0
DA:3551,0
DA:3558,0
DA:3580,0
DA:3582,0
DA:3588,0
DA:3591,0
DA:3592,0
DA:3613,0
DA:3617,0
DA:3619,0
DA:3620,0
DA:3627,0
DA:3628,0
DA:3650,0
DA:3655,0
DA:3658,0
DA:3667,0
DA:3669,0
DA:3671,0
DA:3674,0
DA:3679,0
DA:3680,0
DA:3682,0
DA:3694,0
DA:3703,0
DA:3705,0
DA:3715,0
DA:3716,0
DA:3724,0
DA:3726,0
DA:3747,0
DA:3750,0
DA:3751,0
DA:3772,0
DA:3777,0
DA:3780,0
DA:3790,0
DA:3792,0
DA:3794,0
DA:3797,0
DA:3802,0
DA:3804,0
DA:3806,0
DA:3832,0
DA:3834,0
DA:3835,0
DA:3837,0
DA:3838,0
DA:3839,0
DA:3840,0
DA:3843,0
DA:3847,0
DA:3851,0
DA:3855,0
DA:3856,0
DA:3865,0
DA:3872,0
DA:3874,0
DA:3880,0
DA:3886,0
DA:3891,0
DA:3892,0
DA:3893,0
DA:3894,0
DA:3898,0
DA:3899,0
DA:3901,0
DA:3902,0
DA:3908,0
DA:3914,0
DA:3920,0
DA:3921,0
DA:3922,0
DA:3924,0
DA:3947,0
DA:3951,0
DA:3952,0
DA:3954,0
DA:3958,0
DA:3962,0
DA:3963,0
DA:3966,0
DA:3967,0
DA:3971,0
DA:3973,0
DA:3983,0
DA:3985,0
DA:3994,0
DA:4002,0
DA:4004,0
DA:4010,0
DA:4011,0
DA:4012,0
DA:4014,0
DA:4015,0
DA:4016,0
DA:4018,0
DA:4019,0
DA:4021,0
DA:4029,0
DA:4035,0
DA:4042,0
DA:4048,0
DA:4050,0
DA:4051,0
DA:4055,0
DA:4066,0
DA:4069,0
DA:4070,0
DA:4074,0
DA:4085,0
DA:4088,0
DA:4089,0
DA:4090,0
DA:4108,0
DA:4109,0
DA:4116,0
DA:4117,0
DA:4121,0
DA:4124,0
DA:4127,0
DA:4128,0
DA:4133,0
DA:4135,0
DA:4136,0
DA:4142,0
DA:4165,0
DA:4166,0
DA:4196,0
DA:4205,0
DA:4240,0
DA:4245,0
DA:4251,0
DA:4252,0
DA:4253,0
DA:4255,0
DA:4256,0
DA:4257,0
DA:4259,0
DA:4264,0
DA:4280,0
DA:4281,0
DA:4283,0
DA:4288,0
DA:4295,0
DA:4296,0
DA:4297,0
DA:4298,0
DA:4305,0
DA:4308,0
DA:4313,0
DA:4319,0
DA:4320,0
DA:4321,0
DA:4322,0
DA:4323,0
DA:4325,0
DA:4326,0
DA:4329,0
DA:4330,0
DA:4333,0
DA:4334,0
DA:4338,0
DA:4339,0
DA:4340,0
DA:4342,0
DA:4343,0
DA:4355,0
DA:4356,0
DA:4368,0
DA:4369,0
DA:4391,0
DA:4397,0
DA:4403,0
DA:4420,0
DA:4431,0
DA:4433,0
DA:4434,0
DA:4441,0
DA:4443,0
DA:4444,0
DA:4457,0
DA:4492,0
DA:4500,0
DA:4506,0
DA:4512,0
DA:4532,0
DA:4533,0
DA:4554,0
DA:4555,0
DA:4556,0
DA:4557,0
DA:4558,0
DA:4559,0
DA:4560,0
DA:4563,0
DA:4568,0
DA:4570,0
DA:4576,0
DA:4580,0
DA:4581,0
DA:4583,0
DA:4585,0
DA:4589,0
DA:4590,0
DA:4591,0
DA:4600,0
DA:4611,0
DA:4613,0
DA:4618,0
DA:4621,0
DA:4631,0
DA:4636,0
DA:4639,0
DA:4648,0
DA:4653,0
DA:4654,0
DA:4655,0
DA:4656,0
DA:4660,0
DA:4661,0
DA:4663,0
DA:4664,0
DA:4670,0
DA:4676,0
DA:4682,0
DA:4683,0
DA:4684,0
DA:4686,0
DA:4692,0
DA:4703,0
DA:4707,0
DA:4708,0
DA:4714,0
DA:4716,0
DA:4729,0
DA:4739,0
DA:4740,0
DA:4742,0
DA:4743,0
DA:4748,0
DA:4750,0
DA:4751,0
DA:4757,0
DA:4758,0
DA:4762,0
DA:4763,0
DA:4768,0
DA:4769,0
DA:4770,0
DA:4772,0
DA:4778,0
DA:4780,0
DA:4784,0
DA:4788,0
DA:4789,0
DA:4790,0
DA:4791,0
DA:4792,0
DA:4794,0
DA:4795,0
DA:4798,0
DA:4799,0
DA:4803,0
DA:4804,0
DA:4814,0
DA:4825,0
DA:4827,0
DA:4829,0
DA:4831,0
DA:4832,0
DA:4833,0
DA:4834,0
DA:4835,0
DA:4836,0
DA:4838,0
DA:4839,0
DA:4841,0
DA:4843,0
DA:4848,0
DA:4859,0
DA:4865,0
DA:4872,0
DA:4873,0
DA:4874,0
DA:4875,0
DA:4877,0
DA:4878,0
DA:4883,0
DA:4884,0
DA:4888,0
DA:4895,0
DA:4897,0
DA:4898,0
DA:4902,0
DA:4908,0
DA:4909,0
DA:4913,0
DA:4922,0
DA:4926,0
DA:4929,0
DA:4930,0
DA:4935,0
DA:4936,0
DA:4942,0
DA:4948,0
DA:4949,0
DA:4951,0
DA:4952,0
DA:4955,0
DA:4956,0
DA:4957,0
DA:4961,0
DA:4962,0
DA:4965,0
DA:4967,0
DA:4968,0
DA:4969,0
DA:4972,0
DA:4973,0
DA:4977,0
DA:4978,0
DA:4985,0
DA:4987,0
DA:4996,0
DA:4997,0
DA:5000,0
DA:5002,0
DA:5006,0
DA:5011,0
DA:5016,0
DA:5017,0
DA:5021,0
DA:5030,0
DA:5049,0
DA:5051,0
DA:5053,0
DA:5054,0
DA:5055,0
DA:5056,0
DA:5059,0
DA:5065,0
DA:5066,0
DA:5072,0
DA:5079,0
DA:5080,0
DA:5082,0
DA:5083,0
DA:5084,0
DA:5087,0
DA:5088,0
DA:5090,0
DA:5092,0
DA:5096,0
DA:5097,0
DA:5099,0
DA:5100,0
DA:5102,0
DA:5103,0
DA:5109,0
DA:5111,0
DA:5114,0
DA:5118,0
DA:5123,0
DA:5126,0
DA:5132,0
DA:5139,0
DA:5152,0
DA:5154,0
DA:5155,0
DA:5157,0
DA:5158,0
DA:5159,0
DA:5160,0
DA:5163,0
DA:5169,0
DA:5170,0
DA:5176,0
DA:5183,0
DA:5184,0
DA:5186,0
DA:5187,0
DA:5188,0
DA:5191,0
DA:5192,0
DA:5194,0
DA:5196,0
DA:5200,0
DA:5207,0
DA:5214,0
DA:5215,0
DA:5218,0
DA:5240,0
DA:5242,0
DA:5252,0
DA:5255,0
DA:5259,0
DA:5261,0
DA:5262,0
DA:5263,0
DA:5265,0
DA:5266,0
DA:5268,0
DA:5269,0
DA:5272,0
DA:5276,0
DA:5277,0
DA:5279,0
DA:5292,0
DA:5299,0
DA:5309,0
DA:5335,0
DA:5336,0
DA:5338,0
DA:5339,0
DA:5340,0
DA:5342,0
DA:5346,0
DA:5347,0
DA:5349,0
DA:5350,0
DA:5354,0
DA:5368,0
DA:5370,0
DA:5371,0
DA:5374,0
DA:5375,0
DA:5376,0
DA:5377,0
DA:5381,0
DA:5397,0
DA:5403,0
DA:5404,0
DA:5405,0
DA:5406,0
DA:5408,0
DA:5409,0
DA:5410,0
DA:5411,0
DA:5413,0
DA:5414,0
DA:5416,0
DA:5420,0
DA:5438,0
DA:5439,0
DA:5441,0
DA:5442,0
DA:5443,0
DA:5445,0
DA:5446,0
DA:5448,0
DA:5451,0
DA:5453,0
DA:5455,0
DA:5461,0
DA:5462,0
DA:5464,0
DA:5465,0
DA:5467,0
DA:5469,0
DA:5484,0
DA:5486,0
DA:5487,0
DA:5489,0
DA:5490,0
DA:5491,0
DA:5496,0
DA:5500,0
DA:5502,0
DA:5503,0
DA:5504,0
DA:5512,0
DA:5514,0
DA:5516,0
DA:5517,0
DA:5519,0
DA:5520,0
DA:5527,0
DA:5529,0
DA:5530,0
DA:5542,0
DA:5550,0
DA:5552,0
DA:5554,0
DA:5567,0
DA:5569,0
DA:5570,0
DA:5571,0
DA:5572,0
DA:5576,0
DA:5578,0
DA:5592,0
DA:5595,0
DA:5601,0
DA:5602,0
DA:5608,0
DA:5609,0
DA:5610,0
DA:5611,0
DA:5613,0
DA:5614,0
DA:5619,0
DA:5620,0
DA:5635,0
DA:5638,0
DA:5652,0
DA:5654,0
DA:5655,0
DA:5661,0
DA:5662,0
DA:5668,0
DA:5673,0
DA:5679,0
DA:5683,0
DA:5687,0
DA:5701,0
DA:5702,0
DA:5704,0
DA:5705,0
DA:5711,0
DA:5712,0
DA:5715,0
DA:5735,0
LF:1308
LH:52
BRDA:182,0,0,1
BRDA:182,0,1,0
BRDA:182,1,0,0
BRDA:182,1,1,0
BRDA:197,2,0,0
BRDA:197,2,1,0
BRDA:206,3,0,0
BRDA:206,3,1,0
BRDA:219,4,0,0
BRDA:229,5,0,0
BRDA:229,6,0,0
BRDA:229,6,1,0
BRDA:253,7,0,23
BRDA:253,7,1,23
BRDA:262,8,0,23
BRDA:262,8,1,23
BRDA:281,9,0,0
BRDA:289,10,0,0
BRDA:297,11,0,0
BRDA:310,12,0,0
BRDA:363,13,0,0
BRDA:363,13,1,0
BRDA:372,14,0,0
BRDA:372,14,1,0
BRDA:392,15,0,0
BRDA:399,16,0,0
BRDA:416,17,0,0
BRDA:445,18,0,0
BRDA:455,19,0,0
BRDA:472,20,0,0
BRDA:472,21,0,0
BRDA:472,21,1,0
BRDA:521,22,0,0
BRDA:521,22,1,0
BRDA:521,23,0,0
BRDA:521,23,1,0
BRDA:545,24,0,0
BRDA:545,24,1,0
BRDA:554,25,0,0
BRDA:554,25,1,0
BRDA:613,26,0,0
BRDA:634,27,0,0
BRDA:671,28,0,0
BRDA:671,29,0,0
BRDA:671,29,1,0
BRDA:687,30,0,0
BRDA:687,31,0,0
BRDA:687,31,1,0
BRDA:746,32,0,0
BRDA:746,32,1,0
BRDA:748,33,0,0
BRDA:748,33,1,0
BRDA:761,34,0,0
BRDA:761,34,1,0
BRDA:761,35,0,0
BRDA:761,35,1,0
BRDA:788,36,0,0
BRDA:795,37,0,0
BRDA:795,37,1,0
BRDA:828,38,0,0
BRDA:828,38,1,4
BRDA:852,39,0,0
BRDA:852,39,1,0
BRDA:869,40,0,0
BRDA:869,40,1,0
BRDA:925,41,0,0
BRDA:925,41,1,0
BRDA:940,42,0,0
BRDA:940,42,1,0
BRDA:951,43,0,0
BRDA:951,43,1,0
BRDA:996,44,0,0
BRDA:996,44,1,0
BRDA:1007,45,0,0
BRDA:1024,46,0,0
BRDA:1024,46,1,0
BRDA:1074,47,0,0
BRDA:1080,48,0,0
BRDA:1142,49,0,0
BRDA:1156,50,0,0
BRDA:1156,50,1,0
BRDA:1158,51,0,0
BRDA:1158,51,1,0
BRDA:1169,52,0,0
BRDA:1169,52,1,0
BRDA:1174,53,0,0
BRDA:1284,54,0,0
BRDA:1284,54,1,0
BRDA:1288,55,0,0
BRDA:1288,55,1,0
BRDA:1291,56,0,0
BRDA:1291,56,1,0
BRDA:1461,57,0,0
BRDA:1461,57,1,0
BRDA:1480,58,0,0
BRDA:1484,59,0,0
BRDA:1491,60,0,0
BRDA:1534,61,0,0
BRDA:1545,62,0,0
BRDA:1690,63,0,0
BRDA:1717,64,0,0
BRDA:1717,65,0,0
BRDA:1717,65,1,0
BRDA:1792,66,0,0
BRDA:1792,66,1,0
BRDA:1847,67,0,0
BRDA:1847,67,1,0
BRDA:1848,68,0,0
BRDA:1848,68,1,0
BRDA:1850,69,0,0
BRDA:1850,70,0,0
BRDA:1850,70,1,0
BRDA:1860,71,0,0
BRDA:1860,72,0,0
BRDA:1860,72,1,0
BRDA:1871,73,0,0
BRDA:1878,74,0,0
BRDA:1878,74,1,0
BRDA:1885,75,0,0
BRDA:1885,75,1,0
BRDA:1888,76,0,0
BRDA:1888,76,1,0
BRDA:1977,77,0,0
BRDA:1977,77,1,0
BRDA:1981,78,0,0
BRDA:2038,79,0,0
BRDA:2038,79,1,0
BRDA:2039,80,0,0
BRDA:2039,80,1,0
BRDA:2041,81,0,0
BRDA:2041,82,0,0
BRDA:2041,82,1,0
BRDA:2051,83,0,0
BRDA:2051,84,0,0
BRDA:2051,84,1,0
BRDA:2062,85,0,0
BRDA:2069,86,0,0
BRDA:2069,86,1,0
BRDA:2079,87,0,0
BRDA:2079,87,1,0
BRDA:2082,88,0,0
BRDA:2082,88,1,0
BRDA:2100,89,0,0
BRDA:2130,90,0,0
BRDA:2130,90,1,0
BRDA:2143,91,0,0
BRDA:2143,91,1,0
BRDA:2146,92,0,0
BRDA:2146,92,1,0
BRDA:2150,93,0,0
BRDA:2150,93,1,0
BRDA:2153,94,0,0
BRDA:2153,94,1,0
BRDA:2154,95,0,0
BRDA:2154,95,1,0
BRDA:2158,96,0,0
BRDA:2161,97,0,0
BRDA:2161,97,1,0
BRDA:2186,98,0,0
BRDA:2186,98,1,0
BRDA:2203,99,0,0
BRDA:2219,100,0,0
BRDA:2253,101,0,0
BRDA:2253,101,1,0
BRDA:2263,102,0,0
BRDA:2263,102,1,0
BRDA:2266,103,0,0
BRDA:2266,103,1,0
BRDA:2315,104,0,0
BRDA:2315,104,1,0
BRDA:2316,105,0,0
BRDA:2316,105,1,0
BRDA:2318,106,0,0
BRDA:2318,107,0,0
BRDA:2318,107,1,0
BRDA:2328,108,0,0
BRDA:2328,109,0,0
BRDA:2328,109,1,0
BRDA:2339,110,0,0
BRDA:2346,111,0,0
BRDA:2346,111,1,0
BRDA:2426,112,0,0
BRDA:2426,112,1,0
BRDA:2436,113,0,0
BRDA:2440,114,0,0
BRDA:2452,115,0,0
BRDA:2452,115,1,0
BRDA:2455,116,0,0
BRDA:2455,116,1,0
BRDA:2473,117,0,0
BRDA:2519,118,0,0
BRDA:2519,118,1,0
BRDA:2520,119,0,0
BRDA:2520,119,1,0
BRDA:2522,120,0,0
BRDA:2522,121,0,0
BRDA:2522,121,1,0
BRDA:2532,122,0,0
BRDA:2532,123,0,0
BRDA:2532,123,1,0
BRDA:2543,124,0,0
BRDA:2550,125,0,0
BRDA:2550,125,1,0
BRDA:2579,126,0,0
BRDA:2579,126,1,0
BRDA:2592,127,0,0
BRDA:2592,127,1,0
BRDA:2595,128,0,0
BRDA:2595,128,1,0
BRDA:2599,129,0,0
BRDA:2599,129,1,0
BRDA:2602,130,0,0
BRDA:2602,130,1,0
BRDA:2603,131,0,0
BRDA:2603,131,1,0
BRDA:2607,132,0,0
BRDA:2610,133,0,0
BRDA:2610,133,1,0
BRDA:2635,134,0,0
BRDA:2635,134,1,0
BRDA:2650,135,0,0
BRDA:2666,136,0,0
BRDA:2694,137,0,0
BRDA:2706,138,0,0
BRDA:2725,139,0,0
BRDA:2725,139,1,0
BRDA:2761,140,0,0
BRDA:2761,140,1,0
BRDA:2762,141,0,0
BRDA:2762,141,1,0
BRDA:2764,142,0,0
BRDA:2765,143,0,0
BRDA:2765,143,1,0
BRDA:2766,144,0,0
BRDA:2766,144,1,0
BRDA:2772,145,0,0
BRDA:2794,146,0,0
BRDA:2794,147,0,0
BRDA:2794,147,1,0
BRDA:2801,148,0,0
BRDA:2801,148,1,0
BRDA:2831,149,0,0
BRDA:2831,149,1,0
BRDA:2838,150,0,0
BRDA:2845,151,0,0
BRDA:2845,151,1,0
BRDA:2852,152,0,0
BRDA:2852,152,1,0
BRDA:2855,153,0,0
BRDA:2855,153,1,0
BRDA:2893,154,0,0
BRDA:2893,154,1,0
BRDA:3031,155,0,0
BRDA:3031,155,1,0
BRDA:3035,156,0,0
BRDA:3050,157,0,0
BRDA:3067,158,0,0
BRDA:3075,159,0,0
BRDA:3076,160,0,0
BRDA:3076,160,1,0
BRDA:3168,161,0,0
BRDA:3168,161,1,0
BRDA:3172,162,0,0
BRDA:3173,163,0,0
BRDA:3173,163,1,0
BRDA:3191,164,0,0
BRDA:3207,165,0,0
BRDA:3213,166,0,0
BRDA:3221,167,0,0
BRDA:3222,168,0,0
BRDA:3222,168,1,0
BRDA:3230,169,0,0
BRDA:3304,170,0,0
BRDA:3304,170,1,0
BRDA:3305,171,0,0
BRDA:3305,171,1,0
BRDA:3307,172,0,0
BRDA:3316,173,0,0
BRDA:3316,173,1,0
BRDA:3319,174,0,0
BRDA:3321,175,0,0
BRDA:3321,175,1,0
BRDA:3325,176,0,0
BRDA:3348,177,0,0
BRDA:3348,177,1,0
BRDA:3415,178,0,0
BRDA:3415,178,1,0
BRDA:3416,179,0,0
BRDA:3416,179,1,0
BRDA:3418,180,0,0
BRDA:3427,181,0,0
BRDA:3427,181,1,0
BRDA:3430,182,0,0
BRDA:3432,183,0,0
BRDA:3432,183,1,0
BRDA:3461,184,0,0
BRDA:3461,184,1,0
BRDA:3528,185,0,0
BRDA:3528,185,1,0
BRDA:3529,186,0,0
BRDA:3529,186,1,0
BRDA:3531,187,0,0
BRDA:3540,188,0,0
BRDA:3540,188,1,0
BRDA:3543,189,0,0
BRDA:3545,190,0,0
BRDA:3545,190,1,0
BRDA:3571,191,0,0
BRDA:3571,191,1,0
BRDA:3617,192,0,0
BRDA:3655,193,0,0
BRDA:3655,193,1,0
BRDA:3669,194,0,0
BRDA:3715,195,0,0
BRDA:3715,195,1,0
BRDA:3777,196,0,0
BRDA:3777,196,1,0
BRDA:3792,197,0,0
BRDA:3839,198,0,0
BRDA:3840,199,0,0
BRDA:3840,199,1,0
BRDA:3847,200,0,0
BRDA:3847,200,1,0
BRDA:3855,201,0,0
BRDA:3872,202,0,0
BRDA:3872,202,1,0
BRDA:3892,203,0,0
BRDA:3894,204,0,0
BRDA:3894,204,1,0
BRDA:3920,205,0,0
BRDA:3922,206,0,0
BRDA:3962,207,0,0
BRDA:3966,208,0,0
BRDA:4051,209,0,0
BRDA:4052,210,0,0
BRDA:4052,210,1,0
BRDA:4070,211,0,0
BRDA:4071,212,0,0
BRDA:4071,212,1,0
BRDA:4089,213,0,0
BRDA:4108,214,0,0
BRDA:4121,215,0,0
BRDA:4121,215,1,0
BRDA:4127,216,0,0
BRDA:4151,217,0,0
BRDA:4151,217,1,0
BRDA:4165,218,0,0
BRDA:4165,219,0,0
BRDA:4165,219,1,0
BRDA:4182,220,0,0
BRDA:4182,220,1,0
BRDA:4238,221,0,0
BRDA:4280,222,0,0
BRDA:4280,222,1,0
BRDA:4281,223,0,0
BRDA:4281,223,1,0
BRDA:4295,224,0,0
BRDA:4295,224,1,0
BRDA:4297,225,0,0
BRDA:4319,226,0,0
BRDA:4321,227,0,0
BRDA:4321,227,1,0
BRDA:4323,228,0,0
BRDA:4342,229,0,0
BRDA:4355,230,0,0
BRDA:4368,231,0,0
BRDA:4443,232,0,0
BRDA:4559,233,0,0
BRDA:4560,234,0,0
BRDA:4560,234,1,0
BRDA:4570,235,0,0
BRDA:4570,235,1,0
BRDA:4570,235,2,0
BRDA:4570,235,3,0
BRDA:4589,236,0,0
BRDA:4611,237,0,0
BRDA:4611,237,1,0
BRDA:4618,238,0,0
BRDA:4618,238,1,0
BRDA:4636,239,0,0
BRDA:4636,239,1,0
BRDA:4654,240,0,0
BRDA:4656,241,0,0
BRDA:4656,241,1,0
BRDA:4682,242,0,0
BRDA:4684,243,0,0
BRDA:4712,244,0,0
BRDA:4712,244,1,0
BRDA:4714,245,0,0
BRDA:4716,246,0,0
BRDA:4716,246,1,0
BRDA:4742,247,0,0
BRDA:4755,248,0,0
BRDA:4755,248,1,0
BRDA:4770,249,0,0
BRDA:4791,250,0,0
BRDA:4794,251,0,0
BRDA:4798,252,0,0
BRDA:4798,253,0,0
BRDA:4798,253,1,0
BRDA:4833,254,0,0
BRDA:4835,255,0,0
BRDA:4835,255,1,0
BRDA:4872,256,0,0
BRDA:4872,256,1,0
BRDA:4873,257,0,0
BRDA:4873,257,1,0
BRDA:4877,258,0,0
BRDA:4883,259,0,0
BRDA:4883,259,1,0
BRDA:4884,260,0,0
BRDA:4884,260,1,0
BRDA:4897,261,0,0
BRDA:4909,262,0,0
BRDA:4909,262,1,0
BRDA:4951,263,0,0
BRDA:4957,264,0,0
BRDA:4957,264,1,0
BRDA:4961,265,0,0
BRDA:4967,266,0,0
BRDA:4967,266,1,0
BRDA:4968,267,0,0
BRDA:4972,268,0,0
BRDA:4996,269,0,0
BRDA:5000,270,0,0
BRDA:5002,271,0,0
BRDA:5002,271,1,0
BRDA:5011,272,0,0
BRDA:5011,272,1,0
BRDA:5011,273,0,0
BRDA:5011,273,1,0
BRDA:5016,274,0,0
BRDA:5055,275,0,0
BRDA:5055,276,0,0
BRDA:5055,276,1,0
BRDA:5079,277,0,0
BRDA:5079,278,0,0
BRDA:5079,278,1,0
BRDA:5084,279,0,0
BRDA:5084,279,1,0
BRDA:5092,280,0,0
BRDA:5092,280,1,0
BRDA:5099,281,0,0
BRDA:5102,282,0,0
BRDA:5102,283,0,0
BRDA:5102,283,1,0
BRDA:5111,284,0,0
BRDA:5111,284,1,0
BRDA:5159,285,0,0
BRDA:5159,286,0,0
BRDA:5159,286,1,0
BRDA:5183,287,0,0
BRDA:5183,288,0,0
BRDA:5183,288,1,0
BRDA:5188,289,0,0
BRDA:5188,289,1,0
BRDA:5196,290,0,0
BRDA:5196,290,1,0
BRDA:5252,291,0,0
BRDA:5255,292,0,0
BRDA:5256,293,0,0
BRDA:5256,293,1,0
BRDA:5269,294,0,0
BRDA:5269,294,1,0
BRDA:5272,295,0,0
BRDA:5272,295,1,0
BRDA:5339,296,0,0
BRDA:5339,296,1,0
BRDA:5349,297,0,0
BRDA:5349,298,0,0
BRDA:5349,298,1,0
BRDA:5376,299,0,0
BRDA:5376,300,0,0
BRDA:5376,300,1,0
BRDA:5413,301,0,0
BRDA:5413,301,1,0
BRDA:5413,302,0,0
BRDA:5413,302,1,0
BRDA:5445,303,0,0
BRDA:5445,303,1,0
BRDA:5446,304,0,0
BRDA:5446,304,1,0
BRDA:5453,305,0,0
BRDA:5453,305,1,0
BRDA:5456,306,0,0
BRDA:5456,306,1,0
BRDA:5458,307,0,0
BRDA:5458,307,1,0
BRDA:5458,308,0,0
BRDA:5458,308,1,0
BRDA:5467,309,0,0
BRDA:5467,309,1,0
BRDA:5529,310,0,0
BRDA:5569,311,0,0
BRDA:5571,312,0,0
BRDA:5571,312,1,0
BRDA:5586,313,0,0
BRDA:5611,314,0,0
BRDA:5611,315,0,0
BRDA:5611,315,1,0
BRDA:5619,316,0,0
BRDA:5619,316,1,0
BRDA:5633,317,0,0
BRDA:5633,317,1,0
BRDA:5644,318,0,0
BRDA:5645,319,0,0
BRDA:5679,320,0,0
BRDA:5679,320,1,0
BRDA:5701,321,0,0
BRDA:5701,321,1,0
BRDA:5702,322,0,0
BRDA:5702,322,1,0
BRDA:5705,323,0,0
BRDA:5712,324,0,0
BRDA:5712,324,1,0
BRDA:5731,325,0,0
BRDA:5731,325,1,0
BRDA:5732,326,0,0
BRDA:5732,326,1,0
BRF:519
BRH:6
end_of_record
TN:
SF:src/dlmm/constants/index.ts
FN:16,(anonymous_0)
FN:35,(anonymous_1)
FN:38,(anonymous_2)
FN:41,(anonymous_3)
FN:44,(anonymous_4)
FNF:5
FNH:5
FNDA:6,(anonymous_0)
FNDA:12,(anonymous_1)
FNDA:18,(anonymous_2)
FNDA:84,(anonymous_3)
FNDA:78,(anonymous_4)
DA:1,6
DA:2,6
DA:3,6
DA:5,6
DA:11,6
DA:16,6
DA:17,6
DA:18,6
DA:19,6
DA:20,6
DA:23,6
DA:24,6
DA:25,6
DA:27,6
DA:28,6
DA:29,6
DA:30,6
DA:32,6
DA:34,6
DA:35,12
DA:37,6
DA:38,18
DA:40,6
DA:41,84
DA:43,6
DA:44,78
DA:48,6
DA:52,6
DA:54,6
DA:56,6
DA:57,6
DA:59,6
DA:61,6
LF:33
LH:33
BRDA:16,0,0,6
BRDA:16,0,1,6
BRDA:35,1,0,6
BRDA:35,1,1,0
BRDA:38,2,0,6
BRDA:38,2,1,0
BRDA:41,3,0,6
BRDA:41,3,1,0
BRDA:44,4,0,6
BRDA:44,4,1,0
BRF:10
BRH:6
end_of_record
TN:
SF:src/dlmm/helpers/binArray.ts
FN:21,internalBitmapRange
FN:27,buildBitmapFromU64Arrays
FN:29,(anonymous_2)
FN:37,bitmapTypeDetail
FN:51,mostSignificantBit
FN:65,leastSignificantBit
FN:77,extensionBitmapRange
FN:88,findSetBit
FN:93,(anonymous_8)
FN:99,(anonymous_9)
FN:141,isOverflowDefaultBinArrayBitmap
FN:148,deriveBinArrayBitmapExtension
FN:158,binIdToBinArrayIndex
FN:163,getBinArrayLowerUpperBinId
FN:170,isBinIdWithinBinArray
FN:175,getBinFromBinArray
FN:189,findNextBinArrayIndexWithLiquidity
FN:300,findNextBinArrayWithLiquidity
FN:318,(anonymous_18)
FN:337,getBinArraysRequiredByPositionRange
FN:363,(anonymous_20)
FN:369,enumerateBins
FNF:22
FNH:1
FNDA:0,internalBitmapRange
FNDA:0,buildBitmapFromU64Arrays
FNDA:0,(anonymous_2)
FNDA:0,bitmapTypeDetail
FNDA:0,mostSignificantBit
FNDA:0,leastSignificantBit
FNDA:0,extensionBitmapRange
FNDA:0,findSetBit
FNDA:0,(anonymous_8)
FNDA:0,(anonymous_9)
FNDA:0,isOverflowDefaultBinArrayBitmap
FNDA:23,deriveBinArrayBitmapExtension
FNDA:0,binIdToBinArrayIndex
FNDA:0,getBinArrayLowerUpperBinId
FNDA:0,isBinIdWithinBinArray
FNDA:0,getBinFromBinArray
FNDA:0,findNextBinArrayIndexWithLiquidity
FNDA:0,findNextBinArrayWithLiquidity
FNDA:0,(anonymous_18)
FNDA:0,getBinArraysRequiredByPositionRange
FNDA:0,(anonymous_20)
FNDA:0,enumerateBins
DA:1,6
DA:2,6
DA:3,6
DA:4,6
DA:13,6
DA:17,6
DA:18,6
DA:22,0
DA:23,0
DA:24,0
DA:28,0
DA:30,0
DA:34,0
DA:38,0
DA:39,0
DA:44,0
DA:52,0
DA:53,0
DA:54,0
DA:57,0
DA:58,0
DA:59,0
DA:62,0
DA:66,0
DA:67,0
DA:69,0
DA:70,0
DA:71,0
DA:74,0
DA:78,0
DA:93,0
DA:94,0
DA:99,0
DA:100,0
DA:109,0
DA:110,0
DA:111,0
DA:112,0
DA:114,0
DA:117,0
DA:118,0
DA:119,0
DA:123,0
DA:124,0
DA:125,0
DA:127,0
DA:130,0
DA:131,0
DA:132,0
DA:137,0
DA:141,6
DA:142,0
DA:143,0
DA:148,6
DA:152,23
DA:158,6
DA:159,0
DA:160,0
DA:163,6
DA:164,0
DA:165,0
DA:167,0
DA:170,6
DA:171,0
DA:172,0
DA:175,6
DA:176,0
DA:178,0
DA:179,0
DA:180,0
DA:182,0
DA:183,0
DA:186,0
DA:189,6
DA:195,0
DA:196,0
DA:198,0
DA:199,0
DA:200,0
DA:201,0
DA:205,0
DA:207,0
DA:208,0
DA:209,0
DA:215,0
DA:216,0
DA:218,0
DA:221,0
DA:227,0
DA:228,0
DA:231,0
DA:235,0
DA:236,0
DA:242,0
DA:243,0
DA:246,0
DA:249,0
DA:255,0
DA:256,0
DA:258,0
DA:264,0
DA:265,0
DA:266,0
DA:268,0
DA:273,0
DA:274,0
DA:275,0
DA:277,0
DA:279,0
DA:280,0
DA:283,0
DA:286,0
DA:287,0
DA:288,0
DA:289,0
DA:290,0
DA:293,0
DA:300,6
DA:307,0
DA:314,0
DA:315,0
DA:318,0
DA:319,0
DA:321,0
DA:323,0
DA:326,0
DA:337,6
DA:343,0
DA:347,0
DA:348,0
DA:350,0
DA:351,0
DA:353,0
DA:354,0
DA:356,0
DA:357,0
DA:359,0
DA:360,0
DA:363,0
DA:369,6
DA:378,0
DA:379,0
DA:380,0
DA:381,0
DA:383,0
LF:145
LH:18
BRDA:38,0,0,0
BRDA:38,0,1,0
BRDA:53,1,0,0
BRDA:58,2,0,0
BRDA:66,3,0,0
BRDA:70,4,0,0
BRDA:94,5,0,0
BRDA:94,5,1,0
BRDA:100,6,0,0
BRDA:100,6,1,0
BRDA:109,7,0,0
BRDA:109,7,1,0
BRDA:114,8,0,0
BRDA:114,8,1,0
BRDA:118,9,0,0
BRDA:127,10,0,0
BRDA:127,10,1,0
BRDA:131,11,0,0
BRDA:144,12,0,0
BRDA:144,12,1,0
BRDA:160,13,0,0
BRDA:160,13,1,0
BRDA:160,14,0,0
BRDA:160,14,1,0
BRDA:172,15,0,0
BRDA:172,15,1,0
BRDA:179,16,0,0
BRDA:179,16,1,0
BRDA:199,17,0,0
BRDA:199,17,1,0
BRDA:200,18,0,0
BRDA:207,19,0,0
BRDA:207,19,1,0
BRDA:208,20,0,0
BRDA:208,20,1,0
BRDA:215,21,0,0
BRDA:215,21,1,0
BRDA:227,22,0,0
BRDA:227,22,1,0
BRDA:235,23,0,0
BRDA:235,23,1,0
BRDA:242,24,0,0
BRDA:242,24,1,0
BRDA:255,25,0,0
BRDA:255,25,1,0
BRDA:273,26,0,0
BRDA:273,26,1,0
BRDA:279,27,0,0
BRDA:279,27,1,0
BRDA:289,28,0,0
BRDA:289,28,1,0
BRDA:314,29,0,0
BRDA:321,30,0,0
BRDA:343,31,0,0
BRDA:343,31,1,0
BRDA:380,32,0,0
BRDA:380,32,1,0
BRF:57
BRH:0
end_of_record
TN:
SF:src/dlmm/helpers/computeUnit.ts
FN:9,(anonymous_0)
FNF:1
FNH:0
FNDA:0,(anonymous_0)
DA:1,6
DA:4,6
DA:6,6
DA:7,6
DA:9,6
DA:16,0
DA:24,0
DA:34,0
DA:40,0
DA:41,0
DA:42,0
DA:48,0
LF:12
LH:5
BRDA:14,0,0,0
BRDA:40,1,0,0
BRDA:41,2,0,0
BRDA:41,2,1,0
BRDA:48,3,0,0
BRDA:48,3,1,0
BRF:6
BRH:0
end_of_record
TN:
SF:src/dlmm/helpers/derive.ts
FN:7,sortTokenMints
FN:20,derivePresetParameter
FN:30,derivePresetParameter2
FN:45,deriveLbPair2
FN:69,deriveLbPair
FN:86,deriveCustomizablePermissionlessLbPair
FN:98,derivePermissionLbPair
FN:117,deriveOracle
FN:124,derivePosition
FN:151,deriveBinArray
FN:170,deriveReserve
FNF:11
FNH:0
FNDA:0,sortTokenMints
FNDA:0,derivePresetParameter
FNDA:0,derivePresetParameter2
FNDA:0,deriveLbPair2
FNDA:0,deriveLbPair
FNDA:0,deriveCustomizablePermissionlessLbPair
FNDA:0,derivePermissionLbPair
FNDA:0,deriveOracle
FNDA:0,derivePosition
FNDA:0,deriveBinArray
FNDA:0,deriveReserve
DA:2,6
DA:4,6
DA:9,0
DA:12,0
DA:20,6
DA:21,0
DA:30,6
DA:35,0
DA:45,6
DA:52,0
DA:53,0
DA:69,6
DA:75,0
DA:76,0
DA:86,6
DA:91,0
DA:92,0
DA:98,6
DA:105,0
DA:106,0
DA:117,6
DA:118,0
DA:124,6
DA:132,0
DA:133,0
DA:137,0
DA:139,0
DA:151,6
DA:157,0
DA:158,0
DA:162,0
DA:164,0
DA:170,6
DA:175,0
LF:34
LH:12
BRDA:9,0,0,0
BRDA:9,0,1,0
BRDA:132,1,0,0
BRDA:132,1,1,0
BRDA:157,2,0,0
BRDA:157,2,1,0
BRF:6
BRH:0
end_of_record
TN:
SF:src/dlmm/helpers/fee.ts
FN:12,getBaseFee
FN:16,getVariableFee
FN:32,getTotalFee
FN:43,computeFee
FN:59,computeFeeFromAmount
FN:72,computeProtocolFee
FN:78,swapExactOutQuoteAtBin
FN:142,swapExactInQuoteAtBin
FN:217,getAmountIn
FNF:9
FNH:0
FNDA:0,getBaseFee
FNDA:0,getVariableFee
FNDA:0,getTotalFee
FNDA:0,computeFee
FNDA:0,computeFeeFromAmount
FNDA:0,computeProtocolFee
FNDA:0,swapExactOutQuoteAtBin
FNDA:0,swapExactInQuoteAtBin
FNDA:0,getAmountIn
DA:1,6
DA:2,6
DA:9,6
DA:10,6
DA:12,6
DA:13,0
DA:16,6
DA:21,0
DA:22,0
DA:25,0
DA:27,0
DA:29,0
DA:32,6
DA:37,0
DA:40,0
DA:43,6
DA:49,0
DA:50,0
DA:52,0
DA:59,6
DA:65,0
DA:66,0
DA:72,6
DA:73,0
DA:78,6
DA:91,0
DA:92,0
DA:100,0
DA:101,0
DA:112,0
DA:113,0
DA:114,0
DA:116,0
DA:117,0
DA:120,0
DA:121,0
DA:122,0
DA:123,0
DA:130,0
DA:131,0
DA:132,0
DA:133,0
DA:142,6
DA:155,0
DA:156,0
DA:164,0
DA:165,0
DA:176,0
DA:177,0
DA:178,0
DA:180,0
DA:181,0
DA:184,0
DA:185,0
DA:192,0
DA:193,0
DA:194,0
DA:195,0
DA:196,0
DA:198,0
DA:199,0
DA:200,0
DA:202,0
DA:205,0
DA:206,0
DA:209,0
DA:218,0
DA:219,0
DA:221,0
LF:69
LH:12
BRDA:21,0,0,0
BRDA:40,1,0,0
BRDA:40,1,1,0
BRDA:91,2,0,0
BRDA:91,3,0,0
BRDA:91,3,1,0
BRDA:100,4,0,0
BRDA:100,5,0,0
BRDA:100,5,1,0
BRDA:112,6,0,0
BRDA:112,6,1,0
BRDA:120,7,0,0
BRDA:120,7,1,0
BRDA:155,8,0,0
BRDA:155,9,0,0
BRDA:155,9,1,0
BRDA:164,10,0,0
BRDA:164,11,0,0
BRDA:164,11,1,0
BRDA:176,12,0,0
BRDA:176,12,1,0
BRDA:192,13,0,0
BRDA:192,13,1,0
BRDA:202,14,0,0
BRDA:202,14,1,0
BRDA:218,15,0,0
BRDA:218,15,1,0
BRF:27
BRH:0
end_of_record
TN:
SF:src/dlmm/helpers/index.ts
FN:34,chunks
FN:36,(anonymous_5)
FN:40,range
FN:46,(anonymous_7)
FN:49,chunkedFetchMultiplePoolAccount
FN:56,(anonymous_9)
FN:65,chunkedFetchMultipleBinArrayBitmapExtensionAccount
FN:72,(anonymous_11)
FN:81,getOutAmount
FN:87,getTokenDecimals
FN:92,(anonymous_14)
FN:130,getTokenBalance
FN:138,(anonymous_16)
FN:148,(anonymous_17)
FN:173,(anonymous_18)
FN:195,chunkedGetMultipleAccountInfos
FN:202,(anonymous_20)
FN:219,(anonymous_21)
FN:259,(anonymous_22)
FN:270,(anonymous_23)
FNF:20
FNH:4
FNDA:46,chunks
FNDA:46,(anonymous_5)
FNDA:0,range
FNDA:0,(anonymous_7)
FNDA:0,chunkedFetchMultiplePoolAccount
FNDA:0,(anonymous_9)
FNDA:0,chunkedFetchMultipleBinArrayBitmapExtensionAccount
FNDA:0,(anonymous_11)
FNDA:0,getOutAmount
FNDA:0,getTokenDecimals
FNDA:0,(anonymous_14)
FNDA:0,getTokenBalance
FNDA:0,(anonymous_16)
FNDA:0,(anonymous_17)
FNDA:0,(anonymous_18)
FNDA:46,chunkedGetMultipleAccountInfos
FNDA:46,(anonymous_20)
FNDA:0,(anonymous_21)
FNDA:0,(anonymous_22)
FNDA:0,(anonymous_23)
DA:2,6
DA:14,6
DA:15,6
DA:23,6
DA:24,6
DA:26,6
DA:27,6
DA:28,6
DA:29,6
DA:30,6
DA:31,6
DA:32,6
DA:34,6
DA:35,46
DA:36,46
DA:40,6
DA:45,0
DA:46,0
DA:49,6
DA:54,0
DA:57,0
DA:62,0
DA:65,6
DA:70,0
DA:73,0
DA:78,0
DA:81,6
DA:82,0
DA:87,6
DA:88,0
DA:89,0
DA:92,6
DA:99,0
DA:105,0
DA:106,0
DA:108,0
DA:110,0
DA:114,0
DA:121,0
DA:124,0
DA:125,0
DA:130,6
DA:134,0
DA:135,0
DA:138,6
DA:139,0
DA:141,0
DA:142,0
DA:145,0
DA:148,6
DA:153,0
DA:173,6
DA:177,0
DA:182,0
DA:183,0
DA:190,0
DA:192,0
DA:195,6
DA:200,46
DA:203,46
DA:208,46
DA:219,6
DA:225,0
DA:226,0
DA:229,0
DA:231,0
DA:233,0
DA:240,0
DA:241,0
DA:242,0
DA:243,0
DA:244,0
DA:247,0
DA:259,6
DA:265,0
DA:271,0
DA:272,0
DA:275,0
LF:78
LH:31
BRDA:52,0,0,0
BRDA:68,1,0,0
BRDA:82,2,0,0
BRDA:82,2,1,0
BRDA:96,3,0,0
BRDA:97,4,0,0
BRDA:110,5,0,0
BRDA:110,5,1,0
BRDA:111,6,0,0
BRDA:111,6,1,0
BRDA:139,7,0,0
BRDA:175,8,0,0
BRDA:182,9,0,0
BRDA:198,10,0,46
BRDA:225,11,0,0
BRDA:241,12,0,0
BRDA:241,12,1,0
BRDA:243,13,0,0
BRF:18
BRH:1
end_of_record
TN:
SF:src/dlmm/helpers/lbPair.ts
FN:12,getTokensMintFromPoolAddress
FNF:1
FNH:0
FNDA:0,getTokensMintFromPoolAddress
DA:1,6
DA:2,6
DA:3,6
DA:4,6
DA:12,6
DA:19,0
DA:24,0
DA:30,0
DA:34,0
DA:36,0
LF:10
LH:5
BRDA:26,0,0,0
BRDA:26,0,1,0
BRDA:34,1,0,0
BRF:3
BRH:0
end_of_record
TN:
SF:src/dlmm/helpers/math.ts
FN:12,(anonymous_1)
FN:17,mulShr
FN:22,shlDiv
FN:27,mulDiv
FN:36,computeBaseFactorFromFeeBps
FN:60,getQPriceFromId
FN:66,findSwappableMinMaxBinId
FN:101,getC
FN:129,distributeAmountToCompressedBinsByRatio
FN:173,getPositionCount
FN:179,compressBinAmount
FN:200,generateAmountForBinRange
FN:236,generateBinAmount
FNF:13
FNH:1
FNDA:6,(anonymous_1)
FNDA:0,mulShr
FNDA:0,shlDiv
FNDA:0,mulDiv
FNDA:0,computeBaseFactorFromFeeBps
FNDA:0,getQPriceFromId
FNDA:0,findSwappableMinMaxBinId
FNDA:0,getC
FNDA:0,distributeAmountToCompressedBinsByRatio
FNDA:0,getPositionCount
FNDA:0,compressBinAmount
FNDA:0,generateAmountForBinRange
FNDA:0,generateBinAmount
DA:1,6
DA:2,6
DA:7,6
DA:8,6
DA:10,6
DA:12,6
DA:13,6
DA:14,6
DA:17,6
DA:18,0
DA:19,0
DA:22,6
DA:23,0
DA:24,0
DA:27,6
DA:28,0
DA:30,0
DA:31,0
DA:33,0
DA:36,6
DA:37,0
DA:39,0
DA:42,0
DA:43,0
DA:44,0
DA:45,0
DA:48,0
DA:49,0
DA:52,0
DA:53,0
DA:57,0
DA:60,6
DA:61,0
DA:62,0
DA:63,0
DA:66,6
DA:67,0
DA:68,0
DA:69,0
DA:71,0
DA:72,0
DA:74,0
DA:75,0
DA:77,0
DA:78,0
DA:79,0
DA:80,0
DA:82,0
DA:86,0
DA:87,0
DA:88,0
DA:89,0
DA:91,0
DA:95,0
DA:101,6
DA:111,0
DA:114,0
DA:117,0
DA:118,0
DA:122,0
DA:126,0
DA:129,6
DA:135,0
DA:136,0
DA:138,0
DA:139,0
DA:142,0
DA:144,0
DA:145,0
DA:149,0
DA:151,0
DA:152,0
DA:153,0
DA:156,0
DA:158,0
DA:160,0
DA:165,0
DA:167,0
DA:173,6
DA:174,0
DA:175,0
DA:176,0
DA:179,6
DA:180,0
DA:182,0
DA:183,0
DA:185,0
DA:186,0
DA:187,0
DA:189,0
DA:190,0
DA:191,0
DA:194,0
DA:200,6
DA:209,0
DA:210,0
DA:213,0
DA:216,0
DA:218,0
DA:219,0
DA:230,0
DA:233,0
DA:236,6
DA:246,0
DA:257,0
DA:268,0
LF:106
LH:20
BRDA:12,0,0,6
BRDA:12,0,1,6
BRDA:30,1,0,0
BRDA:30,2,0,0
BRDA:30,2,1,0
BRDA:43,3,0,0
BRDA:44,4,0,0
BRDA:48,5,0,0
BRDA:52,6,0,0
BRDA:79,7,0,0
BRDA:79,7,1,0
BRDA:79,8,0,0
BRDA:79,8,1,0
BRDA:88,9,0,0
BRDA:88,9,1,0
BRDA:88,10,0,0
BRDA:88,10,1,0
BRDA:152,11,0,0
BRF:18
BRH:2
end_of_record
TN:
SF:src/dlmm/helpers/strategy.ts
FN:14,toWeightSpotBalanced
FN:31,toWeightDecendingOrder
FN:48,toWeightAscendingOrder
FN:65,toWeightCurve
FN:107,toWeightBidAsk
FN:149,toAmountsBothSideByStrategy
FN:453,autoFillYByStrategy
FN:506,autoFillXByStrategy
FN:559,toStrategyParameters
FNF:9
FNH:0
FNDA:0,toWeightSpotBalanced
FNDA:0,toWeightDecendingOrder
FNDA:0,toWeightAscendingOrder
FNDA:0,toWeightCurve
FNDA:0,toWeightBidAsk
FNDA:0,toAmountsBothSideByStrategy
FNDA:0,autoFillYByStrategy
FNDA:0,autoFillXByStrategy
FNDA:0,toStrategyParameters
DA:1,6
DA:2,6
DA:3,6
DA:11,6
DA:12,6
DA:21,0
DA:22,0
DA:23,0
DA:28,0
DA:38,0
DA:39,0
DA:40,0
DA:45,0
DA:55,0
DA:56,0
DA:57,0
DA:62,0
DA:73,0
DA:74,0
DA:76,0
DA:77,0
DA:79,0
DA:81,0
DA:83,0
DA:85,0
DA:86,0
DA:87,0
DA:88,0
DA:92,0
DA:93,0
DA:98,0
DA:104,0
DA:115,0
DA:116,0
DA:118,0
DA:119,0
DA:121,0
DA:123,0
DA:125,0
DA:127,0
DA:128,0
DA:129,0
DA:130,0
DA:134,0
DA:135,0
DA:140,0
DA:146,0
DA:149,6
DA:164,0
DA:165,0
DA:167,0
DA:168,0
DA:169,0
DA:179,0
DA:180,0
DA:181,0
DA:182,0
DA:183,0
DA:185,0
DA:186,0
DA:193,0
DA:194,0
DA:195,0
DA:196,0
DA:197,0
DA:205,0
DA:206,0
DA:207,0
DA:212,0
DA:213,0
DA:220,0
DA:221,0
DA:222,0
DA:228,0
DA:229,0
DA:237,0
DA:241,0
DA:242,0
DA:243,0
DA:254,0
DA:255,0
DA:256,0
DA:266,0
DA:267,0
DA:268,0
DA:269,0
DA:270,0
DA:272,0
DA:273,0
DA:280,0
DA:281,0
DA:282,0
DA:283,0
DA:284,0
DA:292,0
DA:293,0
DA:294,0
DA:299,0
DA:300,0
DA:307,0
DA:308,0
DA:309,0
DA:315,0
DA:316,0
DA:324,0
DA:328,0
DA:329,0
DA:330,0
DA:341,0
DA:342,0
DA:343,0
DA:353,0
DA:354,0
DA:355,0
DA:356,0
DA:357,0
DA:359,0
DA:360,0
DA:367,0
DA:368,0
DA:369,0
DA:370,0
DA:371,0
DA:379,0
DA:380,0
DA:381,0
DA:386,0
DA:387,0
DA:394,0
DA:395,0
DA:396,0
DA:402,0
DA:403,0
DA:411,0
DA:414,0
DA:415,0
DA:426,0
DA:427,0
DA:438,0
DA:439,0
DA:453,6
DA:463,0
DA:467,0
DA:470,0
DA:471,0
DA:481,0
DA:482,0
DA:492,0
DA:493,0
DA:506,6
DA:516,0
DA:520,0
DA:523,0
DA:524,0
DA:534,0
DA:535,0
DA:545,0
DA:546,0
DA:559,6
DA:565,0
DA:566,0
DA:568,0
DA:576,0
DA:584,0
DA:593,0
DA:601,0
DA:609,0
LF:167
LH:9
BRDA:73,0,0,0
BRDA:73,1,0,0
BRDA:73,1,1,0
BRDA:81,2,0,0
BRDA:81,2,1,0
BRDA:83,3,0,0
BRDA:83,3,1,0
BRDA:87,4,0,0
BRDA:87,4,1,0
BRDA:92,5,0,0
BRDA:92,5,1,0
BRDA:115,6,0,0
BRDA:115,7,0,0
BRDA:115,7,1,0
BRDA:123,8,0,0
BRDA:123,8,1,0
BRDA:125,9,0,0
BRDA:125,9,1,0
BRDA:129,10,0,0
BRDA:129,10,1,0
BRDA:134,11,0,0
BRDA:134,11,1,0
BRDA:165,12,0,0
BRDA:165,12,1,0
BRDA:165,12,2,0
BRDA:165,12,3,0
BRDA:165,12,4,0
BRDA:165,12,5,0
BRDA:167,13,0,0
BRDA:167,14,0,0
BRDA:167,14,1,0
BRDA:180,15,0,0
BRDA:180,15,1,0
BRDA:181,16,0,0
BRDA:193,17,0,0
BRDA:205,18,0,0
BRDA:220,19,0,0
BRDA:241,20,0,0
BRDA:254,21,0,0
BRDA:267,22,0,0
BRDA:267,22,1,0
BRDA:268,23,0,0
BRDA:280,24,0,0
BRDA:292,25,0,0
BRDA:307,26,0,0
BRDA:328,27,0,0
BRDA:341,28,0,0
BRDA:354,29,0,0
BRDA:354,29,1,0
BRDA:355,30,0,0
BRDA:367,31,0,0
BRDA:379,32,0,0
BRDA:394,33,0,0
BRDA:463,34,0,0
BRDA:463,34,1,0
BRDA:463,34,2,0
BRDA:463,34,3,0
BRDA:463,34,4,0
BRDA:463,34,5,0
BRDA:516,35,0,0
BRDA:516,35,1,0
BRDA:516,35,2,0
BRDA:516,35,3,0
BRDA:516,35,4,0
BRDA:516,35,5,0
BRDA:565,36,0,0
BRDA:565,36,1,0
BRDA:566,37,0,0
BRDA:566,37,1,0
BRDA:566,37,2,0
BRDA:566,37,3,0
BRDA:566,37,4,0
BRDA:566,37,5,0
BRF:73
BRH:0
end_of_record
TN:
SF:src/dlmm/helpers/u64xu64_math.ts
FN:9,pow
FNF:1
FNH:0
FNDA:0,pow
DA:1,6
DA:2,6
DA:4,6
DA:6,6
DA:7,6
DA:9,6
DA:10,0
DA:12,0
DA:13,0
DA:16,0
DA:18,0
DA:19,0
DA:22,0
DA:23,0
DA:25,0
DA:26,0
DA:27,0
DA:30,0
DA:31,0
DA:34,0
DA:36,0
DA:37,0
DA:40,0
DA:42,0
DA:43,0
DA:46,0
DA:48,0
DA:49,0
DA:52,0
DA:54,0
DA:55,0
DA:58,0
DA:60,0
DA:61,0
DA:64,0
DA:66,0
DA:67,0
DA:70,0
DA:72,0
DA:73,0
DA:76,0
DA:78,0
DA:79,0
DA:82,0
DA:84,0
DA:85,0
DA:88,0
DA:90,0
DA:91,0
DA:94,0
DA:96,0
DA:97,0
DA:100,0
DA:102,0
DA:103,0
DA:106,0
DA:108,0
DA:109,0
DA:112,0
DA:114,0
DA:115,0
DA:118,0
DA:120,0
DA:121,0
DA:124,0
DA:126,0
DA:127,0
DA:130,0
DA:132,0
DA:133,0
DA:136,0
DA:138,0
DA:139,0
DA:142,0
DA:143,0
DA:146,0
DA:147,0
DA:150,0
LF:78
LH:6
BRDA:12,0,0,0
BRDA:16,1,0,0
BRDA:16,1,1,0
BRDA:18,2,0,0
BRDA:25,3,0,0
BRDA:30,4,0,0
BRDA:36,5,0,0
BRDA:42,6,0,0
BRDA:48,7,0,0
BRDA:54,8,0,0
BRDA:60,9,0,0
BRDA:66,10,0,0
BRDA:72,11,0,0
BRDA:78,12,0,0
BRDA:84,13,0,0
BRDA:90,14,0,0
BRDA:96,15,0,0
BRDA:102,16,0,0
BRDA:108,17,0,0
BRDA:114,18,0,0
BRDA:120,19,0,0
BRDA:126,20,0,0
BRDA:132,21,0,0
BRDA:138,22,0,0
BRDA:142,23,0,0
BRDA:146,24,0,0
BRF:26
BRH:0
end_of_record
TN:
SF:src/dlmm/helpers/weight.ts
FN:7,getPriceOfBinByBinId
FN:13,buildGaussianFromBins
FN:19,(anonymous_3)
FN:41,generateBinLiquidityAllocation
FN:46,(anonymous_5)
FN:49,(anonymous_6)
FN:51,(anonymous_7)
FN:55,computeAllocationBps
FN:76,toWeightDistribution
FN:89,(anonymous_10)
FN:113,(anonymous_11)
FN:122,(anonymous_12)
FN:127,calculateSpotDistribution
FN:139,(anonymous_14)
FN:144,(anonymous_15)
FN:162,(anonymous_16)
FN:163,(anonymous_17)
FN:174,(anonymous_18)
FN:205,calculateBidAskDistribution
FN:225,(anonymous_20)
FN:239,(anonymous_21)
FN:251,(anonymous_22)
FN:267,(anonymous_23)
FN:290,(anonymous_24)
FN:294,(anonymous_25)
FN:301,(anonymous_26)
FN:341,calculateNormalDistribution
FN:361,(anonymous_28)
FN:376,(anonymous_29)
FN:394,(anonymous_30)
FN:410,(anonymous_31)
FN:426,(anonymous_32)
FN:430,(anonymous_33)
FN:434,(anonymous_34)
FN:461,fromWeightDistributionToAmountOneSide
FN:475,fromWeightDistributionToAmount
FN:485,(anonymous_37)
FN:496,(anonymous_38)
FN:508,(anonymous_39)
FNF:39
FNH:0
FNDA:0,getPriceOfBinByBinId
FNDA:0,buildGaussianFromBins
FNDA:0,(anonymous_3)
FNDA:0,generateBinLiquidityAllocation
FNDA:0,(anonymous_5)
FNDA:0,(anonymous_6)
FNDA:0,(anonymous_7)
FNDA:0,computeAllocationBps
FNDA:0,toWeightDistribution
FNDA:0,(anonymous_10)
FNDA:0,(anonymous_11)
FNDA:0,(anonymous_12)
FNDA:0,calculateSpotDistribution
FNDA:0,(anonymous_14)
FNDA:0,(anonymous_15)
FNDA:0,(anonymous_16)
FNDA:0,(anonymous_17)
FNDA:0,(anonymous_18)
FNDA:0,calculateBidAskDistribution
FNDA:0,(anonymous_20)
FNDA:0,(anonymous_21)
FNDA:0,(anonymous_22)
FNDA:0,(anonymous_23)
FNDA:0,(anonymous_24)
FNDA:0,(anonymous_25)
FNDA:0,(anonymous_26)
FNDA:0,calculateNormalDistribution
FNDA:0,(anonymous_28)
FNDA:0,(anonymous_29)
FNDA:0,(anonymous_30)
FNDA:0,(anonymous_31)
FNDA:0,(anonymous_32)
FNDA:0,(anonymous_33)
FNDA:0,(anonymous_34)
FNDA:0,fromWeightDistributionToAmountOneSide
FNDA:0,fromWeightDistributionToAmount
FNDA:0,(anonymous_37)
FNDA:0,(anonymous_38)
FNDA:0,(anonymous_39)
DA:1,6
DA:2,6
DA:3,6
DA:4,6
DA:5,6
DA:7,6
DA:8,0
DA:9,0
DA:14,0
DA:15,0
DA:18,0
DA:19,0
DA:21,0
DA:22,0
DA:25,0
DA:26,0
DA:30,0
DA:33,0
DA:34,0
DA:35,0
DA:37,0
DA:46,0
DA:47,0
DA:49,0
DA:51,0
DA:59,0
DA:60,0
DA:62,0
DA:63,0
DA:64,0
DA:65,0
DA:68,0
DA:69,0
DA:76,6
DA:87,0
DA:88,0
DA:89,0
DA:90,0
DA:93,0
DA:98,0
DA:101,0
DA:102,0
DA:108,0
DA:109,0
DA:112,0
DA:114,0
DA:117,0
DA:122,0
DA:124,0
DA:127,6
DA:131,0
DA:132,0
DA:135,0
DA:138,0
DA:139,0
DA:144,0
DA:151,0
DA:152,0
DA:156,0
DA:159,0
DA:162,0
DA:163,0
DA:165,0
DA:166,0
DA:168,0
DA:169,0
DA:171,0
DA:172,0
DA:174,0
DA:175,0
DA:176,0
DA:177,0
DA:179,0
DA:180,0
DA:187,0
DA:188,0
DA:195,0
DA:196,0
DA:205,6
DA:213,0
DA:214,0
DA:216,0
DA:217,0
DA:219,0
DA:220,0
DA:223,0
DA:224,0
DA:225,0
DA:230,0
DA:231,0
DA:233,0
DA:237,0
DA:238,0
DA:239,0
DA:244,0
DA:246,0
DA:250,0
DA:252,0
DA:253,0
DA:254,0
DA:255,0
DA:256,0
DA:258,0
DA:259,0
DA:266,0
DA:268,0
DA:269,0
DA:270,0
DA:271,0
DA:273,0
DA:274,0
DA:275,0
DA:277,0
DA:278,0
DA:279,0
DA:280,0
DA:281,0
DA:282,0
DA:284,0
DA:289,0
DA:290,0
DA:293,0
DA:294,0
DA:298,0
DA:299,0
DA:301,0
DA:302,0
DA:303,0
DA:310,0
DA:311,0
DA:318,0
DA:319,0
DA:327,0
DA:328,0
DA:332,0
DA:333,0
DA:334,0
DA:338,0
DA:341,6
DA:349,0
DA:350,0
DA:352,0
DA:353,0
DA:355,0
DA:356,0
DA:359,0
DA:360,0
DA:361,0
DA:368,0
DA:370,0
DA:374,0
DA:375,0
DA:376,0
DA:383,0
DA:384,0
DA:386,0
DA:393,0
DA:395,0
DA:396,0
DA:397,0
DA:398,0
DA:399,0
DA:401,0
DA:402,0
DA:409,0
DA:411,0
DA:412,0
DA:413,0
DA:414,0
DA:416,0
DA:417,0
DA:418,0
DA:420,0
DA:425,0
DA:426,0
DA:429,0
DA:430,0
DA:434,0
DA:435,0
DA:436,0
DA:443,0
DA:444,0
DA:451,0
DA:452,0
DA:461,6
DA:468,0
DA:469,0
DA:471,0
DA:475,6
DA:485,0
DA:486,0
DA:489,0
DA:490,0
DA:494,0
DA:495,0
DA:496,0
DA:497,0
DA:506,0
DA:507,0
DA:508,0
DA:509,0
DA:516,0
LF:202
LH:12
BRDA:21,0,0,0
BRDA:21,0,1,0
BRDA:25,1,0,0
BRDA:25,1,1,0
BRDA:47,2,0,0
BRDA:47,2,1,0
BRDA:108,3,0,0
BRDA:131,4,0,0
BRDA:135,5,0,0
BRDA:135,5,1,0
BRDA:138,6,0,0
BRDA:138,6,1,0
BRDA:151,7,0,0
BRDA:151,7,1,0
BRDA:179,8,0,0
BRDA:187,9,0,0
BRDA:195,10,0,0
BRDA:223,11,0,0
BRDA:237,12,0,0
BRDA:253,13,0,0
BRDA:253,13,1,0
BRDA:255,14,0,0
BRDA:255,14,1,0
BRDA:269,15,0,0
BRDA:273,16,0,0
BRDA:277,17,0,0
BRDA:302,18,0,0
BRDA:310,19,0,0
BRDA:318,20,0,0
BRDA:327,21,0,0
BRDA:332,22,0,0
BRDA:359,23,0,0
BRDA:374,24,0,0
BRDA:396,25,0,0
BRDA:396,25,1,0
BRDA:398,26,0,0
BRDA:398,26,1,0
BRDA:412,27,0,0
BRDA:416,28,0,0
BRDA:435,29,0,0
BRDA:443,30,0,0
BRDA:451,31,0,0
BRDA:468,32,0,0
BRDA:468,32,1,0
BRDA:489,33,0,0
BRDA:494,34,0,0
BRDA:506,35,0,0
BRF:47
BRH:0
end_of_record
TN:
SF:src/dlmm/helpers/weightToAmounts.ts
FN:6,toAmountBidSide
FN:15,(anonymous_2)
FN:22,(anonymous_3)
FN:39,toAmountAskSide
FN:47,(anonymous_5)
FN:61,(anonymous_6)
FN:78,toAmountBothSide
FN:93,(anonymous_8)
FN:104,(anonymous_9)
FN:112,(anonymous_10)
FN:144,(anonymous_11)
FN:157,(anonymous_12)
FN:188,(anonymous_13)
FN:202,(anonymous_14)
FN:225,autoFillYByWeight
FN:232,(anonymous_16)
FN:264,(anonymous_17)
FN:280,(anonymous_18)
FN:296,autoFillXByWeight
FN:303,(anonymous_20)
FN:335,(anonymous_21)
FN:351,(anonymous_22)
FNF:22
FNH:0
FNDA:0,toAmountBidSide
FNDA:0,(anonymous_2)
FNDA:0,(anonymous_3)
FNDA:0,toAmountAskSide
FNDA:0,(anonymous_5)
FNDA:0,(anonymous_6)
FNDA:0,toAmountBothSide
FNDA:0,(anonymous_8)
FNDA:0,(anonymous_9)
FNDA:0,(anonymous_10)
FNDA:0,(anonymous_11)
FNDA:0,(anonymous_12)
FNDA:0,(anonymous_13)
FNDA:0,(anonymous_14)
FNDA:0,autoFillYByWeight
FNDA:0,(anonymous_16)
FNDA:0,(anonymous_17)
FNDA:0,(anonymous_18)
FNDA:0,autoFillXByWeight
FNDA:0,(anonymous_20)
FNDA:0,(anonymous_21)
FNDA:0,(anonymous_22)
DA:2,6
DA:3,6
DA:4,6
DA:6,6
DA:15,0
DA:16,0
DA:19,0
DA:20,0
DA:22,0
DA:23,0
DA:24,0
DA:29,0
DA:39,6
DA:47,0
DA:48,0
DA:49,0
DA:51,0
DA:52,0
DA:53,0
DA:57,0
DA:58,0
DA:61,0
DA:62,0
DA:63,0
DA:68,0
DA:69,0
DA:70,0
DA:78,6
DA:91,0
DA:92,0
DA:93,0
DA:94,0
DA:102,0
DA:103,0
DA:104,0
DA:105,0
DA:112,0
DA:113,0
DA:116,0
DA:117,0
DA:118,0
DA:119,0
DA:120,0
DA:121,0
DA:122,0
DA:123,0
DA:125,0
DA:126,0
DA:128,0
DA:129,0
DA:133,0
DA:134,0
DA:142,0
DA:143,0
DA:144,0
DA:145,0
DA:146,0
DA:148,0
DA:149,0
DA:150,0
DA:151,0
DA:154,0
DA:155,0
DA:156,0
DA:157,0
DA:158,0
DA:159,0
DA:160,0
DA:166,0
DA:167,0
DA:168,0
DA:169,0
DA:170,0
DA:177,0
DA:178,0
DA:179,0
DA:186,0
DA:187,0
DA:188,0
DA:189,0
DA:190,0
DA:192,0
DA:193,0
DA:194,0
DA:198,0
DA:199,0
DA:200,0
DA:202,0
DA:203,0
DA:204,0
DA:205,0
DA:211,0
DA:212,0
DA:213,0
DA:214,0
DA:225,6
DA:232,0
DA:233,0
DA:236,0
DA:237,0
DA:238,0
DA:239,0
DA:240,0
DA:241,0
DA:242,0
DA:243,0
DA:245,0
DA:246,0
DA:248,0
DA:249,0
DA:253,0
DA:254,0
DA:262,0
DA:263,0
DA:264,0
DA:265,0
DA:266,0
DA:268,0
DA:269,0
DA:270,0
DA:271,0
DA:274,0
DA:275,0
DA:276,0
DA:278,0
DA:279,0
DA:280,0
DA:281,0
DA:282,0
DA:284,0
DA:285,0
DA:286,0
DA:289,0
DA:290,0
DA:291,0
DA:296,6
DA:303,0
DA:304,0
DA:307,0
DA:308,0
DA:309,0
DA:310,0
DA:311,0
DA:312,0
DA:313,0
DA:314,0
DA:316,0
DA:317,0
DA:319,0
DA:320,0
DA:324,0
DA:325,0
DA:333,0
DA:334,0
DA:335,0
DA:336,0
DA:337,0
DA:339,0
DA:340,0
DA:341,0
DA:342,0
DA:345,0
DA:346,0
DA:347,0
DA:349,0
DA:350,0
DA:351,0
DA:352,0
DA:353,0
DA:355,0
DA:356,0
DA:357,0
DA:360,0
DA:361,0
DA:362,0
LF:175
LH:8
BRDA:16,0,0,0
BRDA:16,0,1,0
BRDA:19,1,0,0
BRDA:23,2,0,0
BRDA:23,2,1,0
BRDA:48,3,0,0
BRDA:48,3,1,0
BRDA:57,4,0,0
BRDA:62,5,0,0
BRDA:62,5,1,0
BRDA:91,6,0,0
BRDA:102,7,0,0
BRDA:116,8,0,0
BRDA:116,8,1,0
BRDA:121,9,0,0
BRDA:121,9,1,0
BRDA:121,10,0,0
BRDA:121,10,1,0
BRDA:128,11,0,0
BRDA:133,12,0,0
BRDA:145,13,0,0
BRDA:148,14,0,0
BRDA:156,15,0,0
BRDA:156,15,1,0
BRDA:158,16,0,0
BRDA:166,17,0,0
BRDA:189,18,0,0
BRDA:189,18,1,0
BRDA:200,19,0,0
BRDA:200,19,1,0
BRDA:203,20,0,0
BRDA:203,20,1,0
BRDA:236,21,0,0
BRDA:236,21,1,0
BRDA:241,22,0,0
BRDA:241,22,1,0
BRDA:241,23,0,0
BRDA:241,23,1,0
BRDA:248,24,0,0
BRDA:253,25,0,0
BRDA:265,26,0,0
BRDA:268,27,0,0
BRDA:274,28,0,0
BRDA:274,28,1,0
BRDA:281,29,0,0
BRDA:281,29,1,0
BRDA:289,30,0,0
BRDA:289,30,1,0
BRDA:307,31,0,0
BRDA:307,31,1,0
BRDA:312,32,0,0
BRDA:312,32,1,0
BRDA:312,33,0,0
BRDA:312,33,1,0
BRDA:319,34,0,0
BRDA:324,35,0,0
BRDA:336,36,0,0
BRDA:339,37,0,0
BRDA:345,38,0,0
BRDA:345,38,1,0
BRDA:352,39,0,0
BRDA:352,39,1,0
BRDA:360,40,0,0
BRDA:360,40,1,0
BRF:64
BRH:0
end_of_record
TN:
SF:src/dlmm/types/index.ts
FN:115,(anonymous_1)
FN:120,(anonymous_2)
FN:134,(anonymous_3)
FN:143,(anonymous_4)
FN:187,(anonymous_5)
FN:188,fromBin
FN:213,empty
FN:381,(anonymous_8)
FN:407,(anonymous_9)
FNF:9
FNH:7
FNDA:6,(anonymous_1)
FNDA:6,(anonymous_2)
FNDA:6,(anonymous_3)
FNDA:6,(anonymous_4)
FNDA:6,(anonymous_5)
FNDA:0,fromBin
FNDA:0,empty
FNDA:6,(anonymous_8)
FNDA:6,(anonymous_9)
DA:1,6
DA:9,6
DA:11,6
DA:12,6
DA:115,6
DA:116,6
DA:117,6
DA:120,6
DA:121,6
DA:122,6
DA:125,6
DA:134,6
DA:135,6
DA:136,6
DA:137,6
DA:138,6
DA:139,6
DA:140,6
DA:143,6
DA:144,6
DA:145,6
DA:187,6
DA:188,6
DA:196,0
DA:200,0
DA:213,6
DA:220,0
DA:224,0
DA:381,6
DA:382,6
DA:383,6
DA:399,6
DA:407,6
DA:408,6
DA:409,6
LF:35
LH:31
BRDA:115,0,0,6
BRDA:115,0,1,6
BRDA:120,1,0,6
BRDA:120,1,1,6
BRDA:134,2,0,6
BRDA:134,2,1,6
BRDA:143,3,0,6
BRDA:143,3,1,6
BRDA:187,4,0,6
BRDA:187,4,1,6
BRDA:381,5,0,6
BRDA:381,5,1,6
BRDA:407,6,0,6
BRDA:407,6,1,6
BRF:14
BRH:14
end_of_record
